            --------------------------------------------------------
                             AMBER SQM VERSION 19
 
                                     By
              Ross C. Walker, Michael F. Crowley, Scott Brozell,
                         Tim Giese, Andreas W. Goetz,
                        Tai-Sung Lee and David A. Case
 
            --------------------------------------------------------
 

--------------------------------------------------------------------------------
  QM CALCULATION INFO
--------------------------------------------------------------------------------

| QMMM: Citation for AMBER QMMM Run:
| QMMM: R.C. Walker, M.F. Crowley and D.A. Case, J. COMP. CHEM. 29:1019, 2008

QMMM: SINGLET STATE CALCULATION
QMMM: RHF CALCULATION, NO. OF DOUBLY OCCUPIED LEVELS = 18

| QMMM: *** Selected Hamiltonian *** 
| QMMM: AM1         

| QMMM: *** Parameter sets in use ***
| QMMM: C : M.J.S.DEWAR et al. JACS, 107, 3902, (1985)
| QMMM: O : M.J.S.DEWAR et al. JACS, 107, 3902, (1985)
| QMMM: H : M.J.S.DEWAR et al. JACS, 107, 3902, (1985)

| QMMM: *** SCF convergence criteria ***
| QMMM: Energy change                :  0.1D-09 kcal/mol
| QMMM: Error matrix |FP-PF|         :  0.1D+00 au
| QMMM: Density matrix change        :  0.5D-06
| QMMM: Maximum number of SCF cycles :     1000

| QMMM: *** Diagonalization Routine Information ***
| QMMM: Pseudo diagonalizations are allowed.
| QMMM: Auto diagonalization routine selection is in use.
| QMMM:
| QMMM: Timing diagonalization routines:
| QMMM:                              norbs =       32
| QMMM:    diag iterations used for timing =       20
| QMMM:
| QMMM:              Internal diag routine = 0.022813 seconds
| QMMM:                 Dspev diag routine = 0.083605 seconds
| QMMM:                Dspevd diag routine = 0.063723 seconds
| QMMM:                Dspevx diag routine = 0.099335 seconds
| QMMM:                 Dsyev diag routine = 0.082177 seconds
| QMMM:                Dsyevd diag routine = 0.059394 seconds
| QMMM:                Dsyevr diag routine = 0.046596 seconds
| QMMM:
| QMMM:                Pseudo diag routine = 0.014149 seconds
| QMMM:
| QMMM: Using internal diagonalization routine (diag_routine=1).

  QMMM: QM Region Cartesian Coordinates (*=link atom) 
  QMMM: QM_NO.   MM_NO.  ATOM         X         Y         Z
  QMMM:     1        1      C        0.7000   -1.1820    0.2610
  QMMM:     2        2      C       -0.7370   -1.1670   -0.2590
  QMMM:     3        3      O       -1.4200    0.0150    0.1840
  QMMM:     4        4      C       -0.7130    1.1840   -0.2550
  QMMM:     5        5      C        0.7260    1.1680    0.2610
  QMMM:     6        6      O        1.4080   -0.0140   -0.1840
  QMMM:     7        7      H        0.7200   -1.2030    1.3570
  QMMM:     8        8      H        1.2330   -2.0630   -0.1110
  QMMM:     9        9      H       -1.2860   -2.0360    0.1160
  QMMM:    10       10      H       -0.7580   -1.1920   -1.3540
  QMMM:    11       11      H       -0.7350    1.2140   -1.3510
  QMMM:    12       12      H       -1.2430    2.0630    0.1230
  QMMM:    13       13      H        0.7480    1.1900    1.3570
  QMMM:    14       14      H        1.2760    2.0370   -0.1120

--------------------------------------------------------------------------------
  RESULTS
--------------------------------------------------------------------------------

      iter         sqm energy              rms gradient
      ----    -------------------    -----------------------
xmin    10      -95.1518 kcal/mol        0.1313 kcal/(mol*A)
  ... geometry converged !
 
 Final MO eigenvalues (eV):
 -40.7024  -37.1165  -32.1066  -28.6848  -25.4168  -21.9719  -17.7650  -17.6678
 -16.5304  -16.3803  -16.1356  -14.5368  -13.5426  -12.7917  -12.4258  -11.6382
 -11.4162  -10.2039    2.8263    2.9421    3.5641    3.7644    3.8162    3.8860
   4.0799    4.2112    4.2929    4.4265    4.6142    4.6301    5.9964    6.0145


 Heat of formation   =        -95.15296009 kcal/mol  (       -4.12614198 eV)

 Total SCF energy    =     -29140.82514764 kcal/mol  (    -1263.64100202 eV)
 Electronic energy   =    -109783.89594446 kcal/mol  (    -4760.58696260 eV)
 Core-core repulsion =      80643.07079682 kcal/mol  (     3496.94596057 eV)
 
    Atomic Charges for Step       1 :
  Atom    Element       Mulliken Charge
     1      C                 -0.059
     2      C                 -0.059
     3      O                 -0.269
     4      C                 -0.059
     5      C                 -0.059
     6      O                 -0.269
     7      H                  0.081
     8      H                  0.112
     9      H                  0.112
    10      H                  0.081
    11      H                  0.081
    12      H                  0.112
    13      H                  0.081
    14      H                  0.112
 Total Mulliken Charge =      -0.000
 
                  X        Y        Z     TOTAL  
  QM DIPOLE    -0.000    0.000    0.000    0.000
 
 Final Structure

  QMMM: QM Region Cartesian Coordinates (*=link atom) 
  QMMM: QM_NO.   MM_NO.  ATOM         X         Y         Z
  QMMM:     1        1      C        0.6954   -1.1903    0.2674
  QMMM:     2        2      C       -0.7316   -1.1750   -0.2648
  QMMM:     3        3      O       -1.4096    0.0155    0.1258
  QMMM:     4        4      C       -0.7070    1.1924   -0.2627
  QMMM:     5        5      C        0.7203    1.1768    0.2690
  QMMM:     6        6      O        1.3982   -0.0137   -0.1212
  QMMM:     7        7      H        0.6967   -1.2720    1.3863
  QMMM:     8        8      H        1.2868   -2.0289   -0.1835
  QMMM:     9        9      H       -1.3404   -2.0016    0.1851
  QMMM:    10       10      H       -0.7350   -1.2552   -1.3838
  QMMM:    11       11      H       -0.7094    1.2751   -1.3814
  QMMM:    12       12      H       -1.2980    2.0307    0.1895
  QMMM:    13       13      H        0.7234    1.2569    1.3880
  QMMM:    14       14      H        1.3291    2.0034   -0.1808

           --------- Calculation Completed ----------

