            --------------------------------------------------------
                             AMBER SQM VERSION 19
 
                                     By
              Ross C. Walker, Michael F. Crowley, Scott Brozell,
                         Tim Giese, Andreas W. Goetz,
                        Tai-Sung Lee and David A. Case
 
            --------------------------------------------------------
 

--------------------------------------------------------------------------------
  QM CALCULATION INFO
--------------------------------------------------------------------------------

| QMMM: Citation for AMBER QMMM Run:
| QMMM: R.C. Walker, M.F. Crowley and D.A. Case, J. COMP. CHEM. 29:1019, 2008

QMMM: SINGLET STATE CALCULATION
QMMM: RHF CALCULATION, NO. OF DOUBLY OCCUPIED LEVELS = 28

| QMMM: *** Selected Hamiltonian *** 
| QMMM: AM1         

| QMMM: *** Parameter sets in use ***
| QMMM: O : M.J.S.DEWAR et al. JACS, 107, 3902, (1985)
| QMMM: C : M.J.S.DEWAR et al. JACS, 107, 3902, (1985)
| QMMM: H : M.J.S.DEWAR et al. JACS, 107, 3902, (1985)

| QMMM: *** SCF convergence criteria ***
| QMMM: Energy change                :  0.1D-09 kcal/mol
| QMMM: Error matrix |FP-PF|         :  0.1D+00 au
| QMMM: Density matrix change        :  0.5D-06
| QMMM: Maximum number of SCF cycles :     1000

| QMMM: *** Diagonalization Routine Information ***
| QMMM: Pseudo diagonalizations are allowed.
| QMMM: Auto diagonalization routine selection is in use.
| QMMM:
| QMMM: Timing diagonalization routines:
| QMMM:                              norbs =       50
| QMMM:    diag iterations used for timing =       20
| QMMM:
| QMMM:              Internal diag routine = 0.065448 seconds
| QMMM:                 Dspev diag routine = 0.236956 seconds
| QMMM:                Dspevd diag routine = 0.172527 seconds
| QMMM:                Dspevx diag routine = 0.273350 seconds
| QMMM:                 Dsyev diag routine = 0.244820 seconds
| QMMM:                Dsyevd diag routine = 0.174344 seconds
| QMMM:                Dsyevr diag routine = 0.113275 seconds
| QMMM:
| QMMM:                Pseudo diag routine = 0.049634 seconds
| QMMM:
| QMMM: Using internal diagonalization routine (diag_routine=1).

  QMMM: QM Region Cartesian Coordinates (*=link atom) 
  QMMM: QM_NO.   MM_NO.  ATOM         X         Y         Z
  QMMM:     1        1      O        3.9250    1.6310   -2.7440
  QMMM:     2        2      C        3.8620    0.2160   -2.5890
  QMMM:     3        3      C        2.4600   -0.1770   -2.1450
  QMMM:     4        4      C        2.2340   -1.6850   -2.0810
  QMMM:     5        5      O        3.0860   -2.4080   -1.1980
  QMMM:     6        6      C        3.0760   -2.0370    0.1760
  QMMM:     7        7      C        1.7230   -2.1080    0.8810
  QMMM:     8        8      C        1.0910   -3.4920    0.8550
  QMMM:     9        9      O       -0.1030   -3.4800    1.6360
  QMMM:    10       10      H        3.3290    1.8710   -3.4740
  QMMM:    11       11      H        4.1310   -0.2430   -3.5450
  QMMM:    12       12      H        4.6100   -0.0690   -1.8440
  QMMM:    13       13      H        2.2530    0.2880   -1.1750
  QMMM:    14       14      H        1.7310    0.2580   -2.8410
  QMMM:    15       15      H        1.1910   -1.8970   -1.8300
  QMMM:    16       16      H        2.3990   -2.1060   -3.0800
  QMMM:    17       17      H        3.7690   -2.7190    0.6800
  QMMM:    18       18      H        3.5040   -1.0340    0.2820
  QMMM:    19       19      H        1.8530   -1.7930    1.9240
  QMMM:    20       20      H        1.0210   -1.3890    0.4430
  QMMM:    21       21      H        0.8150   -3.7820   -0.1630
  QMMM:    22       22      H        1.7600   -4.2550    1.2640
  QMMM:    23       23      H        0.1590   -3.4890    2.5730

--------------------------------------------------------------------------------
  RESULTS
--------------------------------------------------------------------------------

      iter         sqm energy              rms gradient
      ----    -------------------    -----------------------
xmin    10     -170.6995 kcal/mol        0.4836 kcal/(mol*A)
xmin    20     -170.9008 kcal/mol        0.1544 kcal/(mol*A)
xmin    30     -170.9855 kcal/mol        0.0986 kcal/(mol*A)
  ... geometry converged !
 
 Final MO eigenvalues (eV):
 -39.9343  -38.4005  -37.8241  -33.3847  -32.1686  -27.3053  -25.7292  -23.1856
 -21.4778  -18.4832  -18.2004  -17.7432  -16.9193  -16.7945  -15.7944  -15.1595
 -14.8654  -14.4215  -14.1319  -14.1233  -13.0024  -12.4547  -12.0835  -11.9777
 -11.6848  -11.1960  -11.0416  -10.6295    2.7919    3.3620    3.4159    3.5615
   3.6127    3.7348    3.7368    4.0375    4.0431    4.1358    4.2246    4.2259
   4.3134    4.4402    4.4527    4.6780    4.7313    4.8081    4.8575    6.1756
   6.2391    6.2576

 Heat of formation   =       -170.98814705 kcal/mol  (       -7.41460245 eV)

 Total SCF energy    =     -44369.32643447 kcal/mol  (    -1923.99837104 eV)
 Electronic energy   =    -200590.50081685 kcal/mol  (    -8698.25683261 eV)
 Core-core repulsion =     156221.17438238 kcal/mol  (     6774.25846157 eV)
 
    Atomic Charges for Step       1 :
  Atom    Element       Mulliken Charge
     1      O                 -0.325
     2      C                 -0.021
     3      C                 -0.234
     4      C                 -0.023
     5      O                 -0.277
     6      C                 -0.023
     7      C                 -0.234
     8      C                 -0.022
     9      O                 -0.325
    10      H                  0.194
    11      H                  0.066
    12      H                  0.117
    13      H                  0.096
    14      H                  0.087
    15      H                  0.076
    16      H                  0.106
    17      H                  0.106
    18      H                  0.076
    19      H                  0.087
    20      H                  0.097
    21      H                  0.117
    22      H                  0.066
    23      H                  0.194
 Total Mulliken Charge =      -0.000
 
                  X        Y        Z     TOTAL  
  QM DIPOLE    -0.614    0.756    0.374    1.043
 
 Final Structure

  QMMM: QM Region Cartesian Coordinates (*=link atom) 
  QMMM: QM_NO.   MM_NO.  ATOM         X         Y         Z
  QMMM:     1        1      O        4.1453    1.4577   -2.6514
  QMMM:     2        2      C        3.8198    0.0815   -2.6484
  QMMM:     3        3      C        2.3998   -0.1582   -2.1670
  QMMM:     4        4      C        2.1025   -1.6364   -2.0127
  QMMM:     5        5      O        3.0132   -2.3241   -1.1669
  QMMM:     6        6      C        3.0473   -1.9000    0.1883
  QMMM:     7        7      C        1.7373   -2.0855    0.9278
  QMMM:     8        8      C        1.2501   -3.5219    0.8556
  QMMM:     9        9      O       -0.0481   -3.6611    1.3986
  QMMM:    10       10      H        3.5243    1.8976   -3.2437
  QMMM:    11       11      H        3.9643   -0.3540   -3.6731
  QMMM:    12       12      H        4.5582   -0.3857   -1.9411
  QMMM:    13       13      H        2.2460    0.3719   -1.1910
  QMMM:    14       14      H        1.6717    0.2772   -2.9003
  QMMM:    15       15      H        1.0529   -1.7801   -1.6406
  QMMM:    16       16      H        2.2245   -2.1684   -2.9971
  QMMM:    17       17      H        3.8479   -2.5533    0.6344
  QMMM:    18       18      H        3.3699   -0.8259    0.2439
  QMMM:    19       19      H        1.8879   -1.7893    1.9988
  QMMM:    20       20      H        0.9523   -1.4072    0.5026
  QMMM:    21       21      H        1.1487   -3.8488   -0.2152
  QMMM:    22       22      H        1.9680   -4.2050    1.3834
  QMMM:    23       23      H       -0.0049   -3.3801    2.3201

           --------- Calculation Completed ----------

