
################################################################################

 PACKMOL - Packing optimization for the automated generation of
 starting configurations for molecular dynamics simulations.
 
                                                              Version 20.2.2 

################################################################################

  Packmol must be run with: packmol < inputfile.inp 

  Userguide at: http://m3g.iqm.unicamp.br/packmol 

  Reading input file... (Control-C aborts)
  Seed for random number generator:      1234567
  Output file: output.pdb
  Reading coordinate file: MDAPMinput0.pdb
  Number of independent structures:            1
  The structures are: 
  Structure            1 :MDAPMinput0.pdb(          23  atoms)
  Maximum number of GENCAN loops for all molecule packing:          200
  Total number of restrictions:            1
  Distance tolerance:    2.0000000000000000     
  Warning: Type of residue numbering not set for structure            1
  Residue numbering set for structure            1 :           0
  Swap chains of molecules of structure            1 : F
  Number of molecules of type            1 :          469
  Total number of atoms:        10787
  Total number of molecules:          469
  Number of fixed molecules:            0
  Number of free molecules:          469
  Number of variables:         2814
  Total number of fixed atoms:            0
  Maximum internal distance of type            1 :    8.6752579212378471     
  All atoms must be within these coordinates: 
   x: [   -995.86066038806314      ,    1004.1393396119369       ] 
   y: [   -994.62205378418241      ,    1005.3779462158176       ] 
   z: [   -993.60000000000002      ,    1006.4000000000000       ] 
  If the system is larger than this, increase the sidemax parameter. 

################################################################################

  Building initial approximation ... 

################################################################################

  Adjusting initial point to fit the constraints 

--------------------------------------------------------------------------------

--------------------------------------------------------------------------------

  Molecules of type:            1

  Packing:|0                                                             100%|
          |******************************************************************|
          |*******

  Restraint-only function value:    5.2608722725541561E-004
  Maximum violation of the restraints:    4.7744552362259516E-004

--------------------------------------------------------------------------------

  Rescaling maximum and minimum coordinates... 
  Computing size of patches... 
  Add fixed molecules to permanent arrays... 
  Reseting center of mass... 

--------------------------------------------------------------------------------

  Setting initial trial coordinates ... 

--------------------------------------------------------------------------------

--------------------------------------------------------------------------------

  Molecules of type:            1
  Adjusting random positions to fit the constraints. 
  Packing:|0                                                             100%|
          |
  Restraint-only function value:    4.1242496898216636E-004
  Maximum violation of the restraints:    4.1242496898216636E-004

################################################################################

  Objective function at initial point:    1577.6600964072272     

################################################################################

  Packing molecules of type:            1

################################################################################


--------------------------------------------------------------------------------

  Starting GENCAN loop:            0
  Scaling radii by:    1.1000000000000001     

  Packing:|0                                                             100%|
          |*******

  Function value from last GENCAN loop: f = .81617E-02
  Best function value before: f = .15777E+04
  Improvement from best function value:    99.99 %
  Improvement from last loop:    99.99 %
  Maximum violation of target distance:     0.000000
  Maximum violation of the constraints: .81617E-02
  Current structure written to file: output.pdb
--------------------------------------------------------------------------------
  Packing solved for molecules of type           1
  Objective function value:    8.1617280079918936E-003
  Maximum violation of target distance:    0.0000000000000000     
  Max. constraint violation:    8.1617280079918936E-003
--------------------------------------------------------------------------------

################################################################################

  Packing all molecules together 

################################################################################


  Initial approximation is a solution. Nothing to do. 

  Solution written to file: output.pdb

################################################################################

                                 Success! 
              Final objective function value: .81617E-02
              Maximum violation of target distance:   0.000000
              Maximum violation of the constraints: .81617E-02

--------------------------------------------------------------------------------

              Please cite this work if Packmol was useful: 

           L. Martinez, R. Andrade, E. G. Birgin, J. M. Martinez, 
         PACKMOL: A package for building initial configurations for
                   molecular dynamics simulations. 
          Journal of Computational Chemistry, 30:2157-2164,2009.

################################################################################

   Running time:   0.105356000      seconds. 

--------------------------------------------------------------------------------


