============================================================================
| ACPYPE: AnteChamber PYthon Parser interfacE v. 2023.10.27 (c) 2024 AWSdS |
============================================================================
DEBUG: CLI: -s 86400 -i methanol.mol -c bcc -n 0 -m 1 -a gaff2 -f -o gmx -k qm_theory='AM1', grms_tol=0.05, scfconv=1.d-10, ndiis_attempts=700, 
DEBUG: Python Version 3.11.3 | packaged by conda-forge | (main, Apr 6 2023, 08:58:31) [Clang 14.0.6 ]
DEBUG: Max execution time tolerance is 1d
DEBUG: /Users/amano/anaconda3/envs/dieltools/bin/antechamber -dr no -i methanol.mol -fi mdl -o tmp -fo ac -pf y
DEBUG: 
Welcome to antechamber 22.0: molecular input file processor.

Info: The atom type is set to gaff; the options available to the -at flag are
 gaff, gaff2, amber, bcc, and sybyl.


DEBUG: setResNameCheckCoords done
DEBUG: Net charge drift '0.000000'
==> ... charge set to 0
==> Executing Antechamber...
DEBUG: /Users/amano/anaconda3/envs/dieltools/bin/antechamber -dr no -i methanol.mol -fi mdl -o methanol_bcc_gaff2.mol2 -fo mol2 -c bcc -nc 0 -m 1 -s 2 -df 2 -at gaff2 -pf n -ek "qm_theory='AM1', grms_tol=0.05, scfconv=1.d-10, ndiis_attempts=700, "
DEBUG: No file left to be removed
==> * Antechamber OK *
DEBUG: /Users/amano/anaconda3/envs/dieltools/bin/parmchk2 -i methanol_bcc_gaff2.mol2 -f mol2 -o methanol_AC.frcmod -s 2
==> * Parmchk OK *
DEBUG: No crd or prm files left to be removed
==> Executing Tleap...
DEBUG: /Users/amano/anaconda3/envs/dieltools/bin/tleap -f tleap.in
DEBUG: ++++++++++start_quote+++++++++++++++++++++++++++++++++++++++++++++++++++++++++++
DEBUG: Checking 'MOL'....
Checking parameters for unit 'MOL'.
Checking for bond parameters.
Checking for angle parameters.
Unit is OK.
DEBUG: ++++++++++end_quote+++++++++++++++++++++++++++++++++++++++++++++++++++++++++++++
==> * Tleap OK *
==> Removing temporary files...
DEBUG: prmtop and inpcrd files loaded
DEBUG: basename defined = 'methanol'
DEBUG: getCoords done
DEBUG: getABCOEFs done
DEBUG: charge to be balanced: total 0.0000000022
DEBUG: balanceCharges done
DEBUG: Balanced TotalCharge -0.0000000000
DEBUG: PBC = None
DEBUG: getAtoms done
DEBUG: getBonds done
DEBUG: getAngles done
DEBUG: getDihedrals done
==> Using OpenBabel v.3.1.0

==> Writing GROMACS files

==> Disambiguating lower and uppercase atomtypes in GMX top file, even if identical.

DEBUG: writing GRO file
DEBUG: Box size estimated
DEBUG: writing POSRE file
DEBUG: atomTypes 4
DEBUG: GMX atomtypes done
DEBUG: atoms 6
DEBUG: GMX atoms done
DEBUG: bonds 5
DEBUG: GMX bonds done
DEBUG: atomPairs 3
DEBUG: GMX pairs done
DEBUG: angles 7
DEBUG: GMX angles done
DEBUG: setProperDihedralsCoef done
DEBUG: properDihedralsCoefRB 3
DEBUG: properDihedralsAlphaGamma 0
DEBUG: properDihedralsGmx45 3
==> Writing GMX dihedrals for GMX 4.5 and higher.

DEBUG: GMX special proper dihedrals done
DEBUG: improperDihedrals 0
DEBUG: GMX improper dihedrals done
==> Writing pickle file methanol.pkl
==> Removing temporary files...
Total time of execution: less than a second
DEBUG: No tmp folder left to be removed
