            --------------------------------------------------------
                             AMBER SQM VERSION 19
 
                                     By
              Ross C. Walker, Michael F. Crowley, Scott Brozell,
                         Tim Giese, Andreas W. Goetz,
                        Tai-Sung Lee and David A. Case
 
            --------------------------------------------------------
 

--------------------------------------------------------------------------------
  QM CALCULATION INFO
--------------------------------------------------------------------------------

| QMMM: Citation for AMBER QMMM Run:
| QMMM: R.C. Walker, M.F. Crowley and D.A. Case, J. COMP. CHEM. 29:1019, 2008

QMMM: SINGLET STATE CALCULATION
QMMM: RHF CALCULATION, NO. OF DOUBLY OCCUPIED LEVELS = 28

| QMMM: *** Selected Hamiltonian *** 
| QMMM: AM1         

| QMMM: *** Parameter sets in use ***
| QMMM: O : M.J.S.DEWAR et al. JACS, 107, 3902, (1985)
| QMMM: C : M.J.S.DEWAR et al. JACS, 107, 3902, (1985)
| QMMM: H : M.J.S.DEWAR et al. JACS, 107, 3902, (1985)

| QMMM: *** SCF convergence criteria ***
| QMMM: Energy change                :  0.1D-09 kcal/mol
| QMMM: Error matrix |FP-PF|         :  0.1D+00 au
| QMMM: Density matrix change        :  0.5D-06
| QMMM: Maximum number of SCF cycles :     1000

| QMMM: *** Diagonalization Routine Information ***
| QMMM: Pseudo diagonalizations are allowed.
| QMMM: Auto diagonalization routine selection is in use.
| QMMM:
| QMMM: Timing diagonalization routines:
| QMMM:                              norbs =       50
| QMMM:    diag iterations used for timing =       20
| QMMM:
| QMMM:              Internal diag routine = 0.005535 seconds
| QMMM:                 Dspev diag routine = 0.010501 seconds
| QMMM:                Dspevd diag routine = 0.007171 seconds
| QMMM:                Dspevx diag routine = 0.024495 seconds
| QMMM:                 Dsyev diag routine = 0.007371 seconds
| QMMM:                Dsyevd diag routine = 0.005861 seconds
| QMMM:                Dsyevr diag routine = 0.005957 seconds
| QMMM:
| QMMM:                Pseudo diag routine = 0.001881 seconds
| QMMM:
| QMMM: Using internal diagonalization routine (diag_routine=1).

  QMMM: QM Region Cartesian Coordinates (*=link atom) 
  QMMM: QM_NO.   MM_NO.  ATOM         X         Y         Z
  QMMM:     1        1      O        2.9830   -2.3140    2.3270
  QMMM:     2        2      C        2.2960   -1.2190    1.7370
  QMMM:     3        3      C        0.8480   -1.0810    2.2470
  QMMM:     4        4      C        0.0450   -2.3450    1.9570
  QMMM:     5        5      O        0.7950   -0.8520    3.6710
  QMMM:     6        6      C        1.1770    0.4790    4.0410
  QMMM:     7        7      C        0.9890    0.7060    5.5470
  QMMM:     8        8      C       -0.4770    0.6770    5.9800
  QMMM:     9        9      O        1.6940   -0.2960    6.2790
  QMMM:    10       10      H        2.9970   -2.1440    3.2890
  QMMM:    11       11      H        2.8850   -0.3150    1.9340
  QMMM:    12       12      H        2.2980   -1.3700    0.6450
  QMMM:    13       13      H        0.3710   -0.2440    1.7280
  QMMM:    14       14      H        0.2270   -3.1200    2.7080
  QMMM:    15       15      H       -1.0240   -2.1170    1.9960
  QMMM:    16       16      H        0.2650   -2.7490    0.9660
  QMMM:    17       17      H        2.2370    0.6140    3.8090
  QMMM:    18       18      H        0.5900    1.2110    3.4730
  QMMM:    19       19      H        1.4110    1.6790    5.8150
  QMMM:    20       20      H       -0.9210   -0.3140    5.8420
  QMMM:    21       21      H       -0.5520    0.9030    7.0500
  QMMM:    22       22      H       -1.0700    1.4140    5.4310
  QMMM:    23       23      H        1.3420   -1.1510    5.9650

--------------------------------------------------------------------------------
  RESULTS
--------------------------------------------------------------------------------

      iter         sqm energy              rms gradient
      ----    -------------------    -----------------------
xmin    10     -167.3636 kcal/mol        1.0401 kcal/(mol*A)
xmin    20     -167.6551 kcal/mol        0.1983 kcal/(mol*A)
xmin    30     -167.7375 kcal/mol        0.2219 kcal/(mol*A)
xmin    40     -167.7763 kcal/mol        0.4565 kcal/(mol*A)
xmin    50     -167.8531 kcal/mol        0.1432 kcal/(mol*A)
xmin    60     -167.9062 kcal/mol        0.0592 kcal/(mol*A)
xmin    70     -168.0305 kcal/mol        0.2044 kcal/(mol*A)
  ... geometry converged !
 
 Final MO eigenvalues (eV):
 -40.4890  -38.4080  -36.9156  -33.0418  -31.6035  -27.5530  -26.8635  -22.6053
 -22.2714  -18.4541  -17.9773  -17.8284  -16.7244  -16.2274  -15.5991  -15.1800
 -14.9511  -14.1088  -13.4418  -13.2731  -13.1671  -12.9115  -12.6502  -12.3211
 -11.8241  -11.3857  -11.0886  -10.4894    2.3822    3.3896    3.4401    3.5438
   3.5993    3.7664    3.8232    3.9469    4.0275    4.0596    4.2679    4.3763
   4.4645    4.5476    4.6030    4.6986    4.7677    4.9218    4.9390    5.8454
   6.2863    6.5048

 Heat of formation   =       -168.04642941 kcal/mol  (       -7.28704000 eV)

 Total SCF energy    =     -44366.38471683 kcal/mol  (    -1923.87080859 eV)
 Electronic energy   =    -210313.73115602 kcal/mol  (    -9119.88773930 eV)
 Core-core repulsion =     165947.34643920 kcal/mol  (     7196.01693071 eV)
 
    Atomic Charges for Step       1 :
  Atom    Element       Mulliken Charge
     1      O                 -0.323
     2      C                 -0.046
     3      C                 -0.006
     4      C                 -0.211
     5      O                 -0.293
     6      C                 -0.063
     7      C                  0.030
     8      C                 -0.247
     9      O                 -0.328
    10      H                  0.215
    11      H                  0.061
    12      H                  0.110
    13      H                  0.082
    14      H                  0.098
    15      H                  0.088
    16      H                  0.082
    17      H                  0.080
    18      H                  0.079
    19      H                  0.115
    20      H                  0.091
    21      H                  0.090
    22      H                  0.082
    23      H                  0.213
 Total Mulliken Charge =      -0.000
 
                  X        Y        Z     TOTAL  
  QM DIPOLE    -1.948    2.021   -1.484    3.175
 
 Final Structure

  QMMM: QM Region Cartesian Coordinates (*=link atom) 
  QMMM: QM_NO.   MM_NO.  ATOM         X         Y         Z
  QMMM:     1        1      O        2.8923   -2.0664    3.0459
  QMMM:     2        2      C        2.3516   -1.3185    1.9793
  QMMM:     3        3      C        0.8519   -1.0499    2.1572
  QMMM:     4        4      C        0.0287   -2.2861    1.8480
  QMMM:     5        5      O        0.5746   -0.7277    3.5248
  QMMM:     6        6      C        0.9620    0.5943    3.8916
  QMMM:     7        7      C        1.0481    0.6039    5.4235
  QMMM:     8        8      C       -0.3308    0.5772    6.0524
  QMMM:     9        9      O        1.8441   -0.4823    5.8664
  QMMM:    10       10      H        2.6417   -1.6186    3.8680
  QMMM:    11       11      H        2.9071   -0.3472    1.8768
  QMMM:    12       12      H        2.5274   -1.9444    1.0645
  QMMM:    13       13      H        0.5412   -0.1940    1.4970
  QMMM:    14       14      H        0.4192   -3.1563    2.4287
  QMMM:    15       15      H       -1.0388   -2.1185    2.1253
  QMMM:    16       16      H        0.0963   -2.5122    0.7579
  QMMM:    17       17      H        1.9616    0.8476    3.4519
  QMMM:    18       18      H        0.1908    1.3195    3.5254
  QMMM:    19       19      H        1.6183    1.5187    5.7516
  QMMM:    20       20      H       -0.9080   -0.3008    5.6732
  QMMM:    21       21      H       -0.2412    0.4967    7.1620
  QMMM:    22       22      H       -0.8873    1.5097    5.7986
  QMMM:    23       23      H        1.3552   -1.2924    5.6670

           --------- Calculation Completed ----------

