            --------------------------------------------------------
                             AMBER SQM VERSION 19
 
                                     By
              Ross C. Walker, Michael F. Crowley, Scott Brozell,
                         Tim Giese, Andreas W. Goetz,
                        Tai-Sung Lee and David A. Case
 
            --------------------------------------------------------
 

--------------------------------------------------------------------------------
  QM CALCULATION INFO
--------------------------------------------------------------------------------

| QMMM: Citation for AMBER QMMM Run:
| QMMM: R.C. Walker, M.F. Crowley and D.A. Case, J. COMP. CHEM. 29:1019, 2008

QMMM: SINGLET STATE CALCULATION
QMMM: RHF CALCULATION, NO. OF DOUBLY OCCUPIED LEVELS = 76

| QMMM: *** Selected Hamiltonian *** 
| QMMM: AM1         

| QMMM: *** Parameter sets in use ***
| QMMM: C : M.J.S.DEWAR et al. JACS, 107, 3902, (1985)
| QMMM: O : M.J.S.DEWAR et al. JACS, 107, 3902, (1985)
| QMMM: H : M.J.S.DEWAR et al. JACS, 107, 3902, (1985)

| QMMM: *** SCF convergence criteria ***
| QMMM: Energy change                :  0.1D-09 kcal/mol
| QMMM: Error matrix |FP-PF|         :  0.1D+00 au
| QMMM: Density matrix change        :  0.5D-06
| QMMM: Maximum number of SCF cycles :     1000

| QMMM: *** Diagonalization Routine Information ***
| QMMM: Pseudo diagonalizations are allowed.
| QMMM: Auto diagonalization routine selection is in use.
| QMMM:
| QMMM: Timing diagonalization routines:
| QMMM:                              norbs =      134
| QMMM:    diag iterations used for timing =       10
| QMMM:
| QMMM:              Internal diag routine = 0.047524 seconds
| QMMM:                 Dspev diag routine = 0.020235 seconds
| QMMM:                Dspevd diag routine = 0.021926 seconds
| QMMM:                Dspevx diag routine = 0.103102 seconds
| QMMM:                 Dsyev diag routine = 0.025149 seconds
| QMMM:                Dsyevd diag routine = 0.011037 seconds
| QMMM:                Dsyevr diag routine = 0.026227 seconds
| QMMM:
| QMMM:                Pseudo diag routine = 0.018583 seconds
| QMMM: Pseudo diagonalization appears to be slower than regular
| QMMM: diagonalization. Setting pseudo_diag=0 for optimum performance.
| QMMM:
| QMMM: Using dsyevd routine (diag_routine=6).

  QMMM: QM Region Cartesian Coordinates (*=link atom) 
  QMMM: QM_NO.   MM_NO.  ATOM         X         Y         Z
  QMMM:     1        1      C       -0.8780    0.6840    2.5060
  QMMM:     2        2      C       -1.0700   -0.8010    2.8350
  QMMM:     3        3      O       -0.4450   -1.6980    1.9140
  QMMM:     4        4      C        0.9720   -1.5700    1.7780
  QMMM:     5        5      C        1.7750   -1.9760    3.0240
  QMMM:     6        6      O        1.5770   -3.3190    3.4750
  QMMM:     7        7      C        1.8440   -4.3710    2.5420
  QMMM:     8        8      C        3.3110   -4.4590    2.0930
  QMMM:     9        9      O        3.5990   -5.5270    1.1880
  QMMM:    10       10      C        2.8750   -5.5930   -0.0430
  QMMM:    11       11      C        2.9290   -4.3340   -0.9160
  QMMM:    12       12      O        2.5090   -4.5090   -2.2690
  QMMM:    13       13      C        1.1730   -4.9360   -2.5290
  QMMM:    14       14      C        0.0690   -3.9730   -2.0830
  QMMM:    15       15      O       -1.2290   -4.2700   -2.6150
  QMMM:    16       16      C       -1.7720   -5.5690   -2.3650
  QMMM:    17       17      C       -1.9340   -5.9090   -0.8820
  QMMM:    18       18      O       -2.5580   -7.1650   -0.6170
  QMMM:    19       19      C       -1.9100   -8.3380   -1.1100
  QMMM:    20       20      C       -0.4740   -8.5370   -0.6120
  QMMM:    21       21      O        0.0960   -9.7910   -0.9970
  QMMM:    22       22      C        0.3830   -9.8840   -2.4010
  QMMM:    23       23      C        1.2430  -11.1230   -2.6450
  QMMM:    24       24      O        0.5360  -12.2960   -2.2510
  QMMM:    25       25      O       -1.2430    0.9870    1.1630
  QMMM:    26       26      H        0.1640    0.9880    2.6400
  QMMM:    27       27      H       -1.4900    1.2990    3.1740
  QMMM:    28       28      H       -0.7470   -1.0210    3.8570
  QMMM:    29       29      H       -2.1410   -1.0300    2.7820
  QMMM:    30       30      H        1.2460   -2.2060    0.9400
  QMMM:    31       31      H        1.2320   -0.5520    1.4740
  QMMM:    32       32      H        2.8450   -1.8120    2.8460
  QMMM:    33       33      H        1.5040   -1.3310    3.8640
  QMMM:    34       34      H        1.5820   -5.3090    3.0410
  QMMM:    35       35      H        1.1600   -4.2900    1.6960
  QMMM:    36       36      H        3.6710   -3.5190    1.6650
  QMMM:    37       37      H        3.9290   -4.6260    2.9810
  QMMM:    38       38      H        3.3110   -6.4260   -0.6060
  QMMM:    39       39      H        1.8390   -5.8860    0.1640
  QMMM:    40       40      H        2.3710   -3.5120   -0.4650
  QMMM:    41       41      H        3.9720   -3.9940   -0.9620
  QMMM:    42       42      H        1.0970   -5.0570   -3.6170
  QMMM:    43       43      H        1.0210   -5.9360   -2.1140
  QMMM:    44       44      H        0.0110   -3.9020   -0.9940
  QMMM:    45       45      H        0.3180   -2.9630   -2.4330
  QMMM:    46       46      H       -2.7620   -5.5980   -2.8390
  QMMM:    47       47      H       -1.1760   -6.3190   -2.8950
  QMMM:    48       48      H       -0.9790   -5.8600   -0.3500
  QMMM:    49       49      H       -2.5630   -5.1390   -0.4170
  QMMM:    50       50      H       -2.5100   -9.1930   -0.7790
  QMMM:    51       51      H       -1.9650   -8.3500   -2.2040
  QMMM:    52       52      H        0.1800   -7.7260   -0.9420
  QMMM:    53       53      H       -0.4690   -8.4990    0.4830
  QMMM:    54       54      H       -0.5590   -9.9790   -2.9440
  QMMM:    55       55      H        0.9220   -8.9910   -2.7330
  QMMM:    56       56      H        1.4910  -11.2130   -3.7050
  QMMM:    57       57      H        2.1700  -11.0820   -2.0650
  QMMM:    58       58      H        0.2530  -12.1330   -1.3300
  QMMM:    59       59      H       -2.0110    0.4360    0.9310

--------------------------------------------------------------------------------
  RESULTS
--------------------------------------------------------------------------------

      iter         sqm energy              rms gradient
      ----    -------------------    -----------------------
xmin    10     -436.9852 kcal/mol        0.4489 kcal/(mol*A)
xmin    20     -437.7615 kcal/mol        0.2676 kcal/(mol*A)
xmin    30     -438.1054 kcal/mol        0.1554 kcal/(mol*A)
xmin    40     -438.2976 kcal/mol        0.2110 kcal/(mol*A)
xmin    50     -438.4892 kcal/mol        0.1464 kcal/(mol*A)
xmin    60     -438.5650 kcal/mol        0.2975 kcal/(mol*A)
xmin    70     -438.7261 kcal/mol        0.0656 kcal/(mol*A)
xmin    80     -438.7905 kcal/mol        0.1811 kcal/(mol*A)
  ... geometry converged !
 
 Final MO eigenvalues (eV):
 -40.8748  -40.5356  -40.1514  -39.6738  -39.1410  -38.6354  -38.2353  -37.4880
 -37.1760  -31.8791  -31.6679  -31.2666  -30.8005  -30.3770  -29.9782  -29.5560
 -29.1797  -26.0560  -25.4439  -24.7184  -24.0376  -23.4818  -22.8055  -21.9980
 -21.2391  -18.9426  -18.9121  -18.7091  -18.5579  -18.4426  -18.1522  -17.9699
 -17.8701  -17.7850  -17.3507  -17.2589  -17.0401  -16.7740  -16.6544  -16.3965
 -16.1990  -16.0366  -15.8265  -15.6650  -15.5771  -15.4863  -15.3381  -15.1457
 -14.8837  -14.5535  -14.5150  -14.1093  -13.8985  -13.6122  -13.5439  -13.3617
 -13.3085  -13.1839  -12.9753  -12.7944  -12.5914  -12.5451  -12.4279  -12.1657
 -12.0462  -11.9247  -11.8412  -11.7152  -11.6441  -11.3943  -11.1549  -11.1290
 -10.8587  -10.6300  -10.3995  -10.3309    2.1728    2.2636    2.3963    2.5571
   2.7009    2.8602    2.9705    3.1590    3.2557    3.2832    3.3540    3.3652
   3.3801    3.3894    3.4464    3.4609    3.5004    3.5354    3.5556    3.5797
   3.5880    3.6053    3.6164    3.6716    3.7144    3.7180    3.7726    3.7940
   3.8222    3.8279    3.9525    3.9934    4.0445    4.1229    4.1463    4.1586
   4.1888    4.2165    4.2591    4.2755    4.3359    4.3427    4.3494    4.3750
   4.4034    4.4199    4.4586    4.4721    4.5690    5.6749    5.7640    5.7881
   5.8664    5.9034    5.9720    6.0308    6.2442    6.3087

 Heat of formation   =       -438.80460975 kcal/mol  (      -19.02799574 eV)

 Total SCF energy    =    -124600.45339677 kcal/mol  (    -5403.08110649 eV)
 Electronic energy   =    -932784.39869106 kcal/mol  (   -40448.56678770 eV)
 Core-core repulsion =     808183.94529429 kcal/mol  (    35045.48568121 eV)
 
    Atomic Charges for Step       1 :
  Atom    Element       Mulliken Charge
     1      C                 -0.055
     2      C                 -0.068
     3      O                 -0.274
     4      C                 -0.063
     5      C                 -0.061
     6      O                 -0.260
     7      C                 -0.060
     8      C                 -0.063
     9      O                 -0.258
    10      C                 -0.061
    11      C                 -0.062
    12      O                 -0.258
    13      C                 -0.062
    14      C                 -0.063
    15      O                 -0.257
    16      C                 -0.061
    17      C                 -0.061
    18      O                 -0.259
    19      C                 -0.063
    20      C                 -0.051
    21      O                 -0.281
    22      C                 -0.069
    23      C                 -0.018
    24      O                 -0.326
    25      O                 -0.327
    26      H                  0.097
    27      H                  0.076
    28      H                  0.094
    29      H                  0.110
    30      H                  0.100
    31      H                  0.102
    32      H                  0.077
    33      H                  0.109
    34      H                  0.119
    35      H                  0.080
    36      H                  0.067
    37      H                  0.122
    38      H                  0.120
    39      H                  0.064
    40      H                  0.068
    41      H                  0.123
    42      H                  0.123
    43      H                  0.064
    44      H                  0.070
    45      H                  0.123
    46      H                  0.126
    47      H                  0.066
    48      H                  0.064
    49      H                  0.125
    50      H                  0.124
    51      H                  0.071
    52      H                  0.067
    53      H                  0.122
    54      H                  0.080
    55      H                  0.076
    56      H                  0.109
    57      H                  0.078
    58      H                  0.213
    59      H                  0.211
 Total Mulliken Charge =      -0.000
 
                  X        Y        Z     TOTAL  
  QM DIPOLE     1.487    1.195    1.093    2.199
 
 Final Structure

  QMMM: QM Region Cartesian Coordinates (*=link atom) 
  QMMM: QM_NO.   MM_NO.  ATOM         X         Y         Z
  QMMM:     1        1      C       -1.5515   -0.2739    3.1750
  QMMM:     2        2      C       -1.1796   -1.7370    2.9566
  QMMM:     3        3      O       -0.3443   -1.9143    1.8208
  QMMM:     4        4      C        0.9481   -1.3344    1.9268
  QMMM:     5        5      C        1.8036   -1.9258    3.0383
  QMMM:     6        6      O        1.6927   -3.3328    3.1878
  QMMM:     7        7      C        1.9715   -4.0936    2.0230
  QMMM:     8        8      C        3.4151   -3.9254    1.5641
  QMMM:     9        9      O        3.8201   -4.9414    0.6593
  QMMM:    10       10      C        3.0710   -5.0193   -0.5431
  QMMM:    11       11      C        3.1012   -3.7175   -1.3346
  QMMM:    12       12      O        2.7391   -3.8974   -2.6948
  QMMM:    13       13      C        1.4550   -4.4601   -2.9140
  QMMM:    14       14      C        0.3380   -3.6314   -2.2917
  QMMM:    15       15      O       -0.9401   -3.9776   -2.8006
  QMMM:    16       16      C       -1.3285   -5.3289   -2.6049
  QMMM:    17       17      C       -1.3174   -5.7367   -1.1355
  QMMM:    18       18      O       -2.1505   -6.8634   -0.9077
  QMMM:    19       19      C       -1.6201   -8.1008   -1.3604
  QMMM:    20       20      C       -0.5328   -8.6129   -0.4192
  QMMM:    21       21      O       -0.3914  -10.0216   -0.5181
  QMMM:    22       22      C        0.2865  -10.4492   -1.6988
  QMMM:    23       23      C        0.3140  -11.9737   -1.6406
  QMMM:    24       24      O       -0.9861  -12.5193   -1.7057
  QMMM:    25       25      O       -1.4796    0.4942    1.9904
  QMMM:    26       26      H       -0.8369    0.2259    3.8834
  QMMM:    27       27      H       -2.5902   -0.2083    3.5977
  QMMM:    28       28      H       -0.6924   -2.1638    3.8712
  QMMM:    29       29      H       -2.0901   -2.3442    2.6979
  QMMM:    30       30      H        1.4039   -1.5449    0.9196
  QMMM:    31       31      H        0.8575   -0.2245    2.0744
  QMMM:    32       32      H        2.8763   -1.6435    2.8638
  QMMM:    33       33      H        1.4770   -1.5381    4.0425
  QMMM:    34       34      H        1.7839   -5.1532    2.3478
  QMMM:    35       35      H        1.2555   -3.8174    1.2032
  QMMM:    36       36      H        3.5668   -2.9148    1.1003
  QMMM:    37       37      H        4.1199   -4.0483    2.4314
  QMMM:    38       38      H        3.5779   -5.8415   -1.1186
  QMMM:    39       39      H        2.0125   -5.3185   -0.3162
  QMMM:    40       40      H        2.4320   -2.9519   -0.8580
  QMMM:    41       41      H        4.1500   -3.3163   -1.3910
  QMMM:    42       42      H        1.3586   -4.4724   -4.0341
  QMMM:    43       43      H        1.4286   -5.5128   -2.5248
  QMMM:    44       44      H        0.3459   -3.7321   -1.1731
  QMMM:    45       45      H        0.4507   -2.5482   -2.5708
  QMMM:    46       46      H       -2.3772   -5.3628   -3.0095
  QMMM:    47       47      H       -0.6718   -6.0051   -3.2130
  QMMM:    48       48      H       -0.2710   -5.9395   -0.7855
  QMMM:    49       49      H       -1.7765   -4.9281   -0.5033
  QMMM:    50       50      H       -2.5040   -8.7955   -1.3409
  QMMM:    51       51      H       -1.2361   -8.0123   -2.4090
  QMMM:    52       52      H        0.4463   -8.1039   -0.6179
  QMMM:    53       53      H       -0.8356   -8.4446    0.6501
  QMMM:    54       54      H       -0.2719  -10.0977   -2.6052
  QMMM:    55       55      H        1.3286  -10.0361   -1.7101
  QMMM:    56       56      H        0.8468  -12.3781   -2.5420
  QMMM:    57       57      H        0.8312  -12.3125   -0.7040
  QMMM:    58       58      H       -1.4813  -12.1558   -0.9598
  QMMM:    59       59      H       -1.7537   -0.0729    1.2578

           --------- Calculation Completed ----------

