            --------------------------------------------------------
                             AMBER SQM VERSION 19
 
                                     By
              Ross C. Walker, Michael F. Crowley, Scott Brozell,
                         Tim Giese, Andreas W. Goetz,
                        Tai-Sung Lee and David A. Case
 
            --------------------------------------------------------
 

--------------------------------------------------------------------------------
  QM CALCULATION INFO
--------------------------------------------------------------------------------

| QMMM: Citation for AMBER QMMM Run:
| QMMM: R.C. Walker, M.F. Crowley and D.A. Case, J. COMP. CHEM. 29:1019, 2008

QMMM: SINGLET STATE CALCULATION
QMMM: RHF CALCULATION, NO. OF DOUBLY OCCUPIED LEVELS = 52

| QMMM: *** Selected Hamiltonian *** 
| QMMM: AM1         

| QMMM: *** Parameter sets in use ***
| QMMM: O : M.J.S.DEWAR et al. JACS, 107, 3902, (1985)
| QMMM: C : M.J.S.DEWAR et al. JACS, 107, 3902, (1985)
| QMMM: H : M.J.S.DEWAR et al. JACS, 107, 3902, (1985)

| QMMM: *** SCF convergence criteria ***
| QMMM: Energy change                :  0.1D-09 kcal/mol
| QMMM: Error matrix |FP-PF|         :  0.1D+00 au
| QMMM: Density matrix change        :  0.5D-06
| QMMM: Maximum number of SCF cycles :     1000

| QMMM: *** Diagonalization Routine Information ***
| QMMM: Pseudo diagonalizations are allowed.
| QMMM: Auto diagonalization routine selection is in use.
| QMMM:
| QMMM: Timing diagonalization routines:
| QMMM:                              norbs =       94
| QMMM:    diag iterations used for timing =       15
| QMMM:
| QMMM:              Internal diag routine = 0.246337 seconds
| QMMM:                 Dspev diag routine = 0.891314 seconds
| QMMM:                Dspevd diag routine = 0.449612 seconds
| QMMM:                Dspevx diag routine = 0.947513 seconds
| QMMM:                 Dsyev diag routine = 0.899605 seconds
| QMMM:                Dsyevd diag routine = 0.458080 seconds
| QMMM:                Dsyevr diag routine = 0.330196 seconds
| QMMM:
| QMMM:                Pseudo diag routine = 0.241275 seconds
| QMMM:
| QMMM: Using internal diagonalization routine (diag_routine=1).

  QMMM: QM Region Cartesian Coordinates (*=link atom) 
  QMMM: QM_NO.   MM_NO.  ATOM         X         Y         Z
  QMMM:     1        1      O        2.6590   -0.5440    6.2570
  QMMM:     2        2      C        1.7810    0.5040    6.6670
  QMMM:     3        3      C        0.6480    0.7310    5.6560
  QMMM:     4        4      C       -0.3710    1.7410    6.1660
  QMMM:     5        5      O        1.1400    0.9310    4.3220
  QMMM:     6        6      C        1.4440    2.2380    3.8400
  QMMM:     7        7      C        2.9200    2.6890    3.9640
  QMMM:     8        8      C        3.9310    1.6980    3.3820
  QMMM:     9        9      O        3.1580    4.0280    3.4580
  QMMM:    10       10      C        2.8160    4.2660    2.0820
  QMMM:    11       11      C        2.9920    5.7680    1.7120
  QMMM:    12       12      C        4.4650    6.1750    1.6120
  QMMM:    13       13      O        2.4110    6.1050    0.4430
  QMMM:    14       14      C        0.9900    6.0190    0.3310
  QMMM:    15       15      C        0.2210    6.9730    1.2570
  QMMM:    16       16      C        0.5770    8.4410    1.0220
  QMMM:    17       17      O       -1.1850    6.7650    1.1070
  QMMM:    18       18      H       -1.5110    7.3440    0.3960
  QMMM:    19       19      H        2.1270   -1.2000    5.7720
  QMMM:    20       20      H        1.3650    0.2210    7.6400
  QMMM:    21       21      H        2.3810    1.4050    6.8020
  QMMM:    22       22      H        0.1170   -0.2300    5.5820
  QMMM:    23       23      H        0.0560    2.7470    6.2620
  QMMM:    24       24      H       -1.2330    1.8000    5.4920
  QMMM:    25       25      H       -0.7410    1.4470    7.1540
  QMMM:    26       26      H        1.1890    2.1920    2.7740
  QMMM:    27       27      H        0.7770    3.0000    4.2550
  QMMM:    28       28      H        3.1400    2.7470    5.0340
  QMMM:    29       29      H        4.0090    1.7640    2.2930
  QMMM:    30       30      H        4.9300    1.9210    3.7750
  QMMM:    31       31      H        3.6930    0.6640    3.6490
  QMMM:    32       32      H        3.4120    3.6470    1.4110
  QMMM:    33       33      H        1.7680    4.0070    1.9410
  QMMM:    34       34      H        2.5500    6.3820    2.5050
  QMMM:    35       35      H        4.8370    6.0910    0.5840
  QMMM:    36       36      H        4.5690    7.2340    1.8810
  QMMM:    37       37      H        5.1140    5.5990    2.2750
  QMMM:    38       38      H        0.7440    6.2610   -0.7110
  QMMM:    39       39      H        0.6560    4.9860    0.4610
  QMMM:    40       40      H        0.4480    6.7210    2.2970
  QMMM:    41       41      H       -0.2610    9.0150    0.6140
  QMMM:    42       42      H        0.8540    8.9080    1.9740
  QMMM:    43       43      H        1.4340    8.5590    0.3520

--------------------------------------------------------------------------------
  RESULTS
--------------------------------------------------------------------------------

      iter         sqm energy              rms gradient
      ----    -------------------    -----------------------
xmin    10     -263.3429 kcal/mol        1.0064 kcal/(mol*A)
xmin    20     -265.1580 kcal/mol        0.3385 kcal/(mol*A)
xmin    30     -266.4329 kcal/mol        0.2357 kcal/(mol*A)
xmin    40     -266.6095 kcal/mol        0.1387 kcal/(mol*A)
xmin    50     -267.3858 kcal/mol        0.8438 kcal/(mol*A)
xmin    60     -268.0526 kcal/mol        0.2390 kcal/(mol*A)
  ... geometry converged !
 
 Final MO eigenvalues (eV):
 -40.6453  -40.0457  -39.0415  -37.9849  -37.2499  -33.8119  -32.8599  -31.8418
 -31.2600  -27.8350  -27.5174  -27.0416  -26.8137  -23.3830  -22.8492  -21.8241
 -21.1284  -18.8203  -18.3607  -18.0458  -17.8272  -17.3997  -17.1143  -16.4886
 -16.2535  -15.9912  -15.7342  -15.5875  -15.2510  -14.9488  -14.5433  -14.4430
 -14.0475  -13.8786  -13.7467  -13.5113  -13.1123  -13.0424  -12.9749  -12.9204
 -12.7136  -12.5263  -12.4030  -12.1553  -11.9884  -11.8354  -11.7061  -11.6397
 -11.3490  -10.9326  -10.4214  -10.2772    2.2303    2.5980    3.0995    3.3013
   3.3773    3.4190    3.5688    3.5938    3.6423    3.6925    3.7215    3.7496
   3.7868    3.8516    3.9191    3.9837    4.0020    4.1242    4.1707    4.2247
   4.2476    4.2847    4.3264    4.4227    4.4539    4.5302    4.5673    4.5944
   4.6228    4.6905    4.7482    4.7898    4.8171    4.8408    4.8500    4.8697
   5.0639    5.9053    6.0490    6.1898    6.2762    6.3208

 Heat of formation   =       -268.16901282 kcal/mol  (      -11.62868101 eV)

 Total SCF energy    =     -80685.88555085 kcal/mol  (    -3498.80254763 eV)
 Electronic energy   =    -518965.95035385 kcal/mol  (   -22504.05231143 eV)
 Core-core repulsion =     438280.06480300 kcal/mol  (    19005.24976380 eV)
 
    Atomic Charges for Step       1 :
  Atom    Element       Mulliken Charge
     1      O                 -0.326
     2      C                 -0.051
     3      C                 -0.013
     4      C                 -0.242
     5      O                 -0.281
     6      C                 -0.058
     7      C                  0.004
     8      C                 -0.240
     9      O                 -0.279
    10      C                 -0.050
    11      C                  0.023
    12      C                 -0.211
    13      O                 -0.272
    14      C                 -0.057
    15      C                 -0.005
    16      C                 -0.243
    17      O                 -0.324
    18      H                  0.196
    19      H                  0.208
    20      H                  0.111
    21      H                  0.073
    22      H                  0.126
    23      H                  0.081
    24      H                  0.093
    25      H                  0.089
    26      H                  0.094
    27      H                  0.094
    28      H                  0.117
    29      H                  0.079
    30      H                  0.088
    31      H                  0.096
    32      H                  0.084
    33      H                  0.071
    34      H                  0.097
    35      H                  0.087
    36      H                  0.082
    37      H                  0.096
    38      H                  0.101
    39      H                  0.083
    40      H                  0.120
    41      H                  0.072
    42      H                  0.088
    43      H                  0.098
 Total Mulliken Charge =      -0.000
 
                  X        Y        Z     TOTAL  
  QM DIPOLE    -1.662    0.643   -1.754    2.501
 
 Final Structure

  QMMM: QM Region Cartesian Coordinates (*=link atom) 
  QMMM: QM_NO.   MM_NO.  ATOM         X         Y         Z
  QMMM:     1        1      O        2.8550    0.3854    6.7026
  QMMM:     2        2      C        1.7230    1.2301    6.6684
  QMMM:     3        3      C        0.6862    0.7389    5.6567
  QMMM:     4        4      C       -0.5975    1.5345    5.7500
  QMMM:     5        5      O        1.2362    0.7023    4.3403
  QMMM:     6        6      C        1.4821    1.9530    3.7131
  QMMM:     7        7      C        2.9927    2.2278    3.6740
  QMMM:     8        8      C        3.6979    1.3156    2.6946
  QMMM:     9        9      O        3.2280    3.6120    3.4314
  QMMM:    10       10      C        3.0038    4.0331    2.0890
  QMMM:    11       11      C        2.9511    5.5671    2.1223
  QMMM:    12       12      C        4.3438    6.1618    2.1962
  QMMM:    13       13      O        2.3718    6.0327    0.8984
  QMMM:    14       14      C        0.9540    6.0809    0.9004
  QMMM:    15       15      C        0.4407    7.3783    1.5401
  QMMM:    16       16      C        0.5453    8.5444    0.5784
  QMMM:    17       17      O       -0.8890    7.1915    1.9989
  QMMM:    18       18      H       -1.4533    7.1131    1.2205
  QMMM:    19       19      H        3.1040    0.2054    5.7852
  QMMM:    20       20      H        1.3006    1.1979    7.7072
  QMMM:    21       21      H        2.0385    2.2800    6.4222
  QMMM:    22       22      H        0.4774   -0.3573    5.8436
  QMMM:    23       23      H       -0.3950    2.6254    5.8752
  QMMM:    24       24      H       -1.2063    1.3876    4.8257
  QMMM:    25       25      H       -1.1887    1.1865    6.6308
  QMMM:    26       26      H        1.0770    1.8366    2.6713
  QMMM:    27       27      H        0.9592    2.8009    4.2231
  QMMM:    28       28      H        3.4255    2.0863    4.7090
  QMMM:    29       29      H        3.2694    1.4212    1.6690
  QMMM:    30       30      H        4.7863    1.5586    2.6540
  QMMM:    31       31      H        3.5668    0.2570    3.0264
  QMMM:    32       32      H        3.8477    3.6785    1.4415
  QMMM:    33       33      H        2.0383    3.6185    1.6979
  QMMM:    34       34      H        2.3367    5.8983    3.0043
  QMMM:    35       35      H        4.9103    5.9458    1.2592
  QMMM:    36       36      H        4.2838    7.2679    2.3268
  QMMM:    37       37      H        4.8810    5.7112    3.0648
  QMMM:    38       38      H        0.6784    6.0398   -0.1880
  QMMM:    39       39      H        0.5131    5.1986    1.4338
  QMMM:    40       40      H        1.0240    7.5959    2.4803
  QMMM:    41       41      H       -0.1006    8.3762   -0.3169
  QMMM:    42       42      H        0.2180    9.4864    1.0793
  QMMM:    43       43      H        1.6037    8.6543    0.2413

           --------- Calculation Completed ----------

