
################################################################################

 PACKMOL - Packing optimization for the automated generation of
 starting configurations for molecular dynamics simulations.
 
                                                              Version 20.2.2 

################################################################################

  Packmol must be run with: packmol < inputfile.inp 

  Userguide at: http://m3g.iqm.unicamp.br/packmol 

  Reading input file... (Control-C aborts)
  Seed for random number generator:      1234567
  Output file: output.pdb
  Reading coordinate file: MDAPMinput0.pdb
  Number of independent structures:            1
  The structures are: 
  Structure            1 :MDAPMinput0.pdb(          63  atoms)
  Maximum number of GENCAN loops for all molecule packing:          200
  Total number of restrictions:            1
  Distance tolerance:    2.0000000000000000     
  Warning: Type of residue numbering not set for structure            1
  Residue numbering set for structure            1 :           0
  Swap chains of molecules of structure            1 : F
  Number of molecules of type            1 :          600
  Total number of atoms:        37800
  Total number of molecules:          600
  Number of fixed molecules:            0
  Number of free molecules:          600
  Number of variables:         3600
  Total number of fixed atoms:            0
  Maximum internal distance of type            1 :    11.676373580868335     
  All atoms must be within these coordinates: 
   x: [   -987.20000000000005      ,    1012.8000000000000       ] 
   y: [   -989.89024661186409      ,    1010.1097533881359       ] 
   z: [   -992.28913845232455      ,    1007.7108615476754       ] 
  If the system is larger than this, increase the sidemax parameter. 

################################################################################

  Building initial approximation ... 

################################################################################

  Adjusting initial point to fit the constraints 

--------------------------------------------------------------------------------

--------------------------------------------------------------------------------

  Molecules of type:            1

  Packing:|0                                                             100%|
          |******************************************************************|
          |******************************************************************|
  Fixing bad orientations ...      1 of     20
  Moving worst molecules ... 
  Function value before moving molecules:   2.6438659093880874     
  Type         1 molecules with non-zero contributions:    3.67%
  Moving        22 molecules of type         1
  New positions will be based on good molecules (movebadrandom is not set) 
   Moving:|0                                                             100%|
          |******************************************************************|
  Function value after moving molecules:  0.77048246929376507     

  Restraint-only function value:   0.77048246929376507     
  Maximum violation of the restraints:    9.9952518735711114E-003

--------------------------------------------------------------------------------

  Rescaling maximum and minimum coordinates... 
  Computing size of patches... 
  Add fixed molecules to permanent arrays... 
  Reseting center of mass... 

--------------------------------------------------------------------------------

  Setting initial trial coordinates ... 

--------------------------------------------------------------------------------

--------------------------------------------------------------------------------

  Molecules of type:            1
  Adjusting random positions to fit the constraints. 
  Packing:|0                                                             100%|
          |
  Restraint-only function value:    0.0000000000000000     
  Maximum violation of the restraints:    0.0000000000000000     

################################################################################

  Objective function at initial point:    4388.9906945142247     

################################################################################

  Packing molecules of type:            1

################################################################################


--------------------------------------------------------------------------------

  Starting GENCAN loop:            0
  Scaling radii by:    1.1000000000000001     

  Packing:|0                                                             100%|
          |********************************************************

  Function value from last GENCAN loop: f = .00000E+00
  Best function value before: f = .43890E+04
  Improvement from best function value:    99.99 %
  Improvement from last loop:    99.99 %
  Maximum violation of target distance:     0.000000
  Maximum violation of the constraints: .00000E+00
  Current structure written to file: output.pdb
--------------------------------------------------------------------------------
  Packing solved for molecules of type           1
  Objective function value:    0.0000000000000000     
  Maximum violation of target distance:    0.0000000000000000     
  Max. constraint violation:    0.0000000000000000     
--------------------------------------------------------------------------------

################################################################################

  Packing all molecules together 

################################################################################


  Initial approximation is a solution. Nothing to do. 

  Solution written to file: output.pdb

################################################################################

                                 Success! 
              Final objective function value: .00000E+00
              Maximum violation of target distance:   0.000000
              Maximum violation of the constraints: .00000E+00

--------------------------------------------------------------------------------

              Please cite this work if Packmol was useful: 

           L. Martinez, R. Andrade, E. G. Birgin, J. M. Martinez, 
         PACKMOL: A package for building initial configurations for
                   molecular dynamics simulations. 
          Journal of Computational Chemistry, 30:2157-2164,2009.

################################################################################

   Running time:   0.674257994      seconds. 

--------------------------------------------------------------------------------


