            --------------------------------------------------------
                             AMBER SQM VERSION 19
 
                                     By
              Ross C. Walker, Michael F. Crowley, Scott Brozell,
                         Tim Giese, Andreas W. Goetz,
                        Tai-Sung Lee and David A. Case
 
            --------------------------------------------------------
 

--------------------------------------------------------------------------------
  QM CALCULATION INFO
--------------------------------------------------------------------------------

| QMMM: Citation for AMBER QMMM Run:
| QMMM: R.C. Walker, M.F. Crowley and D.A. Case, J. COMP. CHEM. 29:1019, 2008

QMMM: SINGLET STATE CALCULATION
QMMM: RHF CALCULATION, NO. OF DOUBLY OCCUPIED LEVELS = 40

| QMMM: *** Selected Hamiltonian *** 
| QMMM: AM1         

| QMMM: *** Parameter sets in use ***
| QMMM: O : M.J.S.DEWAR et al. JACS, 107, 3902, (1985)
| QMMM: C : M.J.S.DEWAR et al. JACS, 107, 3902, (1985)
| QMMM: H : M.J.S.DEWAR et al. JACS, 107, 3902, (1985)

| QMMM: *** SCF convergence criteria ***
| QMMM: Energy change                :  0.1D-09 kcal/mol
| QMMM: Error matrix |FP-PF|         :  0.1D+00 au
| QMMM: Density matrix change        :  0.5D-06
| QMMM: Maximum number of SCF cycles :     1000

| QMMM: *** Diagonalization Routine Information ***
| QMMM: Pseudo diagonalizations are allowed.
| QMMM: Auto diagonalization routine selection is in use.
| QMMM:
| QMMM: Timing diagonalization routines:
| QMMM:                              norbs =       72
| QMMM:    diag iterations used for timing =       15
| QMMM:
| QMMM:              Internal diag routine = 0.009144 seconds
| QMMM:                 Dspev diag routine = 0.013684 seconds
| QMMM:                Dspevd diag routine = 0.007879 seconds
| QMMM:                Dspevx diag routine = 0.034298 seconds
| QMMM:                 Dsyev diag routine = 0.010843 seconds
| QMMM:                Dsyevd diag routine = 0.010394 seconds
| QMMM:                Dsyevr diag routine = 0.009257 seconds
| QMMM:
| QMMM:                Pseudo diag routine = 0.003358 seconds
| QMMM:
| QMMM: Using dspevd routine (diag_routine=3).

  QMMM: QM Region Cartesian Coordinates (*=link atom) 
  QMMM: QM_NO.   MM_NO.  ATOM         X         Y         Z
  QMMM:     1        1      O       -0.0950    1.6590   -0.3590
  QMMM:     2        2      C        1.2520    1.2560   -0.5900
  QMMM:     3        3      C        1.3620    0.1750   -1.6850
  QMMM:     4        4      C        0.5290   -1.0490   -1.2970
  QMMM:     5        5      O        0.8780    0.5950   -2.9650
  QMMM:     6        6      C        1.5030    1.7050   -3.6070
  QMMM:     7        7      C        2.9040    1.4920   -4.2400
  QMMM:     8        8      C        4.0220    1.3470   -3.2160
  QMMM:     9        9      O        2.9910    0.3750   -5.1440
  QMMM:    10       10      C        2.3020    0.5990   -6.3820
  QMMM:    11       11      C        2.5640   -0.5450   -7.3760
  QMMM:    12       12      C        4.0160   -0.6530   -7.8140
  QMMM:    13       13      O        2.1730   -1.7890   -6.7910
  QMMM:    14       14      H        2.6080   -1.8210   -5.9220
  QMMM:    15       15      H       -0.5130    1.7520   -1.2410
  QMMM:    16       16      H        1.8190    2.1530   -0.8490
  QMMM:    17       17      H        1.6530    0.8770    0.3580
  QMMM:    18       18      H        2.4030   -0.1440   -1.7780
  QMMM:    19       19      H       -0.5450   -0.8130   -1.2770
  QMMM:    20       20      H        0.6570   -1.8430   -2.0380
  QMMM:    21       21      H        0.8220   -1.4390   -0.3170
  QMMM:    22       22      H        0.8150    1.9820   -4.4120
  QMMM:    23       23      H        1.5190    2.5700   -2.9340
  QMMM:    24       24      H        3.1300    2.4060   -4.8070
  QMMM:    25       25      H        4.2560    0.2990   -3.0020
  QMMM:    26       26      H        4.9440    1.7870   -3.6190
  QMMM:    27       27      H        3.8040    1.8750   -2.2830
  QMMM:    28       28      H        1.2270    0.6430   -6.1760
  QMMM:    29       29      H        2.6270    1.5480   -6.8230
  QMMM:    30       30      H        1.9400   -0.3880   -8.2630
  QMMM:    31       31      H        4.6670   -0.9600   -6.9870
  QMMM:    32       32      H        4.1150   -1.4250   -8.5870
  QMMM:    33       33      H        4.3840    0.2910   -8.2270

--------------------------------------------------------------------------------
  RESULTS
--------------------------------------------------------------------------------

      iter         sqm energy              rms gradient
      ----    -------------------    -----------------------
xmin    10     -214.1043 kcal/mol        0.3398 kcal/(mol*A)
xmin    20     -214.6871 kcal/mol        0.3775 kcal/(mol*A)
xmin    30     -215.3763 kcal/mol        0.1497 kcal/(mol*A)
xmin    40     -215.7316 kcal/mol        0.4082 kcal/(mol*A)
xmin    50     -215.9419 kcal/mol        0.1457 kcal/(mol*A)
xmin    60     -216.2119 kcal/mol        0.1773 kcal/(mol*A)
xmin    70     -216.3781 kcal/mol        0.1492 kcal/(mol*A)
xmin    80     -216.6340 kcal/mol        0.4441 kcal/(mol*A)
xmin    90     -216.7290 kcal/mol        0.0681 kcal/(mol*A)
  ... geometry converged !
 
 Final MO eigenvalues (eV):
 -40.6340  -39.3059  -37.9460  -36.8515  -33.4179  -32.3399  -31.4664  -27.5011
 -27.1188  -26.7956  -22.7583  -22.2194  -21.9026  -18.5515  -18.2216  -17.7895
 -17.3289  -16.8733  -16.3593  -15.8133  -15.6449  -15.3053  -15.0017  -14.5839
 -14.2770  -13.7532  -13.4842  -13.3135  -13.1706  -13.0064  -12.9301  -12.7286
 -12.2271  -11.9454  -11.8137  -11.6760  -11.4728  -10.9925  -10.8376  -10.0806
   2.3636    2.7561    3.3343    3.4356    3.6288    3.6908    3.7092    3.7476
   3.8697    4.0222    4.0398    4.0603    4.0909    4.1502    4.1666    4.2799
   4.3546    4.4978    4.5316    4.6001    4.6474    4.7271    4.7507    4.8478
   4.8923    5.0276    5.0686    5.2665    5.9011    6.1368    6.4944    6.5307


 Heat of formation   =       -216.74167013 kcal/mol  (       -9.39862409 eV)

 Total SCF energy    =     -62524.76908285 kcal/mol  (    -2711.27744169 eV)
 Electronic energy   =    -365386.52698859 kcal/mol  (   -15844.34877016 eV)
 Core-core repulsion =     302861.75790573 kcal/mol  (    13133.07132846 eV)
 
    Atomic Charges for Step       1 :
  Atom    Element       Mulliken Charge
     1      O                 -0.326
     2      C                 -0.044
     3      C                 -0.012
     4      C                 -0.219
     5      O                 -0.279
     6      C                 -0.050
     7      C                  0.006
     8      C                 -0.215
     9      O                 -0.285
    10      C                 -0.061
    11      C                  0.032
    12      C                 -0.246
    13      O                 -0.325
    14      H                  0.211
    15      H                  0.211
    16      H                  0.058
    17      H                  0.107
    18      H                  0.096
    19      H                  0.092
    20      H                  0.108
    21      H                  0.081
    22      H                  0.102
    23      H                  0.078
    24      H                  0.079
    25      H                  0.085
    26      H                  0.091
    27      H                  0.082
    28      H                  0.105
    29      H                  0.071
    30      H                  0.114
    31      H                  0.087
    32      H                  0.089
    33      H                  0.078
 Total Mulliken Charge =      -0.000
 
                  X        Y        Z     TOTAL  
  QM DIPOLE     2.755    2.271   -1.131    3.745
 
 Final Structure

  QMMM: QM Region Cartesian Coordinates (*=link atom) 
  QMMM: QM_NO.   MM_NO.  ATOM         X         Y         Z
  QMMM:     1        1      O       -0.4296    1.1249   -0.7958
  QMMM:     2        2      C        0.9260    0.7323   -0.8524
  QMMM:     3        3      C        1.3399    0.2460   -2.2449
  QMMM:     4        4      C        0.5676   -0.9933   -2.6546
  QMMM:     5        5      O        1.0093    1.2578   -3.2077
  QMMM:     6        6      C        1.9874    2.2700   -3.3663
  QMMM:     7        7      C        3.2012    1.8408   -4.2040
  QMMM:     8        8      C        4.4692    1.7804   -3.3690
  QMMM:     9        9      O        3.0488    0.5414   -4.7727
  QMMM:    10       10      C        2.1113    0.4955   -5.8492
  QMMM:    11       11      C        2.2806   -0.8718   -6.5212
  QMMM:    12       12      C        3.6122   -0.9732   -7.2403
  QMMM:    13       13      O        2.1274   -1.9188   -5.5794
  QMMM:    14       14      H        2.8015   -1.7889   -4.8995
  QMMM:    15       15      H       -0.6185    1.6164   -1.6069
  QMMM:    16       16      H        1.5733    1.5970   -0.5417
  QMMM:    17       17      H        1.0248   -0.0985   -0.1051
  QMMM:    18       18      H        2.4455    0.0439   -2.2663
  QMMM:    19       19      H       -0.5297   -0.8028   -2.5764
  QMMM:    20       20      H        0.8157   -1.2639   -3.7111
  QMMM:    21       21      H        0.8397   -1.8386   -1.9800
  QMMM:    22       22      H        1.4264    3.0855   -3.9018
  QMMM:    23       23      H        2.3263    2.6511   -2.3667
  QMMM:    24       24      H        3.3395    2.5926   -5.0341
  QMMM:    25       25      H        4.3612    1.0409   -2.5405
  QMMM:    26       26      H        5.3302    1.4693   -4.0076
  QMMM:    27       27      H        4.6781    2.7873   -2.9367
  QMMM:    28       28      H        1.0754    0.6015   -5.4302
  QMMM:    29       29      H        2.3176    1.3165   -6.5836
  QMMM:    30       30      H        1.4287   -1.0239   -7.2438
  QMMM:    31       31      H        4.4479   -0.7559   -6.5324
  QMMM:    32       32      H        3.7460   -2.0036   -7.6479
  QMMM:    33       33      H        3.6519   -0.2410   -8.0804

           --------- Calculation Completed ----------

