            --------------------------------------------------------
                             AMBER SQM VERSION 19
 
                                     By
              Ross C. Walker, Michael F. Crowley, Scott Brozell,
                         Tim Giese, Andreas W. Goetz,
                        Tai-Sung Lee and David A. Case
 
            --------------------------------------------------------
 

--------------------------------------------------------------------------------
  QM CALCULATION INFO
--------------------------------------------------------------------------------

| QMMM: Citation for AMBER QMMM Run:
| QMMM: R.C. Walker, M.F. Crowley and D.A. Case, J. COMP. CHEM. 29:1019, 2008

QMMM: SINGLET STATE CALCULATION
QMMM: RHF CALCULATION, NO. OF DOUBLY OCCUPIED LEVELS = 28

| QMMM: *** Selected Hamiltonian *** 
| QMMM: AM1         

| QMMM: *** Parameter sets in use ***
| QMMM: C : M.J.S.DEWAR et al. JACS, 107, 3902, (1985)
| QMMM: O : M.J.S.DEWAR et al. JACS, 107, 3902, (1985)
| QMMM: H : M.J.S.DEWAR et al. JACS, 107, 3902, (1985)

| QMMM: *** SCF convergence criteria ***
| QMMM: Energy change                :  0.1D-09 kcal/mol
| QMMM: Error matrix |FP-PF|         :  0.1D+00 au
| QMMM: Density matrix change        :  0.5D-06
| QMMM: Maximum number of SCF cycles :     1000

| QMMM: *** Diagonalization Routine Information ***
| QMMM: Pseudo diagonalizations are allowed.
| QMMM: Auto diagonalization routine selection is in use.
| QMMM:
| QMMM: Timing diagonalization routines:
| QMMM:                              norbs =       50
| QMMM:    diag iterations used for timing =       20
| QMMM:
| QMMM:              Internal diag routine = 0.146852 seconds
| QMMM:                 Dspev diag routine = 0.640502 seconds
| QMMM:                Dspevd diag routine = 0.349113 seconds
| QMMM:                Dspevx diag routine = 0.505612 seconds
| QMMM:                 Dsyev diag routine = 0.506432 seconds
| QMMM:                Dsyevd diag routine = 0.398289 seconds
| QMMM:                Dsyevr diag routine = 0.272327 seconds
| QMMM:
| QMMM:                Pseudo diag routine = 0.120924 seconds
| QMMM:
| QMMM: Using internal diagonalization routine (diag_routine=1).

  QMMM: QM Region Cartesian Coordinates (*=link atom) 
  QMMM: QM_NO.   MM_NO.  ATOM         X         Y         Z
  QMMM:     1        1      C       -2.3820   -2.0210    1.2380
  QMMM:     2        2      C       -0.9270   -1.7000    0.9240
  QMMM:     3        3      O       -0.1020   -2.7670    1.4040
  QMMM:     4        4      C       -0.6490   -1.5240   -0.5780
  QMMM:     5        5      O       -1.4110   -0.5340   -1.2640
  QMMM:     6        6      C       -1.3010    0.8050   -0.8010
  QMMM:     7        7      C        0.1000    1.4440   -0.8280
  QMMM:     8        8      C        0.7730    1.4170   -2.1920
  QMMM:     9        9      O       -0.0050    2.8050   -0.3980
  QMMM:    10       10      H       -2.7100   -2.9290    0.7210
  QMMM:    11       11      H       -3.0480   -1.1980    0.9670
  QMMM:    12       12      H       -2.5040   -2.2170    2.3140
  QMMM:    13       13      H       -0.6380   -0.7950    1.4650
  QMMM:    14       14      H       -0.3320   -2.9260    2.3370
  QMMM:    15       15      H        0.4200   -1.3440   -0.7430
  QMMM:    16       16      H       -0.8540   -2.4780   -1.0840
  QMMM:    17       17      H       -1.9670    1.4050   -1.4340
  QMMM:    18       18      H       -1.7280    0.8850    0.2060
  QMMM:    19       19      H        0.7480    0.9310   -0.1090
  QMMM:    20       20      H        0.1680    1.9370   -2.9430
  QMMM:    21       21      H        1.7320    1.9500   -2.1470
  QMMM:    22       22      H        0.9630    0.3980   -2.5360
  QMMM:    23       23      H       -0.4680    3.3030   -1.0990

--------------------------------------------------------------------------------
  RESULTS
--------------------------------------------------------------------------------

      iter         sqm energy              rms gradient
      ----    -------------------    -----------------------
xmin    10     -165.1314 kcal/mol        0.2283 kcal/(mol*A)
xmin    20     -165.2836 kcal/mol        0.2850 kcal/(mol*A)
xmin    30     -165.3328 kcal/mol        0.2062 kcal/(mol*A)
xmin    40     -165.3746 kcal/mol        0.0634 kcal/(mol*A)
xmin    50     -165.3756 kcal/mol        0.1478 kcal/(mol*A)
xmin    60     -165.4591 kcal/mol        0.1918 kcal/(mol*A)
xmin    70     -165.4361 kcal/mol        0.1337 kcal/(mol*A)
xmin    80     -165.4752 kcal/mol        0.1447 kcal/(mol*A)
xmin    90     -165.5716 kcal/mol        0.3969 kcal/(mol*A)
xmin   100     -165.6663 kcal/mol        0.1495 kcal/(mol*A)
xmin   110     -165.7321 kcal/mol        0.0786 kcal/(mol*A)
xmin   120     -165.9435 kcal/mol        0.1786 kcal/(mol*A)
xmin   130     -166.1104 kcal/mol        0.1128 kcal/(mol*A)
xmin   140     -166.1870 kcal/mol        0.1640 kcal/(mol*A)
xmin   150     -166.2359 kcal/mol        0.2718 kcal/(mol*A)
xmin   160     -166.2876 kcal/mol        0.2471 kcal/(mol*A)
  ... geometry converged !
 
 Final MO eigenvalues (eV):
 -40.1006  -38.6697  -37.5329  -32.4057  -31.4148  -28.0728  -26.7368  -23.0838
 -21.4841  -18.5676  -17.9299  -17.5690  -16.6233  -16.3970  -15.8202  -15.3321
 -14.8591  -13.8230  -13.7013  -13.2885  -12.8491  -12.7746  -12.5888  -12.3620
 -11.7957  -11.6107  -11.0462  -10.3580    2.6592    3.4052    3.4457    3.6369
   3.7464    3.7637    3.7956    3.8506    4.0073    4.2443    4.3229    4.4228
   4.4752    4.6226    4.6686    4.7605    4.8786    4.9054    4.9249    6.0352
   6.1817    6.3024

 Heat of formation   =       -166.29516027 kcal/mol  (       -7.21109927 eV)

 Total SCF energy    =     -44364.63344769 kcal/mol  (    -1923.79486786 eV)
 Electronic energy   =    -202843.44544043 kcal/mol  (    -8795.95184252 eV)
 Core-core repulsion =     158478.81199275 kcal/mol  (     6872.15697466 eV)
 
    Atomic Charges for Step       1 :
  Atom    Element       Mulliken Charge
     1      C                 -0.248
     2      C                 -0.001
     3      O                 -0.330
     4      C                 -0.025
     5      O                 -0.271
     6      C                 -0.059
     7      C                 -0.004
     8      C                 -0.243
     9      O                 -0.321
    10      H                  0.087
    11      H                  0.100
    12      H                  0.072
    13      H                  0.075
    14      H                  0.203
    15      H                  0.093
    16      H                  0.112
    17      H                  0.099
    18      H                  0.087
    19      H                  0.118
    20      H                  0.073
    21      H                  0.087
    22      H                  0.099
    23      H                  0.196
 Total Mulliken Charge =      -0.000
 
                  X        Y        Z     TOTAL  
  QM DIPOLE    -1.899   -0.043   -0.013    1.899
 
 Final Structure

  QMMM: QM Region Cartesian Coordinates (*=link atom) 
  QMMM: QM_NO.   MM_NO.  ATOM         X         Y         Z
  QMMM:     1        1      C       -2.5060   -2.4747    0.8609
  QMMM:     2        2      C       -1.2357   -1.7027    1.1558
  QMMM:     3        3      O       -0.3322   -2.4571    1.9557
  QMMM:     4        4      C       -0.4665   -1.3740   -0.1305
  QMMM:     5        5      O       -1.1489   -0.3832   -0.8856
  QMMM:     6        6      C       -0.8925    0.9553   -0.4866
  QMMM:     7        7      C        0.4145    1.4817   -1.0932
  QMMM:     8        8      C        0.3405    1.5298   -2.6056
  QMMM:     9        9      O        0.7137    2.7530   -0.5391
  QMMM:    10       10      H       -2.2618   -3.4815    0.4451
  QMMM:    11       11      H       -3.1147   -1.9131    0.1120
  QMMM:    12       12      H       -3.1066   -2.6095    1.7917
  QMMM:    13       13      H       -1.4900   -0.7472    1.6980
  QMMM:    14       14      H       -0.8427   -2.8138    2.6916
  QMMM:    15       15      H        0.5780   -1.0577    0.1218
  QMMM:    16       16      H       -0.4411   -2.2692   -0.8075
  QMMM:    17       17      H       -1.7693    1.5316   -0.8879
  QMMM:    18       18      H       -0.8564    1.0519    0.6293
  QMMM:    19       19      H        1.2767    0.8337   -0.7650
  QMMM:    20       20      H       -0.4532    2.2411   -2.9386
  QMMM:    21       21      H        1.3175    1.8647   -3.0277
  QMMM:    22       22      H        0.0966    0.5133   -2.9975
  QMMM:    23       23      H        0.0580    3.3747   -0.8770

           --------- Calculation Completed ----------

