            --------------------------------------------------------
                             AMBER SQM VERSION 19
 
                                     By
              Ross C. Walker, Michael F. Crowley, Scott Brozell,
                         Tim Giese, Andreas W. Goetz,
                        Tai-Sung Lee and David A. Case
 
            --------------------------------------------------------
 

--------------------------------------------------------------------------------
  QM CALCULATION INFO
--------------------------------------------------------------------------------

| QMMM: Citation for AMBER QMMM Run:
| QMMM: R.C. Walker, M.F. Crowley and D.A. Case, J. COMP. CHEM. 29:1019, 2008

QMMM: SINGLET STATE CALCULATION
QMMM: RHF CALCULATION, NO. OF DOUBLY OCCUPIED LEVELS =208

| QMMM: *** Selected Hamiltonian *** 
| QMMM: AM1         

| QMMM: *** Parameter sets in use ***
| QMMM: O : M.J.S.DEWAR et al. JACS, 107, 3902, (1985)
| QMMM: C : M.J.S.DEWAR et al. JACS, 107, 3902, (1985)
| QMMM: H : M.J.S.DEWAR et al. JACS, 107, 3902, (1985)

| QMMM: *** SCF convergence criteria ***
| QMMM: Energy change                :  0.1D-09 kcal/mol
| QMMM: Error matrix |FP-PF|         :  0.1D+00 au
| QMMM: Density matrix change        :  0.5D-06
| QMMM: Maximum number of SCF cycles :     1000

| QMMM: *** Diagonalization Routine Information ***
| QMMM: Pseudo diagonalizations are allowed.
| QMMM: Auto diagonalization routine selection is in use.
| QMMM:
| QMMM: Timing diagonalization routines:
| QMMM:                              norbs =      380
| QMMM:    diag iterations used for timing =        1
| QMMM:
| QMMM:              Internal diag routine = 0.935074 seconds
| QMMM:                 Dspev diag routine = 2.809552 seconds
| QMMM:                Dspevd diag routine = 0.603152 seconds
| QMMM:                Dspevx diag routine = 2.376581 seconds
| QMMM:                 Dsyev diag routine = 2.741185 seconds
| QMMM:                Dsyevd diag routine = 0.486143 seconds
| QMMM:                Dsyevr diag routine = 0.422641 seconds
| QMMM:
| QMMM:                Pseudo diag routine = 1.081795 seconds
| QMMM: Pseudo diagonalization appears to be slower than regular
| QMMM: diagonalization. Setting pseudo_diag=0 for optimum performance.
| QMMM:
| QMMM: Using dsyevr routine (diag_routine=7).

  QMMM: QM Region Cartesian Coordinates (*=link atom) 
  QMMM: QM_NO.   MM_NO.  ATOM         X         Y         Z
  QMMM:     1        1      O        2.1050   -5.1200    5.5250
  QMMM:     2        2      C        1.3290   -6.3080    5.4030
  QMMM:     3        3      C        1.2030   -7.0480    6.7490
  QMMM:     4        4      C        0.1700   -8.1710    6.5450
  QMMM:     5        5      O        2.3850   -7.6910    7.2510
  QMMM:     6        6      C        3.6560   -7.0210    7.2880
  QMMM:     7        7      C        3.8820   -5.9550    8.3900
  QMMM:     8        8      C        3.5660   -6.5540    9.7730
  QMMM:     9        9      O        5.2380   -5.4730    8.5340
  QMMM:    10       10      C        6.0430   -5.0650    7.4240
  QMMM:    11       11      C        5.7100   -3.6920    6.7940
  QMMM:    12       12      C        5.9650   -2.6040    7.8560
  QMMM:    13       13      O        6.5340   -3.3500    5.6500
  QMMM:    14       14      C        6.3210   -3.8990    4.3170
  QMMM:    15       15      C        4.9570   -3.5580    3.6090
  QMMM:    16       16      C        4.8040   -2.0190    3.7030
  QMMM:    17       17      O        4.7440   -3.7840    2.1850
  QMMM:    18       18      C        4.7570   -4.9760    1.3830
  QMMM:    19       19      C        3.5020   -5.9560    1.3270
  QMMM:    20       20      C        2.1710   -5.3520    1.6560
  QMMM:    21       21      O        3.3630   -6.8830    0.2020
  QMMM:    22       22      C        2.6710   -6.6590   -1.0610
  QMMM:    23       23      C        1.0870   -6.4920   -1.2950
  QMMM:    24       24      C        0.2770   -7.6400   -0.6870
  QMMM:    25       25      O        0.5860   -5.1690   -0.9320
  QMMM:    26       26      C       -0.2760   -4.4200   -1.8670
  QMMM:    27       27      C        0.0890   -2.8360   -1.8990
  QMMM:    28       28      C        1.5360   -2.8310   -2.4240
  QMMM:    29       29      O       -0.8240   -1.9780   -2.7060
  QMMM:    30       30      C       -0.8670   -0.4870   -2.4410
  QMMM:    31       31      C       -2.1950    0.3500   -3.1010
  QMMM:    32       32      C       -3.3930   -0.4930   -2.6890
  QMMM:    33       33      O       -2.3840    1.8080   -2.7050
  QMMM:    34       34      C       -3.3660    2.6830   -3.4830
  QMMM:    35       35      C       -3.4300    4.3620   -3.0990
  QMMM:    36       36      C       -1.9680    4.7830   -2.9740
  QMMM:    37       37      O       -4.2040    5.2890   -4.0410
  QMMM:    38       38      C       -4.5430    6.7280   -3.6100
  QMMM:    39       39      C       -5.6230    7.6460   -4.6010
  QMMM:    40       40      C       -6.7820    6.6990   -4.9030
  QMMM:    41       41      O       -6.1310    8.9830   -4.0560
  QMMM:    42       42      C       -6.8610    9.9760   -4.9740
  QMMM:    43       43      C       -7.1940   11.5400   -4.3460
  QMMM:    44       44      C       -5.8950   12.0080   -3.6940
  QMMM:    45       45      O       -7.7150   12.6120   -5.3000
  QMMM:    46       46      C       -8.2160   13.9260   -4.7210
  QMMM:    47       47      C       -8.9030   15.0700   -5.7480
  QMMM:    48       48      C       -9.8980   14.3430   -6.6510
  QMMM:    49       49      O       -9.5840   16.1950   -5.0300
  QMMM:    50       50      C       -9.8140   17.5240   -5.6870
  QMMM:    51       51      C      -10.1410   18.7250   -4.6120
  QMMM:    52       52      C       -8.9660   18.6370   -3.6180
  QMMM:    53       53      O      -10.0390   20.0890   -5.0650
  QMMM:    54       54      C      -10.9840   21.1590   -5.2060
  QMMM:    55       55      C      -12.3230   21.5280   -4.4620
  QMMM:    56       56      C      -13.4110   20.4960   -4.7310
  QMMM:    57       57      O      -12.1750   21.7910   -3.0550
  QMMM:    58       58      C      -12.6480   23.0790   -2.5480
  QMMM:    59       59      C      -11.5340   23.6830   -1.6280
  QMMM:    60       60      C      -10.5650   24.4830   -2.4890
  QMMM:    61       61      O      -11.9410   24.6150   -0.6210
  QMMM:    62       62      C      -12.5930   24.1160    0.5430
  QMMM:    63       63      C      -11.8950   23.0120    1.3680
  QMMM:    64       64      C      -10.4700   23.3910    1.7900
  QMMM:    65       65      O      -12.5820   22.6810    2.5900
  QMMM:    66       66      C      -13.9730   22.3690    2.5050
  QMMM:    67       67      C      -14.3150   21.1350    1.6520
  QMMM:    68       68      C      -15.7740   20.7240    1.8420
  QMMM:    69       69      O      -14.1270   21.4330    0.2650
  QMMM:    70       70      H      -14.3750   20.6430   -0.2460
  QMMM:    71       71      H        1.4870   -4.3990    5.7420
  QMMM:    72       72      H        0.3350   -6.0110    5.0370
  QMMM:    73       73      H        1.7830   -6.9460    4.6400
  QMMM:    74       74      H        0.8380   -6.3560    7.5170
  QMMM:    75       75      H        0.5650   -8.9390    5.8650
  QMMM:    76       76      H       -0.0600   -8.6770    7.4870
  QMMM:    77       77      H       -0.7680   -7.7980    6.1180
  QMMM:    78       78      H        4.3790   -7.8250    7.4780
  QMMM:    79       79      H        3.9120   -6.6410    6.3000
  QMMM:    80       80      H        3.2230   -5.0960    8.2310
  QMMM:    81       81      H        4.2660   -7.3670   10.0120
  QMMM:    82       82      H        3.7080   -5.8050   10.5640
  QMMM:    83       83      H        2.5490   -6.9440    9.8460
  QMMM:    84       84      H        7.0580   -4.9820    7.8470
  QMMM:    85       85      H        6.1170   -5.8620    6.6850
  QMMM:    86       86      H        4.6570   -3.6500    6.5070
  QMMM:    87       87      H        6.7740   -1.9060    7.5720
  QMMM:    88       88      H        5.0630   -1.9790    7.9980
  QMMM:    89       89      H        6.2030   -2.9980    8.8530
  QMMM:    90       90      H        7.1210   -3.4420    3.7230
  QMMM:    91       91      H        6.5410   -4.9670    4.3300
  QMMM:    92       92      H        4.1570   -4.0270    4.1790
  QMMM:    93       93      H        5.2740   -1.5190    2.8770
  QMMM:    94       94      H        3.7510   -1.7340    3.6240
  QMMM:    95       95      H        5.1930   -1.5990    4.6330
  QMMM:    96       96      H        4.8660   -4.5970    0.3590
  QMMM:    97       97      H        5.6960   -5.5200    1.5720
  QMMM:    98       98      H        3.7290   -6.6490    2.1430
  QMMM:    99       99      H        1.8730   -4.6380    0.8870
  QMMM:   100      100      H        1.4140   -6.1550    1.6890
  QMMM:   101      101      H        2.1770   -4.8500    2.6070
  QMMM:   102      102      H        3.2130   -5.9110   -1.6390
  QMMM:   103      103      H        2.8750   -7.6180   -1.5760
  QMMM:   104      104      H        0.9540   -6.5880   -2.3890
  QMMM:   105      105      H        0.3950   -7.7140    0.3950
  QMMM:   106      106      H       -0.7950   -7.5330   -0.8900
  QMMM:   107      107      H        0.5870   -8.6070   -1.1140
  QMMM:   108      108      H       -0.2210   -4.8450   -2.8730
  QMMM:   109      109      H       -1.3170   -4.5390   -1.5230
  QMMM:   110      110      H        0.0790   -2.4830   -0.8640
  QMMM:   111      111      H        1.5740   -3.1580   -3.4700
  QMMM:   112      112      H        1.9960   -1.8440   -2.3590
  QMMM:   113      113      H        2.1690   -3.5160   -1.8530
  QMMM:   114      114      H       -0.8710   -0.3430   -1.3550
  QMMM:   115      115      H        0.0530   -0.0470   -2.8460
  QMMM:   116      116      H       -2.0720    0.3340   -4.1990
  QMMM:   117      117      H       -3.5150   -0.4880   -1.5950
  QMMM:   118      118      H       -4.3280   -0.1510   -3.1250
  QMMM:   119      119      H       -3.2570   -1.5440   -2.9850
  QMMM:   120      120      H       -3.1100    2.5940   -4.5440
  QMMM:   121      121      H       -4.3730    2.2800   -3.3320
  QMMM:   122      122      H       -3.9230    4.4430   -2.1230
  QMMM:   123      123      H       -1.4570    4.6730   -3.9360
  QMMM:   124      124      H       -1.8550    5.8200   -2.6490
  QMMM:   125      125      H       -1.4530    4.1460   -2.2480
  QMMM:   126      126      H       -4.9820    6.6790   -2.6080
  QMMM:   127      127      H       -3.6080    7.2980   -3.5560
  QMMM:   128      128      H       -5.0840    7.8770   -5.5270
  QMMM:   129      129      H       -7.3940    6.5410   -4.0060
  QMMM:   130      130      H       -7.4290    7.0740   -5.6930
  QMMM:   131      131      H       -6.3990    5.7210   -5.2240
  QMMM:   132      132      H       -6.2590   10.1060   -5.8790
  QMMM:   133      133      H       -7.8260    9.5380   -5.2570
  QMMM:   134      134      H       -7.9710   11.4140   -3.5830
  QMMM:   135      135      H       -5.1620   12.2900   -4.4520
  QMMM:   136      136      H       -6.0560   12.8740   -3.0440
  QMMM:   137      137      H       -5.4690   11.2120   -3.0720
  QMMM:   138      138      H       -8.9610   13.6940   -3.9540
  QMMM:   139      139      H       -7.3730   14.4320   -4.2350
  QMMM:   140      140      H       -8.1010   15.5020   -6.3590
  QMMM:   141      141      H      -10.8260   14.1210   -6.1140
  QMMM:   142      142      H      -10.1650   14.9430   -7.5270
  QMMM:   143      143      H       -9.4760   13.4010   -7.0160
  QMMM:   144      144      H       -8.9190   17.8040   -6.2600
  QMMM:   145      145      H      -10.6530   17.4530   -6.3930
  QMMM:   146      146      H      -11.0900   18.5410   -4.0950
  QMMM:   147      147      H       -8.0660   19.0400   -4.0860
  QMMM:   148      148      H       -9.1560   19.2550   -2.7290
  QMMM:   149      149      H       -8.7490   17.6260   -3.3040
  QMMM:   150      150      H      -11.2130   21.1860   -6.2800
  QMMM:   151      151      H      -10.3670   22.0550   -5.0350
  QMMM:   152      152      H      -12.6610   22.4520   -4.9490
  QMMM:   153      153      H      -13.3390   19.6760   -4.0270
  QMMM:   154      154      H      -14.4100   20.9410   -4.5850
  QMMM:   155      155      H      -13.3660   20.1380   -5.7660
  QMMM:   156      156      H      -12.8960   23.7810   -3.3550
  QMMM:   157      157      H      -13.5750   22.9210   -1.9850
  QMMM:   158      158      H      -10.9770   22.8630   -1.1660
  QMMM:   159      159      H       -9.7280   24.8310   -1.8730
  QMMM:   160      160      H      -11.0480   25.3840   -2.8870
  QMMM:   161      161      H      -10.1680   23.8960   -3.3220
  QMMM:   162      162      H      -12.7240   24.9890    1.2140
  QMMM:   163      163      H      -13.6060   23.8360    0.2630
  QMMM:   164      164      H      -11.8260   22.0970    0.7750
  QMMM:   165      165      H      -10.3150   23.2680    2.8740
  QMMM:   166      166      H       -9.7350   22.7620    1.2870
  QMMM:   167      167      H      -10.2230   24.4360    1.5490
  QMMM:   168      168      H      -14.2890   22.1850    3.5370
  QMMM:   169      169      H      -14.5180   23.2560    2.1640
  QMMM:   170      170      H      -13.6400   20.3100    1.9040
  QMMM:   171      171      H      -16.3080   20.6500    0.8890
  QMMM:   172      172      H      -15.8280   19.7490    2.3350
  QMMM:   173      173      H      -16.3200   21.4320    2.4740

--------------------------------------------------------------------------------
  RESULTS
--------------------------------------------------------------------------------

      iter         sqm energy              rms gradient
      ----    -------------------    -----------------------
xmin    10     -830.3546 kcal/mol        3.5812 kcal/(mol*A)
xmin    20     -908.2571 kcal/mol        0.5799 kcal/(mol*A)
xmin    30     -913.8009 kcal/mol        0.1851 kcal/(mol*A)
xmin    40     -915.7327 kcal/mol        0.2431 kcal/(mol*A)
xmin    50     -916.9938 kcal/mol        0.3912 kcal/(mol*A)
xmin    60     -917.8693 kcal/mol        0.1322 kcal/(mol*A)
xmin    70     -918.4405 kcal/mol        0.2744 kcal/(mol*A)
xmin    80     -918.7028 kcal/mol        0.3274 kcal/(mol*A)
xmin    90     -919.0487 kcal/mol        0.0962 kcal/(mol*A)
  ... geometry converged !
 
 Final MO eigenvalues (eV):
 -40.7161  -40.5079  -40.3563  -40.2247  -40.0961  -39.9449  -39.7924  -39.5834
 -39.3185  -39.1053  -38.8882  -38.5724  -38.3015  -38.0962  -37.8701  -37.7586
 -37.4896  -37.4595  -34.4015  -34.0766  -33.7837  -33.5764  -33.3492  -33.1640
 -32.8958  -32.6093  -32.3154  -32.0872  -31.8704  -31.5801  -31.4140  -31.2853
 -31.0971  -30.9763  -30.8644  -28.1000  -28.0765  -27.9363  -27.7686  -27.7255
 -27.5329  -27.3091  -27.1665  -27.0471  -26.9624  -26.8601  -26.7032  -26.6872
 -26.5697  -26.4058  -26.0765  -25.7968  -23.4623  -23.2359  -23.2243  -22.5846
 -22.5803  -22.4197  -22.3271  -22.1557  -22.1517  -22.0142  -21.9849  -21.8202
 -21.7820  -21.2720  -20.9963  -20.6516  -20.2835  -18.8390  -18.7322  -18.5100
 -18.4513  -18.4059  -18.2907  -18.2200  -18.0524  -17.8245  -17.7763  -17.7225
 -17.5988  -17.4331  -17.3703  -17.3151  -17.1616  -17.1528  -17.1059  -17.0533
 -16.9473  -16.9221  -16.7914  -16.6401  -16.5606  -16.5171  -16.4423  -16.4007
 -16.3734  -16.2116  -16.1765  -16.1350  -16.0066  -15.9058  -15.8403  -15.7960
 -15.7429  -15.6599  -15.6122  -15.5276  -15.3970  -15.3374  -15.2630  -15.1267
 -15.0669  -15.0421  -14.9061  -14.8065  -14.7187  -14.5651  -14.5338  -14.3882
 -14.2924  -14.2357  -14.1077  -14.0404  -13.9644  -13.9264  -13.9094  -13.8416
 -13.8124  -13.7501  -13.7138  -13.6532  -13.6122  -13.5598  -13.5534  -13.5521
 -13.4506  -13.4497  -13.3380  -13.2546  -13.1900  -13.1842  -13.1387  -13.1090
 -13.0868  -13.0462  -13.0416  -13.0249  -12.9752  -12.9626  -12.9551  -12.9152
 -12.9006  -12.8770  -12.8601  -12.8498  -12.8448  -12.8022  -12.7896  -12.7804
 -12.7430  -12.6173  -12.5986  -12.5540  -12.4745  -12.4043  -12.3828  -12.3515
 -12.2873  -12.2734  -12.2152  -12.1022  -12.0841  -12.0330  -11.9817  -11.9636
 -11.8815  -11.8602  -11.8055  -11.7547  -11.6748  -11.6445  -11.6281  -11.5861
 -11.5506  -11.5216  -11.4967  -11.4292  -11.3920  -11.2506  -11.2469  -11.1360
 -11.1102  -11.1086  -10.8852  -10.6810  -10.6661  -10.6279  -10.6215  -10.5676
 -10.5401  -10.4775  -10.4135  -10.4044  -10.3264  -10.0868   -9.8781   -9.7860
   1.8984    2.1569    2.4177    2.4758    2.5500    2.5615    2.7010    2.7918
   2.8139    3.0106    3.0705    3.1569    3.1740    3.2529    3.2654    3.3928
   3.4791    3.4853    3.5127    3.5800    3.5855    3.5982    3.6507    3.6669
   3.6741    3.6823    3.6926    3.6984    3.7301    3.7346    3.7500    3.7589
   3.7807    3.7853    3.8051    3.8181    3.8348    3.8384    3.8499    3.9038
   3.9075    3.9135    3.9160    3.9283    3.9330    3.9562    3.9577    3.9636
   3.9716    3.9776    4.0214    4.0316    4.0398    4.0452    4.0526    4.0565
   4.0577    4.0734    4.0829    4.1012    4.1096    4.1319    4.1351    4.1538
   4.1607    4.1678    4.1886    4.1967    4.2610    4.2678    4.2822    4.2899
   4.2974    4.3120    4.3168    4.3459    4.3510    4.3658    4.3782    4.3949
   4.4040    4.4206    4.4307    4.4384    4.4682    4.4831    4.5034    4.5156
   4.5245    4.5486    4.5568    4.5667    4.5695    4.5735    4.5798    4.5940
   4.6043    4.6256    4.6286    4.6327    4.6384    4.6489    4.6525    4.6757
   4.6832    4.6875    4.7036    4.7047    4.7180    4.7297    4.7307    4.7532
   4.7551    4.7586    4.7784    4.7818    4.7868    4.7927    4.7949    4.8120
   4.8132    4.8200    4.8247    4.8330    4.8399    4.8501    4.8690    4.8820
   4.8993    4.9191    4.9335    4.9459    4.9522    4.9583    4.9725    5.0092
   5.0102    5.0275    5.0363    5.0463    5.0528    5.0763    5.0905    5.0929
   5.1010    5.1277    5.1334    5.1374    5.1425    5.1764    5.2048    5.2250
   5.3168    5.3755    5.9247    6.0838    6.0989    6.1232    6.1429    6.1660
   6.1753    6.1788    6.1882    6.1907    6.2041    6.2875    6.2997    6.3232
   6.4048    6.4101    6.5021    6.5336

 Heat of formation   =       -919.10850377 kcal/mol  (      -39.85553548 eV)

 Total SCF energy    =    -316762.78367075 kcal/mol  (   -13735.86503928 eV)
 Electronic energy   =   -3657820.94873373 kcal/mol  (  -158615.01880811 eV)
 Core-core repulsion =    3341058.16506298 kcal/mol  (   144879.15376883 eV)
 
    Atomic Charges for Step       1 :
  Atom    Element       Mulliken Charge
     1      O                 -0.343
     2      C                 -0.066
     3      C                 -0.008
     4      C                 -0.210
     5      O                 -0.266
     6      C                 -0.055
     7      C                 -0.004
     8      C                 -0.207
     9      O                 -0.268
    10      C                 -0.049
    11      C                 -0.014
    12      C                 -0.209
    13      O                 -0.269
    14      C                 -0.047
    15      C                 -0.014
    16      C                 -0.208
    17      O                 -0.271
    18      C                 -0.049
    19      C                 -0.004
    20      C                 -0.234
    21      O                 -0.282
    22      C                 -0.020
    23      C                  0.011
    24      C                 -0.232
    25      O                 -0.287
    26      C                 -0.025
    27      C                  0.028
    28      C                 -0.234
    29      O                 -0.287
    30      C                 -0.020
    31      C                  0.030
    32      C                 -0.237
    33      O                 -0.290
    34      C                 -0.021
    35      C                  0.028
    36      C                 -0.235
    37      O                 -0.288
    38      C                 -0.021
    39      C                  0.029
    40      C                 -0.235
    41      O                 -0.289
    42      C                 -0.020
    43      C                  0.029
    44      C                 -0.236
    45      O                 -0.289
    46      C                 -0.023
    47      C                  0.026
    48      C                 -0.233
    49      O                 -0.287
    50      C                 -0.020
    51      C                  0.020
    52      C                 -0.233
    53      O                 -0.280
    54      C                 -0.016
    55      C                 -0.008
    56      C                 -0.230
    57      O                 -0.282
    58      C                 -0.060
    59      C                  0.002
    60      C                 -0.210
    61      O                 -0.274
    62      C                 -0.048
    63      C                 -0.009
    64      C                 -0.209
    65      O                 -0.274
    66      C                 -0.020
    67      C                 -0.009
    68      C                 -0.246
    69      O                 -0.341
    70      H                  0.207
    71      H                  0.197
    72      H                  0.077
    73      H                  0.145
    74      H                  0.074
    75      H                  0.091
    76      H                  0.093
    77      H                  0.079
    78      H                  0.116
    79      H                  0.085
    80      H                  0.072
    81      H                  0.091
    82      H                  0.083
    83      H                  0.088
    84      H                  0.118
    85      H                  0.067
    86      H                  0.095
    87      H                  0.092
    88      H                  0.079
    89      H                  0.089
    90      H                  0.115
    91      H                  0.069
    92      H                  0.103
    93      H                  0.088
    94      H                  0.078
    95      H                  0.093
    96      H                  0.100
    97      H                  0.078
    98      H                  0.125
    99      H                  0.087
   100      H                  0.091
   101      H                  0.091
   102      H                  0.092
   103      H                  0.091
   104      H                  0.077
   105      H                  0.099
   106      H                  0.074
   107      H                  0.084
   108      H                  0.075
   109      H                  0.086
   110      H                  0.099
   111      H                  0.086
   112      H                  0.078
   113      H                  0.091
   114      H                  0.079
   115      H                  0.084
   116      H                  0.094
   117      H                  0.086
   118      H                  0.076
   119      H                  0.095
   120      H                  0.077
   121      H                  0.087
   122      H                  0.100
   123      H                  0.086
   124      H                  0.078
   125      H                  0.091
   126      H                  0.079
   127      H                  0.084
   128      H                  0.096
   129      H                  0.086
   130      H                  0.076
   131      H                  0.094
   132      H                  0.079
   133      H                  0.084
   134      H                  0.093
   135      H                  0.088
   136      H                  0.077
   137      H                  0.093
   138      H                  0.072
   139      H                  0.093
   140      H                  0.106
   141      H                  0.083
   142      H                  0.082
   143      H                  0.083
   144      H                  0.080
   145      H                  0.077
   146      H                  0.119
   147      H                  0.083
   148      H                  0.074
   149      H                  0.094
   150      H                  0.104
   151      H                  0.087
   152      H                  0.083
   153      H                  0.095
   154      H                  0.076
   155      H                  0.083
   156      H                  0.085
   157      H                  0.120
   158      H                  0.086
   159      H                  0.088
   160      H                  0.081
   161      H                  0.084
   162      H                  0.114
   163      H                  0.073
   164      H                  0.099
   165      H                  0.080
   166      H                  0.091
   167      H                  0.089
   168      H                  0.110
   169      H                  0.088
   170      H                  0.089
   171      H                  0.077
   172      H                  0.088
   173      H                  0.088
 Total Mulliken Charge =       0.000
 
                  X        Y        Z     TOTAL  
  QM DIPOLE    -3.421   -1.886   -0.111    3.908
 
 Final Structure

  QMMM: QM Region Cartesian Coordinates (*=link atom) 
  QMMM: QM_NO.   MM_NO.  ATOM         X         Y         Z
  QMMM:     1        1      O        2.1662   -4.1091    5.2075
  QMMM:     2        2      C        1.0981   -4.8877    4.6968
  QMMM:     3        3      C        0.8491   -6.1397    5.5426
  QMMM:     4        4      C       -0.5892   -6.6072    5.4022
  QMMM:     5        5      O        1.6494   -7.2453    5.1164
  QMMM:     6        6      C        3.0512   -7.0581    5.2270
  QMMM:     7        7      C        3.5274   -6.9451    6.6782
  QMMM:     8        8      C        2.9715   -8.0615    7.5442
  QMMM:     9        9      O        4.9486   -7.0662    6.7754
  QMMM:    10       10      C        5.7109   -6.1753    5.9801
  QMMM:    11       11      C        5.4325   -4.6948    6.2611
  QMMM:    12       12      C        5.6300   -4.3608    7.7287
  QMMM:    13       13      O        6.3838   -3.8943    5.5513
  QMMM:    14       14      C        6.1113   -3.7093    4.1722
  QMMM:    15       15      C        5.0063   -2.6735    3.9290
  QMMM:    16       16      C        5.3746   -1.3257    4.5201
  QMMM:    17       17      O        4.8786   -2.4668    2.5169
  QMMM:    18       18      C        4.0467   -3.4021    1.8495
  QMMM:    19       19      C        2.5642   -3.0376    1.9950
  QMMM:    20       20      C        2.2434   -1.7220    1.3243
  QMMM:    21       21      O        1.7464   -4.1202    1.5510
  QMMM:    22       22      C        1.7465   -4.3948    0.1590
  QMMM:    23       23      C        0.4055   -4.0254   -0.4931
  QMMM:    24       24      C       -0.7703   -4.4115    0.3797
  QMMM:    25       25      O        0.4486   -2.6133   -0.7148
  QMMM:    26       26      C       -0.4935   -2.1594   -1.6833
  QMMM:    27       27      C       -0.3232   -0.6345   -1.7346
  QMMM:    28       28      C        0.8062   -0.2333   -2.6614
  QMMM:    29       29      O       -1.5705   -0.1242   -2.2210
  QMMM:    30       30      C       -1.8609    1.1767   -1.7147
  QMMM:    31       31      C       -3.0612    1.6967   -2.5177
  QMMM:    32       32      C       -4.3512    1.0417   -2.0688
  QMMM:    33       33      O       -3.0838    3.1049   -2.2567
  QMMM:    34       34      C       -3.7844    3.8466   -3.2523
  QMMM:    35       35      C       -3.7335    5.3100   -2.7907
  QMMM:    36       36      C       -2.4914    6.0105   -3.3034
  QMMM:    37       37      O       -4.9088    5.9219   -3.3359
  QMMM:    38       38      C       -5.3823    7.0064   -2.5404
  QMMM:    39       39      C       -6.4397    7.7284   -3.3864
  QMMM:    40       40      C       -7.7565    6.9795   -3.3861
  QMMM:    41       41      O       -6.5925    9.0120   -2.7682
  QMMM:    42       42      C       -7.0241   10.0162   -3.6834
  QMMM:    43       43      C       -7.2901   11.2712   -2.8403
  QMMM:    44       44      C       -5.9982   11.9743   -2.4772
  QMMM:    45       45      O       -8.1083   12.1036   -3.6695
  QMMM:    46       46      C       -8.8875   13.0378   -2.9250
  QMMM:    47       47      C       -9.5669   13.9450   -3.9599
  QMMM:    48       48      C      -11.0695   13.9839   -3.7577
  QMMM:    49       49      O       -9.0219   15.2541   -3.7533
  QMMM:    50       50      C       -8.9174   16.0048   -4.9610
  QMMM:    51       51      C       -8.5240   17.4316   -4.5548
  QMMM:    52       52      C       -7.0915   17.4879   -4.0651
  QMMM:    53       53      O       -8.6781   18.1995   -5.7570
  QMMM:    54       54      C       -8.8499   19.5896   -5.5491
  QMMM:    55       55      C      -10.2728   19.9795   -5.1267
  QMMM:    56       56      C      -11.3292   19.1305   -5.8032
  QMMM:    57       57      O      -10.3324   19.8124   -3.7052
  QMMM:    58       58      C      -11.3066   20.6174   -3.0544
  QMMM:    59       59      C      -10.6276   21.8008   -2.3547
  QMMM:    60       60      C       -9.8447   22.6728   -3.3198
  QMMM:    61       61      O      -11.5879   22.6763   -1.7566
  QMMM:    62       62      C      -12.4862   22.0857   -0.8331
  QMMM:    63       63      C      -11.7953   21.3860    0.3411
  QMMM:    64       64      C      -10.8776   22.3309    1.0948
  QMMM:    65       65      O      -12.7731   20.9559    1.2951
  QMMM:    66       66      C      -13.5372   19.8258    0.9124
  QMMM:    67       67      C      -12.6928   18.5503    0.8032
  QMMM:    68       68      C      -13.5038   17.3280    1.1877
  QMMM:    69       69      O      -12.2671   18.4741   -0.5544
  QMMM:    70       70      H      -11.7767   17.6504   -0.6555
  QMMM:    71       71      H        1.9054   -3.7945    6.0809
  QMMM:    72       72      H        0.1631   -4.2685    4.6488
  QMMM:    73       73      H        1.4178   -5.1606    3.6524
  QMMM:    74       74      H        1.0800   -5.9165    6.6232
  QMMM:    75       75      H       -0.8428   -6.7624    4.3267
  QMMM:    76       76      H       -0.7282   -7.5745    5.9415
  QMMM:    77       77      H       -1.2749   -5.8418    5.8356
  QMMM:    78       78      H        3.4782   -7.9813    4.7490
  QMMM:    79       79      H        3.3630   -6.1446    4.6520
  QMMM:    80       80      H        3.2219   -5.9410    7.0904
  QMMM:    81       81      H        3.3646   -9.0475    7.1999
  QMMM:    82       82      H        3.2731   -7.9096    8.6071
  QMMM:    83       83      H        1.8581   -8.0642    7.4641
  QMMM:    84       84      H        6.7722   -6.4239    6.2583
  QMMM:    85       85      H        5.5506   -6.3995    4.8924
  QMMM:    86       86      H        4.3862   -4.4350    5.9340
  QMMM:    87       87      H        6.7067   -4.4626    8.0050
  QMMM:    88       88      H        5.3102   -3.3115    7.9306
  QMMM:    89       89      H        5.0263   -5.0654    8.3492
  QMMM:    90       90      H        7.0857   -3.3327    3.7564
  QMMM:    91       91      H        5.8432   -4.6788    3.6782
  QMMM:    92       92      H        4.0335   -3.0390    4.3625
  QMMM:    93       93      H        6.2418   -0.8867    3.9713
  QMMM:    94       94      H        4.5125   -0.6225    4.4422
  QMMM:    95       95      H        5.6524   -1.4642    5.5925
  QMMM:    96       96      H        4.3713   -3.3286    0.7761
  QMMM:    97       97      H        4.2167   -4.4446    2.2246
  QMMM:    98       98      H        2.2995   -2.9863    3.0954
  QMMM:    99       99      H        2.4914   -1.7547    0.2353
  QMMM:   100      100      H        1.1532   -1.4989    1.4182
  QMMM:   101      101      H        2.8400   -0.9107    1.8058
  QMMM:   102      102      H        2.5815   -3.8748   -0.3747
  QMMM:   103      103      H        1.8758   -5.5098    0.0845
  QMMM:   104      104      H        0.3427   -4.5557   -1.4862
  QMMM:   105      105      H       -0.7505   -3.8168    1.3249
  QMMM:   106      106      H       -1.7345   -4.2211   -0.1477
  QMMM:   107      107      H       -0.7033   -5.4950    0.6376
  QMMM:   108      108      H       -0.2736   -2.6239   -2.6793
  QMMM:   109      109      H       -1.5368   -2.4231   -1.3692
  QMMM:   110      110      H       -0.1224   -0.2564   -0.6925
  QMMM:   111      111      H        0.5787   -0.5389   -3.7104
  QMMM:   112      112      H        0.9526    0.8728   -2.6397
  QMMM:   113      113      H        1.7468   -0.7345   -2.3291
  QMMM:   114      114      H       -2.1124    1.1063   -0.6245
  QMMM:   115      115      H       -0.9817    1.8589   -1.8538
  QMMM:   116      116      H       -2.8880    1.5072   -3.6135
  QMMM:   117      117      H       -4.5959    1.3404   -1.0216
  QMMM:   118      118      H       -5.1964    1.3454   -2.7308
  QMMM:   119      119      H       -4.2317   -0.0676   -2.1136
  QMMM:   120      120      H       -3.2834    3.7204   -4.2471
  QMMM:   121      121      H       -4.8473    3.4957   -3.3206
  QMMM:   122      122      H       -3.7617    5.3420   -1.6654
  QMMM:   123      123      H       -2.5020    6.0588   -4.4185
  QMMM:   124      124      H       -2.4405    7.0520   -2.9056
  QMMM:   125      125      H       -1.5875    5.4468   -2.9704
  QMMM:   126      126      H       -5.8311    6.6074   -1.5939
  QMMM:   127      127      H       -4.5448    7.7093   -2.2912
  QMMM:   128      128      H       -6.0567    7.8431   -4.4386
  QMMM:   129      129      H       -8.1923    6.9583   -2.3587
  QMMM:   130      130      H       -8.4866    7.4737   -4.0701
  QMMM:   131      131      H       -7.5813    5.9321   -3.7304
  QMMM:   132      132      H       -6.2212   10.2082   -4.4418
  QMMM:   133      133      H       -7.9629    9.6932   -4.2043
  QMMM:   134      134      H       -7.8508   10.9796   -1.9088
  QMMM:   135      135      H       -5.5076   12.3828   -3.3927
  QMMM:   136      136      H       -6.1953   12.8187   -1.7749
  QMMM:   137      137      H       -5.3098   11.2443   -1.9877
  QMMM:   138      138      H       -9.6488   12.4815   -2.3170
  QMMM:   139      139      H       -8.2293   13.6400   -2.2450
  QMMM:   140      140      H       -9.3227   13.5768   -4.9963
  QMMM:   141      141      H      -11.3158   14.3352   -2.7274
  QMMM:   142      142      H      -11.5346   14.6876   -4.4890
  QMMM:   143      143      H      -11.4987   12.9654   -3.9087
  QMMM:   144      144      H       -8.1336   15.5493   -5.6206
  QMMM:   145      145      H       -9.9010   16.0176   -5.5002
  QMMM:   146      146      H       -9.2288   17.8092   -3.7622
  QMMM:   147      147      H       -6.3847   17.2560   -4.8971
  QMMM:   148      148      H       -6.8532   18.5029   -3.6677
  QMMM:   149      149      H       -6.9555   16.7358   -3.2510
  QMMM:   150      150      H       -8.6385   20.0339   -6.5603
  QMMM:   151      151      H       -8.1162   19.9747   -4.7931
  QMMM:   152      152      H      -10.4274   21.0658   -5.3860
  QMMM:   153      153      H      -11.1530   18.0509   -5.5737
  QMMM:   154      154      H      -12.3458   19.4137   -5.4408
  QMMM:   155      155      H      -11.2770   19.2745   -6.9080
  QMMM:   156      156      H      -12.0966   20.9811   -3.7593
  QMMM:   157      157      H      -11.7691   19.9341   -2.2863
  QMMM:   158      158      H       -9.9382   21.4079   -1.5553
  QMMM:   159      159      H       -9.3847   23.5298   -2.7730
  QMMM:   160      160      H      -10.5163   23.0801   -4.1123
  QMMM:   161      161      H       -9.0416   22.0579   -3.7928
  QMMM:   162      162      H      -13.0882   22.9599   -0.4615
  QMMM:   163      163      H      -13.1613   21.3651   -1.3666
  QMMM:   164      164      H      -11.2236   20.4917   -0.0379
  QMMM:   165      165      H      -10.2969   21.7712    1.8651
  QMMM:   166      166      H      -10.1766   22.8108    0.3705
  QMMM:   167      167      H      -11.4742   23.1235    1.6063
  QMMM:   168      168      H      -14.2799   19.7202    1.7493
  QMMM:   169      169      H      -14.0716   20.0122   -0.0550
  QMMM:   170      170      H      -11.7872   18.6389    1.4683
  QMMM:   171      171      H      -12.8949   16.4022    1.0512
  QMMM:   172      172      H      -13.8171   17.3959    2.2564
  QMMM:   173      173      H      -14.4145   17.2495    0.5470

           --------- Calculation Completed ----------

