            --------------------------------------------------------
                             AMBER SQM VERSION 19
 
                                     By
              Ross C. Walker, Michael F. Crowley, Scott Brozell,
                         Tim Giese, Andreas W. Goetz,
                        Tai-Sung Lee and David A. Case
 
            --------------------------------------------------------
 

--------------------------------------------------------------------------------
  QM CALCULATION INFO
--------------------------------------------------------------------------------

| QMMM: Citation for AMBER QMMM Run:
| QMMM: R.C. Walker, M.F. Crowley and D.A. Case, J. COMP. CHEM. 29:1019, 2008

QMMM: SINGLET STATE CALCULATION
QMMM: RHF CALCULATION, NO. OF DOUBLY OCCUPIED LEVELS = 40

| QMMM: *** Selected Hamiltonian *** 
| QMMM: AM1         

| QMMM: *** Parameter sets in use ***
| QMMM: C : M.J.S.DEWAR et al. JACS, 107, 3902, (1985)
| QMMM: O : M.J.S.DEWAR et al. JACS, 107, 3902, (1985)
| QMMM: H : M.J.S.DEWAR et al. JACS, 107, 3902, (1985)

| QMMM: *** SCF convergence criteria ***
| QMMM: Energy change                :  0.1D-09 kcal/mol
| QMMM: Error matrix |FP-PF|         :  0.1D+00 au
| QMMM: Density matrix change        :  0.5D-06
| QMMM: Maximum number of SCF cycles :     1000

| QMMM: *** Diagonalization Routine Information ***
| QMMM: Pseudo diagonalizations are allowed.
| QMMM: Auto diagonalization routine selection is in use.
| QMMM:
| QMMM: Timing diagonalization routines:
| QMMM:                              norbs =       70
| QMMM:    diag iterations used for timing =       15
| QMMM:
| QMMM:              Internal diag routine = 0.007232 seconds
| QMMM:                 Dspev diag routine = 0.004229 seconds
| QMMM:                Dspevd diag routine = 0.005351 seconds
| QMMM:                Dspevx diag routine = 0.029626 seconds
| QMMM:                 Dsyev diag routine = 0.004800 seconds
| QMMM:                Dsyevd diag routine = 0.003435 seconds
| QMMM:                Dsyevr diag routine = 0.005005 seconds
| QMMM:
| QMMM:                Pseudo diag routine = 0.002159 seconds
| QMMM:
| QMMM: Using dsyevd routine (diag_routine=6).

  QMMM: QM Region Cartesian Coordinates (*=link atom) 
  QMMM: QM_NO.   MM_NO.  ATOM         X         Y         Z
  QMMM:     1        1      C        2.0820    4.9040   -0.0380
  QMMM:     2        2      C        3.4120    4.1470   -0.1160
  QMMM:     3        3      O        3.9680    3.8070    1.1560
  QMMM:     4        4      C        3.1810    2.9620    2.0000
  QMMM:     5        5      C        2.8180    1.6120    1.3710
  QMMM:     6        6      O        2.3490    0.6290    2.2930
  QMMM:     7        7      C        1.1750    0.9400    3.0400
  QMMM:     8        8      C       -0.0990    1.0870    2.2000
  QMMM:     9        9      O       -1.2940    1.0480    2.9870
  QMMM:    10       10      C       -1.4760    2.1860    3.8260
  QMMM:    11       11      C       -2.8550    2.1280    4.4820
  QMMM:    12       12      O       -3.0250    3.2000    5.4040
  QMMM:    13       13      O        2.1860    6.0890    0.7440
  QMMM:    14       14      H        1.2990    4.2860    0.4070
  QMMM:    15       15      H        1.7570    5.1880   -1.0440
  QMMM:    16       16      H        3.3150    3.2500   -0.7330
  QMMM:    17       17      H        4.1540    4.7900   -0.6000
  QMMM:    18       18      H        3.7690    2.7860    2.9080
  QMMM:    19       19      H        2.2860    3.5010    2.3270
  QMMM:    20       20      H        2.0870    1.7340    0.5660
  QMMM:    21       21      H        3.7150    1.1940    0.8980
  QMMM:    22       22      H        1.0280    0.1160    3.7470
  QMMM:    23       23      H        1.3500    1.8280    3.6550
  QMMM:    24       24      H       -0.0800    2.0060    1.6030
  QMMM:    25       25      H       -0.1570    0.2570    1.4860
  QMMM:    26       26      H       -0.7080    2.2040    4.6060
  QMMM:    27       27      H       -1.3840    3.1100    3.2430
  QMMM:    28       28      H       -3.6370    2.2030    3.7200
  QMMM:    29       29      H       -3.0080    1.1770    5.0030
  QMMM:    30       30      H       -2.6970    2.8950    6.2660
  QMMM:    31       31      H        3.0750    6.4610    0.6120

--------------------------------------------------------------------------------
  RESULTS
--------------------------------------------------------------------------------

      iter         sqm energy              rms gradient
      ----    -------------------    -----------------------
xmin    10     -250.4216 kcal/mol        1.7616 kcal/(mol*A)
xmin    20     -250.7900 kcal/mol        0.1044 kcal/(mol*A)
xmin    30     -250.8571 kcal/mol        0.0903 kcal/(mol*A)
xmin    40     -250.9779 kcal/mol        0.2695 kcal/(mol*A)
xmin    50     -251.0607 kcal/mol        0.0501 kcal/(mol*A)
  ... geometry converged !
 
 Final MO eigenvalues (eV):
 -40.5067  -39.8242  -38.8773  -37.8524  -37.2686  -31.6763  -30.9197  -29.8834
 -29.0079  -25.3682  -24.1486  -23.4009  -21.9374  -18.6863  -18.5671  -18.4056
 -18.1648  -17.5843  -17.4353  -16.7359  -16.3911  -16.2068  -15.6026  -15.4574
 -15.1907  -14.9766  -14.3970  -13.9833  -13.7151  -13.2857  -13.0498  -12.6281
 -12.3909  -12.1964  -11.7904  -11.5965  -11.2973  -11.2205  -10.7749  -10.3467
   2.3111    2.5304    2.9008    3.2495    3.4382    3.4978    3.5108    3.5626
   3.5711    3.6309    3.6815    3.7134    3.8492    3.8936    3.9132    3.9727
   4.0176    4.2095    4.2381    4.2692    4.3574    4.4337    4.5011    4.5467
   4.6065    5.7997    5.8599    5.9962    6.1490    6.2312

 Heat of formation   =       -251.08005453 kcal/mol  (      -10.88764817 eV)

 Total SCF energy    =     -66321.38446645 kcal/mol  (    -2875.91103883 eV)
 Electronic energy   =    -344138.16744181 kcal/mol  (   -14922.95075850 eV)
 Core-core repulsion =     277816.78297536 kcal/mol  (    12047.03971967 eV)
 
    Atomic Charges for Step       1 :
  Atom    Element       Mulliken Charge
     1      C                 -0.052
     2      C                 -0.069
     3      O                 -0.269
     4      C                 -0.065
     5      C                 -0.061
     6      O                 -0.259
     7      C                 -0.064
     8      C                 -0.054
     9      O                 -0.269
    10      C                 -0.065
    11      C                 -0.025
    12      O                 -0.320
    13      O                 -0.327
    14      H                  0.096
    15      H                  0.075
    16      H                  0.080
    17      H                  0.111
    18      H                  0.122
    19      H                  0.089
    20      H                  0.067
    21      H                  0.121
    22      H                  0.122
    23      H                  0.071
    24      H                  0.069
    25      H                  0.121
    26      H                  0.064
    27      H                  0.082
    28      H                  0.117
    29      H                  0.082
    30      H                  0.197
    31      H                  0.213
 Total Mulliken Charge =      -0.000
 
                  X        Y        Z     TOTAL  
  QM DIPOLE     0.901    0.102   -1.500    1.752
 
 Final Structure

  QMMM: QM Region Cartesian Coordinates (*=link atom) 
  QMMM: QM_NO.   MM_NO.  ATOM         X         Y         Z
  QMMM:     1        1      C        2.3729    5.2156   -0.1267
  QMMM:     2        2      C        3.3567    4.0642   -0.3154
  QMMM:     3        3      O        3.9616    3.6731    0.9086
  QMMM:     4        4      C        3.0858    3.0416    1.8338
  QMMM:     5        5      C        2.6738    1.6533    1.3553
  QMMM:     6        6      O        2.3421    0.7973    2.4382
  QMMM:     7        7      C        1.1875    1.1753    3.1721
  QMMM:     8        8      C       -0.0863    1.0245    2.3468
  QMMM:     9        9      O       -1.2298    0.9008    3.1784
  QMMM:    10       10      C       -1.5508    2.0961    3.8842
  QMMM:    11       11      C       -2.9426    1.8835    4.4763
  QMMM:    12       12      O       -3.2666    2.9298    5.3676
  QMMM:    13       13      O        2.5755    5.9215    1.0806
  QMMM:    14       14      H        1.3156    4.8415   -0.0654
  QMMM:    15       15      H        2.4564    5.9288   -0.9907
  QMMM:    16       16      H        2.8519    3.1924   -0.8051
  QMMM:    17       17      H        4.2329    4.3888   -0.9409
  QMMM:    18       18      H        3.7014    2.9635    2.7712
  QMMM:    19       19      H        2.1902    3.6907    2.0196
  QMMM:    20       20      H        1.8184    1.7162    0.6332
  QMMM:    21       21      H        3.5433    1.1360    0.8648
  QMMM:    22       22      H        1.1759    0.4571    4.0372
  QMMM:    23       23      H        1.2903    2.2236    3.5563
  QMMM:    24       24      H       -0.2089    1.8878    1.6409
  QMMM:    25       25      H       -0.0675    0.0612    1.7686
  QMMM:    26       26      H       -0.7946    2.2627    4.6971
  QMMM:    27       27      H       -1.5434    2.9791    3.1936
  QMMM:    28       28      H       -3.7256    1.9330    3.6740
  QMMM:    29       29      H       -2.9961    0.8872    4.9888
  QMMM:    30       30      H       -2.6592    2.8703    6.1148
  QMMM:    31       31      H        3.5250    5.9284    1.2609

           --------- Calculation Completed ----------

