            --------------------------------------------------------
                             AMBER SQM VERSION 19
 
                                     By
              Ross C. Walker, Michael F. Crowley, Scott Brozell,
                         Tim Giese, Andreas W. Goetz,
                        Tai-Sung Lee and David A. Case
 
            --------------------------------------------------------
 

--------------------------------------------------------------------------------
  QM CALCULATION INFO
--------------------------------------------------------------------------------

| QMMM: Citation for AMBER QMMM Run:
| QMMM: R.C. Walker, M.F. Crowley and D.A. Case, J. COMP. CHEM. 29:1019, 2008

QMMM: SINGLET STATE CALCULATION
QMMM: RHF CALCULATION, NO. OF DOUBLY OCCUPIED LEVELS = 19

| QMMM: *** Selected Hamiltonian *** 
| QMMM: AM1         

| QMMM: *** Parameter sets in use ***
| QMMM: C : M.J.S.DEWAR et al. JACS, 107, 3902, (1985)
| QMMM: H : M.J.S.DEWAR et al. JACS, 107, 3902, (1985)

| QMMM: *** SCF convergence criteria ***
| QMMM: Energy change                :  0.1D-09 kcal/mol
| QMMM: Error matrix |FP-PF|         :  0.1D+00 au
| QMMM: Density matrix change        :  0.5D-06
| QMMM: Maximum number of SCF cycles :     1000

| QMMM: *** Diagonalization Routine Information ***
| QMMM: Pseudo diagonalizations are allowed.
| QMMM: Auto diagonalization routine selection is in use.
| QMMM:
| QMMM: Timing diagonalization routines:
| QMMM:                              norbs =       38
| QMMM:    diag iterations used for timing =       20
| QMMM:
| QMMM:              Internal diag routine = 0.034897 seconds
| QMMM:                 Dspev diag routine = 0.128759 seconds
| QMMM:                Dspevd diag routine = 0.094219 seconds
| QMMM:                Dspevx diag routine = 0.148776 seconds
| QMMM:                 Dsyev diag routine = 0.133550 seconds
| QMMM:                Dsyevd diag routine = 0.099042 seconds
| QMMM:                Dsyevr diag routine = 0.072075 seconds
| QMMM:
| QMMM:                Pseudo diag routine = 0.024848 seconds
| QMMM:
| QMMM: Using internal diagonalization routine (diag_routine=1).

  QMMM: QM Region Cartesian Coordinates (*=link atom) 
  QMMM: QM_NO.   MM_NO.  ATOM         X         Y         Z
  QMMM:     1        1      C        1.1350   -1.5030    2.0170
  QMMM:     2        2      C        0.5710   -0.2240    1.4150
  QMMM:     3        3      C        0.9960    1.0100    2.2150
  QMMM:     4        4      C        0.4750    2.3380    1.6300
  QMMM:     5        5      C       -1.0530    2.4050    1.5910
  QMMM:     6        6      C        1.0160    3.5140    2.4470
  QMMM:     7        7      H        2.2300   -1.4980    1.9970
  QMMM:     8        8      H        0.7900   -2.3710    1.4460
  QMMM:     9        9      H        0.8100   -1.6270    3.0540
  QMMM:    10       10      H        0.9100   -0.1310    0.3780
  QMMM:    11       11      H       -0.5200   -0.3100    1.3970
  QMMM:    12       12      H        0.6560    0.9070    3.2530
  QMMM:    13       13      H        2.0930    1.0460    2.2470
  QMMM:    14       14      H        0.8500    2.4400    0.6030
  QMMM:    15       15      H       -1.4800    2.2570    2.5880
  QMMM:    16       16      H       -1.3880    3.3790    1.2200
  QMMM:    17       17      H       -1.4700    1.6460    0.9230
  QMMM:    18       18      H        2.1110    3.5160    2.4540
  QMMM:    19       19      H        0.6830    4.4680    2.0240
  QMMM:    20       20      H        0.6710    3.4670    3.4860

--------------------------------------------------------------------------------
  RESULTS
--------------------------------------------------------------------------------

      iter         sqm energy              rms gradient
      ----    -------------------    -----------------------
xmin    10      -42.2603 kcal/mol        0.3376 kcal/(mol*A)
xmin    20      -42.2989 kcal/mol        0.1291 kcal/(mol*A)
  ... geometry converged !
 
 Final MO eigenvalues (eV):
 -37.7512  -33.5048  -27.7458  -27.2040  -22.2585  -20.5859  -16.2993  -15.3665
 -15.1219  -14.3642  -13.5424  -13.1094  -12.9481  -12.5052  -12.1694  -11.7236
 -11.3602  -11.2803  -11.1158    3.6987    3.8335    4.0285    4.1363    4.3564
   4.5306    4.6074    4.6490    4.7045    4.8230    4.9320    4.9776    5.0102
   5.0892    5.1428    5.2606    5.3126    5.4006    5.4075

 Heat of formation   =        -42.30298128 kcal/mol  (       -1.83439492 eV)

 Total SCF energy    =     -22193.25117654 kcal/mol  (     -962.37158738 eV)
 Electronic energy   =    -103180.64865248 kcal/mol  (    -4474.24867319 eV)
 Core-core repulsion =      80987.39747594 kcal/mol  (     3511.87708581 eV)
 
    Atomic Charges for Step       1 :
  Atom    Element       Mulliken Charge
     1      C                 -0.211
     2      C                 -0.159
     3      C                 -0.154
     4      C                 -0.107
     5      C                 -0.207
     6      C                 -0.208
     7      H                  0.071
     8      H                  0.071
     9      H                  0.072
    10      H                  0.078
    11      H                  0.079
    12      H                  0.079
    13      H                  0.078
    14      H                  0.085
    15      H                  0.073
    16      H                  0.071
    17      H                  0.073
    18      H                  0.072
    19      H                  0.072
    20      H                  0.073
 Total Mulliken Charge =      -0.000
 
                  X        Y        Z     TOTAL  
  QM DIPOLE    -0.007   -0.002    0.011    0.013
 
 Final Structure

  QMMM: QM Region Cartesian Coordinates (*=link atom) 
  QMMM: QM_NO.   MM_NO.  ATOM         X         Y         Z
  QMMM:     1        1      C        1.1656   -1.4689    1.9750
  QMMM:     2        2      C        0.5946   -0.2007    1.3937
  QMMM:     3        3      C        0.9125    0.9962    2.2642
  QMMM:     4        4      C        0.4422    2.3063    1.6493
  QMMM:     5        5      C       -1.0675    2.4202    1.6692
  QMMM:     6        6      C        1.0626    3.4766    2.3857
  QMMM:     7        7      H        2.2792   -1.4083    2.0363
  QMMM:     8        8      H        0.8950   -2.3448    1.3375
  QMMM:     9        9      H        0.7680   -1.6446    3.0038
  QMMM:    10       10      H        1.0103   -0.0380    0.3642
  QMMM:    11       11      H       -0.5176   -0.3048    1.2878
  QMMM:    12       12      H        0.4373    0.8649    3.2717
  QMMM:    13       13      H        2.0225    1.0471    2.4252
  QMMM:    14       14      H        0.7874    2.3385    0.5767
  QMMM:    15       15      H       -1.4535    2.3461    2.7144
  QMMM:    16       16      H       -1.3862    3.4027    1.2443
  QMMM:    17       17      H       -1.5310    1.6062    1.0618
  QMMM:    18       18      H        2.1768    3.4222    2.3389
  QMMM:    19       19      H        0.7352    4.4405    1.9271
  QMMM:    20       20      H        0.7527    3.4717    3.4583

           --------- Calculation Completed ----------

