            --------------------------------------------------------
                             AMBER SQM VERSION 19
 
                                     By
              Ross C. Walker, Michael F. Crowley, Scott Brozell,
                         Tim Giese, Andreas W. Goetz,
                        Tai-Sung Lee and David A. Case
 
            --------------------------------------------------------
 

--------------------------------------------------------------------------------
  QM CALCULATION INFO
--------------------------------------------------------------------------------

| QMMM: Citation for AMBER QMMM Run:
| QMMM: R.C. Walker, M.F. Crowley and D.A. Case, J. COMP. CHEM. 29:1019, 2008

QMMM: SINGLET STATE CALCULATION
QMMM: RHF CALCULATION, NO. OF DOUBLY OCCUPIED LEVELS =  8

| QMMM: *** Selected Hamiltonian *** 
| QMMM: AM1         

| QMMM: *** Parameter sets in use ***
| QMMM: C : M.J.S.DEWAR et al. JACS, 107, 3902, (1985)
| QMMM: N : M.J.S.DEWAR et al. JACS, 107, 3902, (1985)
| QMMM: H : M.J.S.DEWAR et al. JACS, 107, 3902, (1985)

| QMMM: *** SCF convergence criteria ***
| QMMM: Energy change                :  0.1D-09 kcal/mol
| QMMM: Error matrix |FP-PF|         :  0.1D+00 au
| QMMM: Density matrix change        :  0.5D-06
| QMMM: Maximum number of SCF cycles :     1000

| QMMM: *** Diagonalization Routine Information ***
| QMMM: Pseudo diagonalizations are allowed.
| QMMM: Auto diagonalization routine selection is in use.
| QMMM:
| QMMM: Timing diagonalization routines:
| QMMM:                              norbs =       15
| QMMM:    diag iterations used for timing =       20
| QMMM:
| QMMM:              Internal diag routine = 0.005536 seconds
| QMMM:                 Dspev diag routine = 0.019682 seconds
| QMMM:                Dspevd diag routine = 0.015936 seconds
| QMMM:                Dspevx diag routine = 0.023099 seconds
| QMMM:                 Dsyev diag routine = 0.019408 seconds
| QMMM:                Dsyevd diag routine = 0.017435 seconds
| QMMM:                Dsyevr diag routine = 0.014304 seconds
| QMMM:
| QMMM:                Pseudo diag routine = 0.002345 seconds
| QMMM:
| QMMM: Using internal diagonalization routine (diag_routine=1).

  QMMM: QM Region Cartesian Coordinates (*=link atom) 
  QMMM: QM_NO.   MM_NO.  ATOM         X         Y         Z
  QMMM:     1        1      C        0.9400   -0.0410    0.0690
  QMMM:     2        2      C        0.4330    1.2120    0.7640
  QMMM:     3        3      N        0.0130    2.2520    1.3420
  QMMM:     4        4      H        0.5790   -0.0650   -0.9640
  QMMM:     5        5      H        0.5790   -0.9300    0.5930
  QMMM:     6        6      H        2.0330   -0.0480    0.0640

--------------------------------------------------------------------------------
  RESULTS
--------------------------------------------------------------------------------

  ... geometry converged !
 
 Final MO eigenvalues (eV):
 -36.9149  -30.9850  -18.5318  -15.4378  -15.4370  -13.7233  -12.4645  -12.4643
   1.6643    1.6645    3.1459    3.8883    3.8886    4.0598    6.6223

 Heat of formation   =         19.23536986 kcal/mol  (        0.83410823 eV)

 Total SCF energy    =     -11620.28065147 kcal/mol  (     -503.89318119 eV)
 Electronic energy   =     -27781.29732128 kcal/mol  (    -1204.68745160 eV)
 Core-core repulsion =      16161.01666982 kcal/mol  (      700.79427041 eV)
 
    Atomic Charges for Step       1 :
  Atom    Element       Mulliken Charge
     1      C                 -0.136
     2      C                 -0.144
     3      N                 -0.050
     4      H                  0.110
     5      H                  0.110
     6      H                  0.110
 Total Mulliken Charge =      -0.000
 
                  X        Y        Z     TOTAL  
  QM DIPOLE     0.967   -2.385   -1.324    2.894
 
 Final Structure

  QMMM: QM Region Cartesian Coordinates (*=link atom) 
  QMMM: QM_NO.   MM_NO.  ATOM         X         Y         Z
  QMMM:     1        1      C        0.9235    0.0003    0.0913
  QMMM:     2        2      C        0.4429    1.1864    0.7497
  QMMM:     3        3      N        0.0541    2.1450    1.2820
  QMMM:     4        4      H        0.5561   -0.0289   -0.9666
  QMMM:     5        5      H        0.5567   -0.9128    0.6267
  QMMM:     6        6      H        2.0437   -0.0101    0.0849

           --------- Calculation Completed ----------

