            --------------------------------------------------------
                             AMBER SQM VERSION 19
 
                                     By
              Ross C. Walker, Michael F. Crowley, Scott Brozell,
                         Tim Giese, Andreas W. Goetz,
                        Tai-Sung Lee and David A. Case
 
            --------------------------------------------------------
 

--------------------------------------------------------------------------------
  QM CALCULATION INFO
--------------------------------------------------------------------------------

| QMMM: Citation for AMBER QMMM Run:
| QMMM: R.C. Walker, M.F. Crowley and D.A. Case, J. COMP. CHEM. 29:1019, 2008

QMMM: SINGLET STATE CALCULATION
QMMM: RHF CALCULATION, NO. OF DOUBLY OCCUPIED LEVELS = 18

| QMMM: *** Selected Hamiltonian *** 
| QMMM: AM1         

| QMMM: *** Parameter sets in use ***
| QMMM: C : M.J.S.DEWAR et al. JACS, 107, 3902, (1985)
| QMMM: N : M.J.S.DEWAR et al. JACS, 107, 3902, (1985)
| QMMM: H : M.J.S.DEWAR et al. JACS, 107, 3902, (1985)

| QMMM: *** SCF convergence criteria ***
| QMMM: Energy change                :  0.1D-09 kcal/mol
| QMMM: Error matrix |FP-PF|         :  0.1D+00 au
| QMMM: Density matrix change        :  0.5D-06
| QMMM: Maximum number of SCF cycles :     1000

| QMMM: *** Diagonalization Routine Information ***
| QMMM: Pseudo diagonalizations are allowed.
| QMMM: Auto diagonalization routine selection is in use.
| QMMM:
| QMMM: Timing diagonalization routines:
| QMMM:                              norbs =       35
| QMMM:    diag iterations used for timing =       20
| QMMM:
| QMMM:              Internal diag routine = 0.028743 seconds
| QMMM:                 Dspev diag routine = 0.106484 seconds
| QMMM:                Dspevd diag routine = 0.083441 seconds
| QMMM:                Dspevx diag routine = 0.127685 seconds
| QMMM:                 Dsyev diag routine = 0.111171 seconds
| QMMM:                Dsyevd diag routine = 0.085150 seconds
| QMMM:                Dsyevr diag routine = 0.064625 seconds
| QMMM:
| QMMM:                Pseudo diag routine = 0.020039 seconds
| QMMM:
| QMMM: Using internal diagonalization routine (diag_routine=1).

  QMMM: QM Region Cartesian Coordinates (*=link atom) 
  QMMM: QM_NO.   MM_NO.  ATOM         X         Y         Z
  QMMM:     1        1      C       -1.8480   -0.0010    0.0410
  QMMM:     2        2      C       -1.1490    1.2030    0.0180
  QMMM:     3        3      C        0.2490    1.2000   -0.0200
  QMMM:     4        4      C        0.9610   -0.0030    0.0020
  QMMM:     5        5      C        0.2480   -1.2030   -0.0210
  QMMM:     6        6      C       -1.1500   -1.2060    0.0160
  QMMM:     7        7      N        2.3490   -0.0030   -0.1880
  QMMM:     8        8      H       -2.9350   -0.0010    0.0560
  QMMM:     9        9      H       -1.6880    2.1460    0.0120
  QMMM:    10       10      H        0.7770    2.1480   -0.0730
  QMMM:    11       11      H        0.7750   -2.1520   -0.0760
  QMMM:    12       12      H       -1.6900   -2.1480    0.0090
  QMMM:    13       13      H        2.8070   -0.8470    0.1400
  QMMM:    14       14      H        2.8070    0.8400    0.1420

--------------------------------------------------------------------------------
  RESULTS
--------------------------------------------------------------------------------

  ... geometry converged !
 
 Final MO eigenvalues (eV):
 -39.4300  -35.1991  -31.3476  -29.0687  -23.2347  -22.5358  -17.8853  -17.2976
 -16.6591  -14.6930  -14.5935  -14.0807  -13.8070  -12.3383  -11.7449  -11.5423
  -9.6477   -8.5243    0.6385    0.6570    2.9600    3.1239    3.9763    4.0614
   4.2659    4.5307    4.5745    4.8880    5.0871    5.3540    5.6159    5.8265
   5.8949    6.2808    6.3947

 Heat of formation   =         20.39431275 kcal/mol  (        0.88436376 eV)

 Total SCF energy    =     -24706.87382251 kcal/mol  (    -1071.37044458 eV)
 Electronic energy   =    -100519.67954897 kcal/mol  (    -4358.86039413 eV)
 Core-core repulsion =      75812.80572646 kcal/mol  (     3287.48994955 eV)
 
    Atomic Charges for Step       1 :
  Atom    Element       Mulliken Charge
     1      C                 -0.173
     2      C                 -0.094
     3      C                 -0.190
     4      C                  0.055
     5      C                 -0.190
     6      C                 -0.094
     7      N                 -0.327
     8      H                  0.131
     9      H                  0.129
    10      H                  0.130
    11      H                  0.130
    12      H                  0.129
    13      H                  0.182
    14      H                  0.182
 Total Mulliken Charge =      -0.000
 
                  X        Y        Z     TOTAL  
  QM DIPOLE     0.819   -0.002    1.307    1.543
 
 Final Structure

  QMMM: QM Region Cartesian Coordinates (*=link atom) 
  QMMM: QM_NO.   MM_NO.  ATOM         X         Y         Z
  QMMM:     1        1      C       -1.8471   -0.0005    0.0293
  QMMM:     2        2      C       -1.1440    1.2030    0.0101
  QMMM:     3        3      C        0.2455    1.2136   -0.0274
  QMMM:     4        4      C        0.9680   -0.0025   -0.0545
  QMMM:     5        5      C        0.2438   -1.2177   -0.0289
  QMMM:     6        6      C       -1.1457   -1.2052    0.0083
  QMMM:     7        7      N        2.3619   -0.0034   -0.1840
  QMMM:     8        8      H       -2.9453    0.0003    0.0608
  QMMM:     9        9      H       -1.6916    2.1575    0.0257
  QMMM:    10       10      H        0.7806    2.1743   -0.0456
  QMMM:    11       11      H        0.7774   -2.1793   -0.0483
  QMMM:    12       12      H       -1.6943   -2.1591    0.0230
  QMMM:    13       13      H        2.8013   -0.8349    0.1441
  QMMM:    14       14      H        2.8026    0.8268    0.1452

           --------- Calculation Completed ----------

