            --------------------------------------------------------
                             AMBER SQM VERSION 19
 
                                     By
              Ross C. Walker, Michael F. Crowley, Scott Brozell,
                         Tim Giese, Andreas W. Goetz,
                        Tai-Sung Lee and David A. Case
 
            --------------------------------------------------------
 

--------------------------------------------------------------------------------
  QM CALCULATION INFO
--------------------------------------------------------------------------------

| QMMM: Citation for AMBER QMMM Run:
| QMMM: R.C. Walker, M.F. Crowley and D.A. Case, J. COMP. CHEM. 29:1019, 2008

QMMM: SINGLET STATE CALCULATION
QMMM: RHF CALCULATION, NO. OF DOUBLY OCCUPIED LEVELS = 22

| QMMM: *** Selected Hamiltonian *** 
| QMMM: AM1         

| QMMM: *** Parameter sets in use ***
| QMMM: C : M.J.S.DEWAR et al. JACS, 107, 3902, (1985)
| QMMM: O : M.J.S.DEWAR et al. JACS, 107, 3902, (1985)
| QMMM: H : M.J.S.DEWAR et al. JACS, 107, 3902, (1985)

| QMMM: *** SCF convergence criteria ***
| QMMM: Energy change                :  0.1D-09 kcal/mol
| QMMM: Error matrix |FP-PF|         :  0.1D+00 au
| QMMM: Density matrix change        :  0.5D-06
| QMMM: Maximum number of SCF cycles :     1000

| QMMM: *** Diagonalization Routine Information ***
| QMMM: Pseudo diagonalizations are allowed.
| QMMM: Auto diagonalization routine selection is in use.
| QMMM:
| QMMM: Timing diagonalization routines:
| QMMM:                              norbs =       38
| QMMM:    diag iterations used for timing =       20
| QMMM:
| QMMM:              Internal diag routine = 0.015842 seconds
| QMMM:                 Dspev diag routine = 0.003519 seconds
| QMMM:                Dspevd diag routine = 0.001732 seconds
| QMMM:                Dspevx diag routine = 0.009028 seconds
| QMMM:                 Dsyev diag routine = 0.004293 seconds
| QMMM:                Dsyevd diag routine = 0.003408 seconds
| QMMM:                Dsyevr diag routine = 0.003983 seconds
| QMMM:
| QMMM:                Pseudo diag routine = 0.000890 seconds
| QMMM:
| QMMM: Using dspevd routine (diag_routine=3).

  QMMM: QM Region Cartesian Coordinates (*=link atom) 
  QMMM: QM_NO.   MM_NO.  ATOM         X         Y         Z
  QMMM:     1        1      C        0.6200    1.7660    1.3750
  QMMM:     2        2      C        0.4550    1.3880   -0.0980
  QMMM:     3        3      O        1.0680    2.3190   -0.9890
  QMMM:     4        4      C        2.4910    2.2770   -0.9590
  QMMM:     5        5      C        3.0520    3.2040   -2.0320
  QMMM:     6        6      O        4.4700    3.2620   -1.9310
  QMMM:     7        7      O       -0.1250    0.8910    2.2150
  QMMM:     8        8      H        0.2760    2.7910    1.5460
  QMMM:     9        9      H        1.6690    1.7240    1.6830
  QMMM:    10       10      H        0.8310    0.3760   -0.2860
  QMMM:    11       11      H       -0.6150    1.3600   -0.3370
  QMMM:    12       12      H        2.8570    2.6070    0.0210
  QMMM:    13       13      H        2.8510    1.2560   -1.1270
  QMMM:    14       14      H        2.7870    2.8380   -3.0290
  QMMM:    15       15      H        2.6330    4.2120   -1.9350
  QMMM:    16       16      H        4.7050    4.1800   -1.7090
  QMMM:    17       17      H        0.1660   -0.0180    2.0300

--------------------------------------------------------------------------------
  RESULTS
--------------------------------------------------------------------------------

      iter         sqm energy              rms gradient
      ----    -------------------    -----------------------
xmin    10     -156.4960 kcal/mol        0.5865 kcal/(mol*A)
xmin    20     -156.9381 kcal/mol        0.3236 kcal/(mol*A)
  ... geometry converged !
 
 Final MO eigenvalues (eV):
 -39.8905  -38.4216  -37.5967  -31.1185  -29.0037  -24.2713  -23.2868  -18.5976
 -18.5627  -17.9775  -16.7709  -16.4278  -15.8378  -14.8104  -14.6010  -14.1504
 -12.9559  -12.6838  -12.1593  -11.5536  -11.2657  -10.6345    2.4702    3.3315
   3.4486    3.6308    3.6542    3.6924    3.8617    3.8658    3.9674    4.2743
   4.4094    4.5237    4.5937    5.8517    6.0296    6.1211

 Heat of formation   =       -156.94368221 kcal/mol  (       -6.80558875 eV)

 Total SCF energy    =     -37181.57590657 kcal/mol  (    -1612.31411936 eV)
 Electronic energy   =    -139472.85863735 kcal/mol  (    -6047.99699221 eV)
 Core-core repulsion =     102291.28273077 kcal/mol  (     4435.68287285 eV)
 
    Atomic Charges for Step       1 :
  Atom    Element       Mulliken Charge
     1      C                 -0.057
     2      C                 -0.059
     3      O                 -0.268
     4      C                 -0.064
     5      C                 -0.026
     6      O                 -0.320
     7      O                 -0.316
     8      H                  0.121
     9      H                  0.063
    10      H                  0.068
    11      H                  0.120
    12      H                  0.064
    13      H                  0.080
    14      H                  0.117
    15      H                  0.082
    16      H                  0.197
    17      H                  0.196
 Total Mulliken Charge =      -0.000
 
                  X        Y        Z     TOTAL  
  QM DIPOLE     0.723   -0.738    0.663    1.228
 
 Final Structure

  QMMM: QM Region Cartesian Coordinates (*=link atom) 
  QMMM: QM_NO.   MM_NO.  ATOM         X         Y         Z
  QMMM:     1        1      C        0.6435    1.7592    1.3694
  QMMM:     2        2      C        0.4988    1.4123   -0.1096
  QMMM:     3        3      O        1.1094    2.3882   -0.9380
  QMMM:     4        4      C        2.5329    2.3346   -0.9333
  QMMM:     5        5      C        2.9954    3.1986   -2.1053
  QMMM:     6        6      O        4.4006    3.3378   -2.0921
  QMMM:     7        7      O       -0.1519    0.9090    2.1692
  QMMM:     8        8      H        0.2545    2.7929    1.5722
  QMMM:     9        9      H        1.7195    1.6998    1.6833
  QMMM:    10       10      H        0.9189    0.3928   -0.3172
  QMMM:    11       11      H       -0.5834    1.4407   -0.4120
  QMMM:    12       12      H        2.9196    2.7433    0.0379
  QMMM:    13       13      H        2.8927    1.2796   -1.0538
  QMMM:    14       14      H        2.7621    2.6972   -3.0817
  QMMM:    15       15      H        2.4904    4.1994   -2.0702
  QMMM:    16       16      H        4.6327    3.8413   -1.3025
  QMMM:    17       17      H        0.1550    0.0062    2.0218

           --------- Calculation Completed ----------

