            --------------------------------------------------------
                             AMBER SQM VERSION 19
 
                                     By
              Ross C. Walker, Michael F. Crowley, Scott Brozell,
                         Tim Giese, Andreas W. Goetz,
                        Tai-Sung Lee and David A. Case
 
            --------------------------------------------------------
 

--------------------------------------------------------------------------------
  QM CALCULATION INFO
--------------------------------------------------------------------------------

| QMMM: Citation for AMBER QMMM Run:
| QMMM: R.C. Walker, M.F. Crowley and D.A. Case, J. COMP. CHEM. 29:1019, 2008

QMMM: SINGLET STATE CALCULATION
QMMM: RHF CALCULATION, NO. OF DOUBLY OCCUPIED LEVELS =  4

| QMMM: *** Selected Hamiltonian *** 
| QMMM: AM1         

| QMMM: *** Parameter sets in use ***
| QMMM: C : M.J.S.DEWAR et al. JACS, 107, 3902, (1985)
| QMMM: H : M.J.S.DEWAR et al. JACS, 107, 3902, (1985)

| QMMM: *** SCF convergence criteria ***
| QMMM: Energy change                :  0.1D-09 kcal/mol
| QMMM: Error matrix |FP-PF|         :  0.1D+00 au
| QMMM: Density matrix change        :  0.5D-06
| QMMM: Maximum number of SCF cycles :     1000

| QMMM: *** Diagonalization Routine Information ***
| QMMM: Pseudo diagonalizations are allowed.
| QMMM: Auto diagonalization routine selection is in use.
| QMMM:
| QMMM: Timing diagonalization routines:
| QMMM:                              norbs =        8
| QMMM:    diag iterations used for timing =       20
| QMMM:
| QMMM:              Internal diag routine = 0.000316 seconds
| QMMM:                 Dspev diag routine = 0.004353 seconds
| QMMM:                Dspevd diag routine = 0.000271 seconds
| QMMM:                Dspevx diag routine = 0.001147 seconds
| QMMM:                 Dsyev diag routine = 0.001373 seconds
| QMMM:                Dsyevd diag routine = 0.001408 seconds
| QMMM:                Dsyevr diag routine = 0.000383 seconds
| QMMM:
| QMMM:                Pseudo diag routine = 0.000013 seconds
| QMMM:
| QMMM: Using dspevd routine (diag_routine=3).

  QMMM: QM Region Cartesian Coordinates (*=link atom) 
  QMMM: QM_NO.   MM_NO.  ATOM         X         Y         Z
  QMMM:     1        1      C        0.9400   -0.0180    0.0780
  QMMM:     2        2      H        0.5760   -0.7660   -0.6310
  QMMM:     3        3      H        0.5760   -0.2590    1.0790
  QMMM:     4        4      H        0.5760    0.9690   -0.2150
  QMMM:     5        5      H        2.0320   -0.0180    0.0780

--------------------------------------------------------------------------------
  RESULTS
--------------------------------------------------------------------------------

  ... geometry converged !
 
 Final MO eigenvalues (eV):
 -28.8839  -13.3089  -13.3086  -13.3082    4.6604    4.6607    4.6609    5.1833


 Heat of formation   =         -8.79856582 kcal/mol  (       -0.38153444 eV)

 Total SCF energy    =      -4225.48160344 kcal/mol  (     -183.23063195 eV)
 Electronic energy   =      -8844.23657164 kcal/mol  (     -383.51487670 eV)
 Core-core repulsion =       4618.75496819 kcal/mol  (      200.28424475 eV)
 
    Atomic Charges for Step       1 :
  Atom    Element       Mulliken Charge
     1      C                 -0.266
     2      H                  0.066
     3      H                  0.066
     4      H                  0.066
     5      H                  0.066
 Total Mulliken Charge =       0.000
 
                  X        Y        Z     TOTAL  
  QM DIPOLE     0.000   -0.000   -0.000    0.000
 
 Final Structure

  QMMM: QM Region Cartesian Coordinates (*=link atom) 
  QMMM: QM_NO.   MM_NO.  ATOM         X         Y         Z
  QMMM:     1        1      C        0.9400   -0.0184    0.0778
  QMMM:     2        2      H        0.5700   -0.7789   -0.6436
  QMMM:     3        3      H        0.5693   -0.2630    1.0968
  QMMM:     4        4      H        0.5691    0.9863   -0.2202
  QMMM:     5        5      H        2.0516   -0.0180    0.0781

           --------- Calculation Completed ----------

