            --------------------------------------------------------
                             AMBER SQM VERSION 19
 
                                     By
              Ross C. Walker, Michael F. Crowley, Scott Brozell,
                         Tim Giese, Andreas W. Goetz,
                        Tai-Sung Lee and David A. Case
 
            --------------------------------------------------------
 

--------------------------------------------------------------------------------
  QM CALCULATION INFO
--------------------------------------------------------------------------------

| QMMM: Citation for AMBER QMMM Run:
| QMMM: R.C. Walker, M.F. Crowley and D.A. Case, J. COMP. CHEM. 29:1019, 2008

QMMM: SINGLET STATE CALCULATION
QMMM: RHF CALCULATION, NO. OF DOUBLY OCCUPIED LEVELS = 58

| QMMM: *** Selected Hamiltonian *** 
| QMMM: AM1         

| QMMM: *** Parameter sets in use ***
| QMMM: C : M.J.S.DEWAR et al. JACS, 107, 3902, (1985)
| QMMM: O : M.J.S.DEWAR et al. JACS, 107, 3902, (1985)
| QMMM: H : M.J.S.DEWAR et al. JACS, 107, 3902, (1985)

| QMMM: *** SCF convergence criteria ***
| QMMM: Energy change                :  0.1D-09 kcal/mol
| QMMM: Error matrix |FP-PF|         :  0.1D+00 au
| QMMM: Density matrix change        :  0.5D-06
| QMMM: Maximum number of SCF cycles :     1000

| QMMM: *** Diagonalization Routine Information ***
| QMMM: Pseudo diagonalizations are allowed.
| QMMM: Auto diagonalization routine selection is in use.
| QMMM:
| QMMM: Timing diagonalization routines:
| QMMM:                              norbs =      102
| QMMM:    diag iterations used for timing =       10
| QMMM:
| QMMM:              Internal diag routine = 0.017517 seconds
| QMMM:                 Dspev diag routine = 0.015866 seconds
| QMMM:                Dspevd diag routine = 0.007647 seconds
| QMMM:                Dspevx diag routine = 0.070374 seconds
| QMMM:                 Dsyev diag routine = 0.024137 seconds
| QMMM:                Dsyevd diag routine = 0.004833 seconds
| QMMM:                Dsyevr diag routine = 0.023024 seconds
| QMMM:
| QMMM:                Pseudo diag routine = 0.006651 seconds
| QMMM: Pseudo diagonalization appears to be slower than regular
| QMMM: diagonalization. Setting pseudo_diag=0 for optimum performance.
| QMMM:
| QMMM: Using dsyevd routine (diag_routine=6).

  QMMM: QM Region Cartesian Coordinates (*=link atom) 
  QMMM: QM_NO.   MM_NO.  ATOM         X         Y         Z
  QMMM:     1        1      C        3.8280   -4.9890   -4.8340
  QMMM:     2        2      C        3.7140   -3.6810   -4.0470
  QMMM:     3        3      O        2.3720   -3.3850   -3.6480
  QMMM:     4        4      C        1.9000   -4.1940   -2.5660
  QMMM:     5        5      C        0.5510   -3.6470   -2.0870
  QMMM:     6        6      O       -0.1200   -4.4390   -1.1060
  QMMM:     7        7      C        0.5870   -4.7490    0.0910
  QMMM:     8        8      C        1.0190   -3.5310    0.9190
  QMMM:     9        9      O        1.6560   -3.8610    2.1590
  QMMM:    10       10      C        2.9030   -4.5640    2.0910
  QMMM:    11       11      C        4.0590   -3.7230    1.5320
  QMMM:    12       12      O        5.2300   -4.4610    1.1840
  QMMM:    13       13      C        6.0250   -5.0110    2.2360
  QMMM:    14       14      C        6.7350   -3.9840    3.1280
  QMMM:    15       15      O        7.6950   -4.5740    4.0240
  QMMM:    16       16      C        8.9190   -4.9490    3.3760
  QMMM:    17       17      C        9.9720   -5.3100    4.4300
  QMMM:    18       18      O        9.5210   -6.4060    5.2220
  QMMM:    19       19      O        3.0100   -4.9860   -6.0020
  QMMM:    20       20      H        3.5340   -5.8480   -4.2250
  QMMM:    21       21      H        4.8630   -5.1380   -5.1580
  QMMM:    22       22      H        4.3770   -3.6840   -3.1750
  QMMM:    23       23      H        4.0220   -2.8530   -4.6960
  QMMM:    24       24      H        1.7840   -5.2340   -2.8900
  QMMM:    25       25      H        2.6250   -4.1700   -1.7460
  QMMM:    26       26      H        0.6570   -2.6170   -1.7250
  QMMM:    27       27      H       -0.1210   -3.5780   -2.9510
  QMMM:    28       28      H       -0.0840   -5.3590    0.7030
  QMMM:    29       29      H        1.4380   -5.3970   -0.1540
  QMMM:    30       30      H        1.6550   -2.8550    0.3430
  QMMM:    31       31      H        0.1240   -2.9460    1.1650
  QMMM:    32       32      H        3.1500   -4.8460    3.1220
  QMMM:    33       33      H        2.7850   -5.5080    1.5510
  QMMM:    34       34      H        3.7340   -3.2570    0.5980
  QMMM:    35       35      H        4.3040   -2.8960    2.2070
  QMMM:    36       36      H        5.4400   -5.7160    2.8360
  QMMM:    37       37      H        6.7840   -5.6150    1.7310
  QMMM:    38       38      H        7.2080   -3.1910    2.5360
  QMMM:    39       39      H        5.9890   -3.4890    3.7590
  QMMM:    40       40      H        8.7320   -5.8230    2.7480
  QMMM:    41       41      H        9.2960   -4.1240    2.7660
  QMMM:    42       42      H       10.9080   -5.6010    3.9500
  QMMM:    43       43      H       10.1640   -4.4690    5.1020
  QMMM:    44       44      H        8.6520   -6.1370    5.5680
  QMMM:    45       45      H        2.5980   -4.1050   -6.0770

--------------------------------------------------------------------------------
  RESULTS
--------------------------------------------------------------------------------

      iter         sqm energy              rms gradient
      ----    -------------------    -----------------------
xmin    10     -346.2229 kcal/mol        0.6627 kcal/(mol*A)
xmin    20     -346.4333 kcal/mol        0.4148 kcal/(mol*A)
xmin    30     -346.9619 kcal/mol        0.6316 kcal/(mol*A)
xmin    40     -347.0939 kcal/mol        0.6725 kcal/(mol*A)
xmin    50     -347.2996 kcal/mol        0.1444 kcal/(mol*A)
xmin    60     -347.3715 kcal/mol        0.1962 kcal/(mol*A)
xmin    70     -347.4172 kcal/mol        0.2854 kcal/(mol*A)
xmin    80     -347.4867 kcal/mol        0.2724 kcal/(mol*A)
xmin    90     -347.5539 kcal/mol        0.1751 kcal/(mol*A)
xmin   100     -347.6094 kcal/mol        0.1572 kcal/(mol*A)
xmin   110     -347.6610 kcal/mol        0.1145 kcal/(mol*A)
  ... geometry converged !
 
 Final MO eigenvalues (eV):
 -40.4874  -40.1780  -39.7227  -39.1099  -38.3772  -37.5131  -37.2945  -32.0497
 -31.5475  -30.8743  -29.9958  -29.3024  -28.8457  -25.5467  -24.6881  -23.8360
 -23.4444  -22.8490  -21.9270  -18.8337  -18.5849  -18.4494  -18.3710  -17.9120
 -17.8337  -17.6929  -17.3092  -17.2075  -16.9592  -16.6038  -16.2119  -15.9633
 -15.7688  -15.6131  -15.3867  -15.0849  -14.8773  -14.6064  -14.3720  -13.9024
 -13.7972  -13.5821  -13.3282  -13.1460  -12.9650  -12.5495  -12.5235  -12.3417
 -12.1023  -11.9882  -11.7812  -11.6863  -11.4557  -11.3143  -11.1666  -10.7265
 -10.6117  -10.3343    2.1737    2.2854    2.5580    2.8885    3.0645    3.3060
   3.3905    3.4043    3.4394    3.5279    3.5649    3.5924    3.6549    3.6785
   3.6824    3.7089    3.7748    3.7886    3.7990    3.8139    3.8365    3.8843
   3.9526    3.9760    4.0395    4.1394    4.2068    4.2424    4.3004    4.3338
   4.3914    4.4189    4.4469    4.4673    4.5302    4.5371    4.5420    5.6367
   5.8087    5.8774    6.0017    6.0758    6.2609    6.3338

 Heat of formation   =       -347.66179396 kcal/mol  (      -15.07574667 eV)

 Total SCF energy    =     -95463.63839343 kcal/mol  (    -4139.61399737 eV)
 Electronic energy   =    -576063.98940087 kcal/mol  (   -24980.00908030 eV)
 Core-core repulsion =     480600.35100745 kcal/mol  (    20840.39508293 eV)
 
    Atomic Charges for Step       1 :
  Atom    Element       Mulliken Charge
     1      C                 -0.051
     2      C                 -0.064
     3      O                 -0.281
     4      C                 -0.061
     5      C                 -0.030
     6      O                 -0.264
     7      C                 -0.059
     8      C                 -0.060
     9      O                 -0.265
    10      C                 -0.060
    11      C                 -0.059
    12      O                 -0.272
    13      C                 -0.060
    14      C                 -0.049
    15      O                 -0.287
    16      C                 -0.068
    17      C                 -0.018
    18      O                 -0.326
    19      O                 -0.323
    20      H                  0.065
    21      H                  0.109
    22      H                  0.080
    23      H                  0.120
    24      H                  0.084
    25      H                  0.068
    26      H                  0.081
    27      H                  0.124
    28      H                  0.120
    29      H                  0.069
    30      H                  0.077
    31      H                  0.120
    32      H                  0.107
    33      H                  0.084
    34      H                  0.115
    35      H                  0.083
    36      H                  0.086
    37      H                  0.103
    38      H                  0.085
    39      H                  0.110
    40      H                  0.080
    41      H                  0.078
    42      H                  0.109
    43      H                  0.078
    44      H                  0.211
    45      H                  0.211
 Total Mulliken Charge =       0.000
 
                  X        Y        Z     TOTAL  
  QM DIPOLE     3.054    1.199    1.201    3.493
 
 Final Structure

  QMMM: QM Region Cartesian Coordinates (*=link atom) 
  QMMM: QM_NO.   MM_NO.  ATOM         X         Y         Z
  QMMM:     1        1      C        2.8602   -5.3256   -5.8355
  QMMM:     2        2      C        3.3449   -4.1065   -5.0593
  QMMM:     3        3      O        2.3307   -3.6113   -4.1944
  QMMM:     4        4      C        2.1592   -4.3856   -3.0099
  QMMM:     5        5      C        1.2013   -3.5904   -2.1247
  QMMM:     6        6      O        0.5189   -4.4485   -1.2232
  QMMM:     7        7      C        1.2974   -4.8999   -0.1243
  QMMM:     8        8      C        1.4054   -3.8202    0.9493
  QMMM:     9        9      O        1.8443   -4.3832    2.1782
  QMMM:    10       10      C        3.2481   -4.5830    2.2701
  QMMM:    11       11      C        3.9512   -3.2952    2.6969
  QMMM:    12       12      O        5.2046   -3.1513    2.0415
  QMMM:    13       13      C        6.2258   -4.0121    2.5262
  QMMM:    14       14      C        6.8953   -3.4151    3.7614
  QMMM:    15       15      O        7.6627   -4.3923    4.4486
  QMMM:    16       16      C        8.8953   -4.7083    3.8026
  QMMM:    17       17      C        9.5753   -5.7552    4.6797
  QMMM:    18       18      O        8.8257   -6.9501    4.7387
  QMMM:    19       19      O        1.6898   -5.0461   -6.5745
  QMMM:    20       20      H        2.6697   -6.1832   -5.1353
  QMMM:    21       21      H        3.6234   -5.6297   -6.6001
  QMMM:    22       22      H        4.2772   -4.3505   -4.4884
  QMMM:    23       23      H        3.5339   -3.2464   -5.7581
  QMMM:    24       24      H        1.7173   -5.3837   -3.2691
  QMMM:    25       25      H        3.1480   -4.5399   -2.5036
  QMMM:    26       26      H        1.7505   -2.7812   -1.5802
  QMMM:    27       27      H        0.3810   -3.1397   -2.7470
  QMMM:    28       28      H        0.7234   -5.7812    0.2723
  QMMM:    29       29      H        2.3119   -5.2342   -0.4621
  QMMM:    30       30      H        2.0824   -2.9903    0.6201
  QMMM:    31       31      H        0.3874   -3.4068    1.1848
  QMMM:    32       32      H        3.3552   -5.3776    3.0569
  QMMM:    33       33      H        3.6725   -4.9547    1.3015
  QMMM:    34       34      H        3.3682   -2.3943    2.3627
  QMMM:    35       35      H        4.0757   -3.2643    3.8095
  QMMM:    36       36      H        5.8242   -5.0331    2.7549
  QMMM:    37       37      H        6.9539   -4.0780    1.6732
  QMMM:    38       38      H        7.5288   -2.5344    3.4798
  QMMM:    39       39      H        6.1272   -3.0955    4.5166
  QMMM:    40       40      H        8.6903   -5.1195    2.7799
  QMMM:    41       41      H        9.5306   -3.7885    3.7208
  QMMM:    42       42      H       10.5591   -6.0486    4.2265
  QMMM:    43       43      H        9.7341   -5.3454    5.7124
  QMMM:    44       44      H        7.9555   -6.7188    5.0888
  QMMM:    45       45      H        1.0762   -4.6004   -5.9744

           --------- Calculation Completed ----------

