            --------------------------------------------------------
                             AMBER SQM VERSION 19
 
                                     By
              Ross C. Walker, Michael F. Crowley, Scott Brozell,
                         Tim Giese, Andreas W. Goetz,
                        Tai-Sung Lee and David A. Case
 
            --------------------------------------------------------
 

--------------------------------------------------------------------------------
  QM CALCULATION INFO
--------------------------------------------------------------------------------

| QMMM: Citation for AMBER QMMM Run:
| QMMM: R.C. Walker, M.F. Crowley and D.A. Case, J. COMP. CHEM. 29:1019, 2008

QMMM: SINGLET STATE CALCULATION
QMMM: RHF CALCULATION, NO. OF DOUBLY OCCUPIED LEVELS = 12

| QMMM: *** Selected Hamiltonian *** 
| QMMM: AM1         

| QMMM: *** Parameter sets in use ***
| QMMM: C : M.J.S.DEWAR et al. JACS, 107, 3902, (1985)
| QMMM: O : M.J.S.DEWAR et al. JACS, 107, 3902, (1985)
| QMMM: H : M.J.S.DEWAR et al. JACS, 107, 3902, (1985)

| QMMM: *** SCF convergence criteria ***
| QMMM: Energy change                :  0.1D-09 kcal/mol
| QMMM: Error matrix |FP-PF|         :  0.1D+00 au
| QMMM: Density matrix change        :  0.5D-06
| QMMM: Maximum number of SCF cycles :     1000

| QMMM: *** Diagonalization Routine Information ***
| QMMM: Pseudo diagonalizations are allowed.
| QMMM: Auto diagonalization routine selection is in use.
| QMMM:
| QMMM: Timing diagonalization routines:
| QMMM:                              norbs =       22
| QMMM:    diag iterations used for timing =       20
| QMMM:
| QMMM:              Internal diag routine = 0.011692 seconds
| QMMM:                 Dspev diag routine = 0.037454 seconds
| QMMM:                Dspevd diag routine = 0.034808 seconds
| QMMM:                Dspevx diag routine = 0.057591 seconds
| QMMM:                 Dsyev diag routine = 0.036104 seconds
| QMMM:                Dsyevd diag routine = 0.035386 seconds
| QMMM:                Dsyevr diag routine = 0.027093 seconds
| QMMM:
| QMMM:                Pseudo diag routine = 0.005332 seconds
| QMMM:
| QMMM: Using internal diagonalization routine (diag_routine=1).

  QMMM: QM Region Cartesian Coordinates (*=link atom) 
  QMMM: QM_NO.   MM_NO.  ATOM         X         Y         Z
  QMMM:     1        1      C        0.9910   -0.0810   -0.1000
  QMMM:     2        2      C        0.4700   -1.4900   -0.0120
  QMMM:     3        3      O       -0.2370   -1.8580    0.9250
  QMMM:     4        4      C        0.8550   -2.4290   -1.1240
  QMMM:     5        5      H        0.6420    0.4930    0.7630
  QMMM:     6        6      H        0.6200    0.3920   -1.0120
  QMMM:     7        7      H        2.0840   -0.0920   -0.0970
  QMMM:     8        8      H        0.4790   -2.0460   -2.0750
  QMMM:     9        9      H        1.9430   -2.5300   -1.1600
  QMMM:    10       10      H        0.4160   -3.4140   -0.9410

--------------------------------------------------------------------------------
  RESULTS
--------------------------------------------------------------------------------

  ... geometry converged !
 
 Final MO eigenvalues (eV):
 -39.3739  -32.4941  -28.7002  -20.6459  -16.2069  -16.1787  -16.0643  -13.5582
 -13.4585  -13.0561  -12.7245  -10.6673    0.8445    3.2335    3.8533    3.8938
   3.9423    4.1955    4.2671    4.5144    4.8420    6.4898

 Heat of formation   =        -49.27546519 kcal/mol  (       -2.13674451 eV)

 Total SCF energy    =     -18158.96459049 kcal/mol  (     -787.43179353 eV)
 Electronic energy   =     -54115.17889742 kcal/mol  (    -2346.61024663 eV)
 Core-core repulsion =      35956.21430693 kcal/mol  (     1559.17845310 eV)
 
    Atomic Charges for Step       1 :
  Atom    Element       Mulliken Charge
     1      C                 -0.272
     2      C                  0.224
     3      O                 -0.292
     4      C                 -0.272
     5      H                  0.107
     6      H                  0.100
     7      H                  0.100
     8      H                  0.100
     9      H                  0.100
    10      H                  0.107
 Total Mulliken Charge =      -0.000
 
                  X        Y        Z     TOTAL  
  QM DIPOLE     1.686    0.874   -2.220    2.922
 
 Final Structure

  QMMM: QM Region Cartesian Coordinates (*=link atom) 
  QMMM: QM_NO.   MM_NO.  ATOM         X         Y         Z
  QMMM:     1        1      C        0.9810   -0.1011   -0.0983
  QMMM:     2        2      C        0.4560   -1.4973    0.0044
  QMMM:     3        3      O       -0.2575   -1.8666    0.9428
  QMMM:     4        4      C        0.8527   -2.4162   -1.1064
  QMMM:     5        5      H        0.6430    0.5167    0.7687
  QMMM:     6        6      H        0.6163    0.3701   -1.0433
  QMMM:     7        7      H        2.0979   -0.1192   -0.1167
  QMMM:     8        8      H        0.4859   -2.0099   -2.0802
  QMMM:     9        9      H        1.9661   -2.4963   -1.1504
  QMMM:    10       10      H        0.4217   -3.4352   -0.9536

           --------- Calculation Completed ----------

