            --------------------------------------------------------
                             AMBER SQM VERSION 19
 
                                     By
              Ross C. Walker, Michael F. Crowley, Scott Brozell,
                         Tim Giese, Andreas W. Goetz,
                        Tai-Sung Lee and David A. Case
 
            --------------------------------------------------------
 

--------------------------------------------------------------------------------
  QM CALCULATION INFO
--------------------------------------------------------------------------------

| QMMM: Citation for AMBER QMMM Run:
| QMMM: R.C. Walker, M.F. Crowley and D.A. Case, J. COMP. CHEM. 29:1019, 2008

QMMM: SINGLET STATE CALCULATION
QMMM: RHF CALCULATION, NO. OF DOUBLY OCCUPIED LEVELS = 19

| QMMM: *** Selected Hamiltonian *** 
| QMMM: AM1         

| QMMM: *** Parameter sets in use ***
| QMMM: C : M.J.S.DEWAR et al. JACS, 107, 3902, (1985)
| QMMM: H : M.J.S.DEWAR et al. JACS, 107, 3902, (1985)

| QMMM: *** SCF convergence criteria ***
| QMMM: Energy change                :  0.1D-09 kcal/mol
| QMMM: Error matrix |FP-PF|         :  0.1D+00 au
| QMMM: Density matrix change        :  0.5D-06
| QMMM: Maximum number of SCF cycles :     1000

| QMMM: *** Diagonalization Routine Information ***
| QMMM: Pseudo diagonalizations are allowed.
| QMMM: Auto diagonalization routine selection is in use.
| QMMM:
| QMMM: Timing diagonalization routines:
| QMMM:                              norbs =       38
| QMMM:    diag iterations used for timing =       20
| QMMM:
| QMMM:              Internal diag routine = 0.035419 seconds
| QMMM:                 Dspev diag routine = 0.129131 seconds
| QMMM:                Dspevd diag routine = 0.092960 seconds
| QMMM:                Dspevx diag routine = 0.146546 seconds
| QMMM:                 Dsyev diag routine = 0.130882 seconds
| QMMM:                Dsyevd diag routine = 0.097334 seconds
| QMMM:                Dsyevr diag routine = 0.072642 seconds
| QMMM:
| QMMM:                Pseudo diag routine = 0.024784 seconds
| QMMM:
| QMMM: Using internal diagonalization routine (diag_routine=1).

  QMMM: QM Region Cartesian Coordinates (*=link atom) 
  QMMM: QM_NO.   MM_NO.  ATOM         X         Y         Z
  QMMM:     1        1      C        1.1420   -0.7300    2.3610
  QMMM:     2        2      C        0.5130    0.3120    1.4480
  QMMM:     3        3      C        0.9740    1.7270    1.8040
  QMMM:     4        4      C        0.4100    2.8080    0.8740
  QMMM:     5        5      C       -1.1160    2.9080    0.9050
  QMMM:     6        6      C       -1.6230    4.0270    0.0090
  QMMM:     7        7      H        2.2330   -0.7250    2.2710
  QMMM:     8        8      H        0.7830   -1.7290    2.0970
  QMMM:     9        9      H        0.8810   -0.5410    3.4080
  QMMM:    10       10      H        0.7740    0.0860    0.4080
  QMMM:    11       11      H       -0.5750    0.2310    1.5380
  QMMM:    12       12      H        0.6960    1.9570    2.8400
  QMMM:    13       13      H        2.0690    1.7700    1.7550
  QMMM:    14       14      H        0.8390    3.7730    1.1710
  QMMM:    15       15      H        0.7470    2.6170   -0.1530
  QMMM:    16       16      H       -1.5670    1.9700    0.5680
  QMMM:    17       17      H       -1.4560    3.0840    1.9320
  QMMM:    18       18      H       -1.3150    3.8680   -1.0290
  QMMM:    19       19      H       -2.7170    4.0640    0.0350
  QMMM:    20       20      H       -1.2420    4.9990    0.3370

--------------------------------------------------------------------------------
  RESULTS
--------------------------------------------------------------------------------

      iter         sqm energy              rms gradient
      ----    -------------------    -----------------------
xmin    10      -44.1402 kcal/mol        0.5801 kcal/(mol*A)
  ... geometry converged !
 
 Final MO eigenvalues (eV):
 -37.3460  -33.8655  -29.6469  -24.7083  -22.6512  -20.8106  -16.1386  -15.6671
 -15.1910  -14.2991  -13.9920  -13.3258  -12.6607  -12.4707  -12.0421  -11.6185
 -11.6016  -11.1717  -10.9962    3.7496    3.7885    4.0528    4.0776    4.2845
   4.4823    4.5450    4.6262    4.7334    4.8626    4.9264    4.9551    5.0204
   5.1357    5.1884    5.2748    5.2942    5.3655    5.3741

 Heat of formation   =        -44.15201750 kcal/mol  (       -1.91457515 eV)

 Total SCF energy    =     -22195.10021276 kcal/mol  (     -962.45176761 eV)
 Electronic energy   =    -101478.88508453 kcal/mol  (    -4400.45466738 eV)
 Core-core repulsion =      79283.78487177 kcal/mol  (     3438.00289978 eV)
 
    Atomic Charges for Step       1 :
  Atom    Element       Mulliken Charge
     1      C                 -0.211
     2      C                 -0.159
     3      C                 -0.157
     4      C                 -0.157
     5      C                 -0.159
     6      C                 -0.211
     7      H                  0.071
     8      H                  0.071
     9      H                  0.072
    10      H                  0.078
    11      H                  0.078
    12      H                  0.079
    13      H                  0.077
    14      H                  0.077
    15      H                  0.079
    16      H                  0.078
    17      H                  0.078
    18      H                  0.072
    19      H                  0.071
    20      H                  0.071
 Total Mulliken Charge =      -0.000
 
                  X        Y        Z     TOTAL  
  QM DIPOLE    -0.004   -0.002   -0.001    0.005
 
 Final Structure

  QMMM: QM Region Cartesian Coordinates (*=link atom) 
  QMMM: QM_NO.   MM_NO.  ATOM         X         Y         Z
  QMMM:     1        1      C        1.1654   -0.6995    2.3533
  QMMM:     2        2      C        0.5156    0.3153    1.4479
  QMMM:     3        3      C        0.9206    1.7270    1.8156
  QMMM:     4        4      C        0.3914    2.7590    0.8431
  QMMM:     5        5      C       -1.1143    2.9060    0.9076
  QMMM:     6        6      C       -1.5962    4.0323    0.0297
  QMMM:     7        7      H        2.2773   -0.6611    2.2557
  QMMM:     8        8      H        0.8240   -1.7295    2.0894
  QMMM:     9        9      H        0.9013   -0.5026    3.4204
  QMMM:    10       10      H        0.8021    0.1080    0.3831
  QMMM:    11       11      H       -0.6003    0.2166    1.5151
  QMMM:    12       12      H        0.5551    1.9620    2.8501
  QMMM:    13       13      H        2.0413    1.7929    1.8374
  QMMM:    14       14      H        0.8663    3.7499    1.0739
  QMMM:    15       15      H        0.6941    2.4823   -0.2012
  QMMM:    16       16      H       -1.5986    1.9462    0.5856
  QMMM:    17       17      H       -1.4281    3.0942    1.9683
  QMMM:    18       18      H       -1.2822    3.8691   -1.0296
  QMMM:    19       19      H       -2.7104    4.0996    0.0611
  QMMM:    20       20      H       -1.1744    5.0081    0.3725

           --------- Calculation Completed ----------

