            --------------------------------------------------------
                             AMBER SQM VERSION 19
 
                                     By
              Ross C. Walker, Michael F. Crowley, Scott Brozell,
                         Tim Giese, Andreas W. Goetz,
                        Tai-Sung Lee and David A. Case
 
            --------------------------------------------------------
 

--------------------------------------------------------------------------------
  QM CALCULATION INFO
--------------------------------------------------------------------------------

| QMMM: Citation for AMBER QMMM Run:
| QMMM: R.C. Walker, M.F. Crowley and D.A. Case, J. COMP. CHEM. 29:1019, 2008

QMMM: SINGLET STATE CALCULATION
QMMM: RHF CALCULATION, NO. OF DOUBLY OCCUPIED LEVELS = 19

| QMMM: *** Selected Hamiltonian *** 
| QMMM: AM1         

| QMMM: *** Parameter sets in use ***
| QMMM: C : M.J.S.DEWAR et al. JACS, 107, 3902, (1985)
| QMMM: H : M.J.S.DEWAR et al. JACS, 107, 3902, (1985)

| QMMM: *** SCF convergence criteria ***
| QMMM: Energy change                :  0.1D-09 kcal/mol
| QMMM: Error matrix |FP-PF|         :  0.1D+00 au
| QMMM: Density matrix change        :  0.5D-06
| QMMM: Maximum number of SCF cycles :     1000

| QMMM: *** Diagonalization Routine Information ***
| QMMM: Pseudo diagonalizations are allowed.
| QMMM: Auto diagonalization routine selection is in use.
| QMMM:
| QMMM: Timing diagonalization routines:
| QMMM:                              norbs =       38
| QMMM:    diag iterations used for timing =       20
| QMMM:
| QMMM:              Internal diag routine = 0.033649 seconds
| QMMM:                 Dspev diag routine = 0.121091 seconds
| QMMM:                Dspevd diag routine = 0.093494 seconds
| QMMM:                Dspevx diag routine = 0.146262 seconds
| QMMM:                 Dsyev diag routine = 0.126967 seconds
| QMMM:                Dsyevd diag routine = 0.092919 seconds
| QMMM:                Dsyevr diag routine = 0.068199 seconds
| QMMM:
| QMMM:                Pseudo diag routine = 0.024431 seconds
| QMMM:
| QMMM: Using internal diagonalization routine (diag_routine=1).

  QMMM: QM Region Cartesian Coordinates (*=link atom) 
  QMMM: QM_NO.   MM_NO.  ATOM         X         Y         Z
  QMMM:     1        1      C        1.2250   -1.3780   -1.9030
  QMMM:     2        2      C        0.5960   -1.3070   -0.5190
  QMMM:     3        3      C        1.0570   -2.4630    0.3710
  QMMM:     4        4      C        0.4900   -2.4070    1.7940
  QMMM:     5        5      C       -1.0360   -2.4950    1.8520
  QMMM:     6        6      C       -1.5440   -2.4930    3.2860
  QMMM:     7        7      H        2.3160   -1.3060   -1.8440
  QMMM:     8        8      H        0.8620   -0.5530   -2.5250
  QMMM:     9        9      H        0.9670   -2.3180   -2.4030
  QMMM:    10       10      H        0.8560   -0.3500   -0.0520
  QMMM:    11       11      H       -0.4930   -1.3270   -0.6380
  QMMM:    12       12      H        0.7820   -3.4190   -0.0940
  QMMM:    13       13      H        2.1530   -2.4480    0.4370
  QMMM:    14       14      H        0.9190   -3.2400    2.3650
  QMMM:    15       15      H        0.8270   -1.4840    2.2840
  QMMM:    16       16      H       -1.4870   -1.6480    1.3270
  QMMM:    17       17      H       -1.3750   -3.4100    1.3500
  QMMM:    18       18      H       -1.2380   -1.5790    3.8070
  QMMM:    19       19      H       -2.6370   -2.5370    3.2970
  QMMM:    20       20      H       -1.1630   -3.3530    3.8410

--------------------------------------------------------------------------------
  RESULTS
--------------------------------------------------------------------------------

      iter         sqm energy              rms gradient
      ----    -------------------    -----------------------
xmin    10      -44.1501 kcal/mol        0.3129 kcal/(mol*A)
  ... geometry converged !
 
 Final MO eigenvalues (eV):
 -37.3413  -33.8721  -29.6462  -24.7113  -22.6274  -20.8341  -16.1202  -15.6888
 -15.1882  -14.2836  -13.9985  -13.3323  -12.6520  -12.4789  -12.0320  -11.6216
 -11.6054  -11.1795  -10.9903    3.7478    3.7863    4.0532    4.0794    4.2838
   4.4856    4.5447    4.6227    4.7329    4.8644    4.9296    4.9536    5.0185
   5.1348    5.1896    5.2743    5.2921    5.3662    5.3749

 Heat of formation   =        -44.16736488 kcal/mol  (       -1.91524066 eV)

 Total SCF energy    =     -22195.11556014 kcal/mol  (     -962.45243312 eV)
 Electronic energy   =    -101453.34837625 kcal/mol  (    -4399.34731262 eV)
 Core-core repulsion =      79258.23281611 kcal/mol  (     3436.89487950 eV)
 
    Atomic Charges for Step       1 :
  Atom    Element       Mulliken Charge
     1      C                 -0.211
     2      C                 -0.159
     3      C                 -0.157
     4      C                 -0.157
     5      C                 -0.159
     6      C                 -0.211
     7      H                  0.071
     8      H                  0.071
     9      H                  0.072
    10      H                  0.078
    11      H                  0.078
    12      H                  0.079
    13      H                  0.077
    14      H                  0.077
    15      H                  0.079
    16      H                  0.078
    17      H                  0.078
    18      H                  0.072
    19      H                  0.071
    20      H                  0.071
 Total Mulliken Charge =      -0.000
 
                  X        Y        Z     TOTAL  
  QM DIPOLE    -0.004    0.002   -0.002    0.005
 
 Final Structure

  QMMM: QM Region Cartesian Coordinates (*=link atom) 
  QMMM: QM_NO.   MM_NO.  ATOM         X         Y         Z
  QMMM:     1        1      C        1.2494   -1.3817   -1.8736
  QMMM:     2        2      C        0.6072   -1.2968   -0.5129
  QMMM:     3        3      C        0.9954   -2.4734    0.3576
  QMMM:     4        4      C        0.4687   -2.3535    1.7713
  QMMM:     5        5      C       -1.0352   -2.5114    1.8503
  QMMM:     6        6      C       -1.5156   -2.5162    3.2788
  QMMM:     7        7      H        2.3626   -1.3534   -1.7871
  QMMM:     8        8      H        0.9234   -0.5248   -2.5113
  QMMM:     9        9      H        0.9629   -2.3317   -2.3863
  QMMM:    10       10      H        0.9137   -0.3413   -0.0109
  QMMM:    11       11      H       -0.5089   -1.2664   -0.6260
  QMMM:    12       12      H        0.6156   -3.4214   -0.1071
  QMMM:    13       13      H        2.1153   -2.5477    0.3940
  QMMM:    14       14      H        0.9535   -3.1430    2.4058
  QMMM:    15       15      H        0.7618   -1.3588    2.1997
  QMMM:    16       16      H       -1.5298   -1.6734    1.2912
  QMMM:    17       17      H       -1.3389   -3.4676    1.3479
  QMMM:    18       18      H       -1.2175   -1.5735    3.7985
  QMMM:    19       19      H       -2.6285   -2.6016    3.3138
  QMMM:    20       20      H       -1.0782   -3.3775    3.8395

           --------- Calculation Completed ----------

