            --------------------------------------------------------
                             AMBER SQM VERSION 19
 
                                     By
              Ross C. Walker, Michael F. Crowley, Scott Brozell,
                         Tim Giese, Andreas W. Goetz,
                        Tai-Sung Lee and David A. Case
 
            --------------------------------------------------------
 

--------------------------------------------------------------------------------
  QM CALCULATION INFO
--------------------------------------------------------------------------------

| QMMM: Citation for AMBER QMMM Run:
| QMMM: R.C. Walker, M.F. Crowley and D.A. Case, J. COMP. CHEM. 29:1019, 2008

QMMM: SINGLET STATE CALCULATION
QMMM: RHF CALCULATION, NO. OF DOUBLY OCCUPIED LEVELS = 18

| QMMM: *** Selected Hamiltonian *** 
| QMMM: AM1         

| QMMM: *** Parameter sets in use ***
| QMMM: O : M.J.S.DEWAR et al. JACS, 107, 3902, (1985)
| QMMM: C : M.J.S.DEWAR et al. JACS, 107, 3902, (1985)
| QMMM: H : M.J.S.DEWAR et al. JACS, 107, 3902, (1985)

| QMMM: *** SCF convergence criteria ***
| QMMM: Energy change                :  0.1D-09 kcal/mol
| QMMM: Error matrix |FP-PF|         :  0.1D+00 au
| QMMM: Density matrix change        :  0.5D-06
| QMMM: Maximum number of SCF cycles :     1000

| QMMM: *** Diagonalization Routine Information ***
| QMMM: Pseudo diagonalizations are allowed.
| QMMM: Auto diagonalization routine selection is in use.
| QMMM:
| QMMM: Timing diagonalization routines:
| QMMM:                              norbs =       32
| QMMM:    diag iterations used for timing =       20
| QMMM:
| QMMM:              Internal diag routine = 0.022775 seconds
| QMMM:                 Dspev diag routine = 0.083712 seconds
| QMMM:                Dspevd diag routine = 0.065326 seconds
| QMMM:                Dspevx diag routine = 0.100286 seconds
| QMMM:                 Dsyev diag routine = 0.082908 seconds
| QMMM:                Dsyevd diag routine = 0.061106 seconds
| QMMM:                Dsyevr diag routine = 0.046818 seconds
| QMMM:
| QMMM:                Pseudo diag routine = 0.014071 seconds
| QMMM:
| QMMM: Using internal diagonalization routine (diag_routine=1).

  QMMM: QM Region Cartesian Coordinates (*=link atom) 
  QMMM: QM_NO.   MM_NO.  ATOM         X         Y         Z
  QMMM:     1        1      O       -1.4200    0.0150    0.1840
  QMMM:     2        2      C       -0.7370   -1.1670   -0.2590
  QMMM:     3        3      C        0.7000   -1.1820    0.2610
  QMMM:     4        4      O        1.4080   -0.0140   -0.1840
  QMMM:     5        5      C        0.7260    1.1680    0.2610
  QMMM:     6        6      C       -0.7130    1.1840   -0.2550
  QMMM:     7        7      H       -1.2860   -2.0360    0.1160
  QMMM:     8        8      H       -0.7580   -1.1920   -1.3540
  QMMM:     9        9      H        0.7200   -1.2030    1.3570
  QMMM:    10       10      H        1.2330   -2.0630   -0.1110
  QMMM:    11       11      H        0.7480    1.1900    1.3570
  QMMM:    12       12      H        1.2760    2.0370   -0.1120
  QMMM:    13       13      H       -0.7350    1.2140   -1.3510
  QMMM:    14       14      H       -1.2430    2.0630    0.1230

--------------------------------------------------------------------------------
  RESULTS
--------------------------------------------------------------------------------

      iter         sqm energy              rms gradient
      ----    -------------------    -----------------------
xmin    10      -95.1521 kcal/mol        0.0751 kcal/(mol*A)
  ... geometry converged !
 
 Final MO eigenvalues (eV):
 -40.7023  -37.1154  -32.1062  -28.6832  -25.4159  -21.9730  -17.7649  -17.6661
 -16.5323  -16.3786  -16.1354  -14.5357  -13.5426  -12.7903  -12.4259  -11.6393
 -11.4160  -10.2035    2.8267    2.9425    3.5649    3.7645    3.8162    3.8861
   4.0802    4.2114    4.2929    4.4264    4.6141    4.6302    5.9970    6.0142


 Heat of formation   =        -95.15288059 kcal/mol  (       -4.12613853 eV)

 Total SCF energy    =     -29140.82506814 kcal/mol  (    -1263.64099858 eV)
 Electronic energy   =    -109785.23681564 kcal/mol  (    -4760.64510713 eV)
 Core-core repulsion =      80644.41174750 kcal/mol  (     3497.00410856 eV)
 
    Atomic Charges for Step       1 :
  Atom    Element       Mulliken Charge
     1      O                 -0.269
     2      C                 -0.059
     3      C                 -0.059
     4      O                 -0.269
     5      C                 -0.059
     6      C                 -0.059
     7      H                  0.112
     8      H                  0.081
     9      H                  0.081
    10      H                  0.112
    11      H                  0.081
    12      H                  0.112
    13      H                  0.081
    14      H                  0.112
 Total Mulliken Charge =      -0.000
 
                  X        Y        Z     TOTAL  
  QM DIPOLE    -0.002    0.000   -0.003    0.004
 
 Final Structure

  QMMM: QM Region Cartesian Coordinates (*=link atom) 
  QMMM: QM_NO.   MM_NO.  ATOM         X         Y         Z
  QMMM:     1        1      O       -1.4094    0.0160    0.1253
  QMMM:     2        2      C       -0.7318   -1.1747   -0.2651
  QMMM:     3        3      C        0.6946   -1.1905    0.2690
  QMMM:     4        4      O        1.3981   -0.0141   -0.1190
  QMMM:     5        5      C        0.7201    1.1770    0.2697
  QMMM:     6        6      C       -0.7064    1.1923   -0.2641
  QMMM:     7        7      H       -1.3415   -2.0013    0.1838
  QMMM:     8        8      H       -0.7332   -1.2547   -1.3840
  QMMM:     9        9      H        0.6950   -1.2727    1.3878
  QMMM:    10       10      H        1.2864   -2.0291   -0.1816
  QMMM:    11       11      H        0.7222    1.2585    1.3886
  QMMM:    12       12      H        1.3297    2.0029   -0.1805
  QMMM:    13       13      H       -0.7066    1.2734   -1.3829
  QMMM:    14       14      H       -1.2982    2.0312    0.1859

           --------- Calculation Completed ----------

