            --------------------------------------------------------
                             AMBER SQM VERSION 19
 
                                     By
              Ross C. Walker, Michael F. Crowley, Scott Brozell,
                         Tim Giese, Andreas W. Goetz,
                        Tai-Sung Lee and David A. Case
 
            --------------------------------------------------------
 

--------------------------------------------------------------------------------
  QM CALCULATION INFO
--------------------------------------------------------------------------------

| QMMM: Citation for AMBER QMMM Run:
| QMMM: R.C. Walker, M.F. Crowley and D.A. Case, J. COMP. CHEM. 29:1019, 2008

QMMM: SINGLET STATE CALCULATION
QMMM: RHF CALCULATION, NO. OF DOUBLY OCCUPIED LEVELS = 13

| QMMM: *** Selected Hamiltonian *** 
| QMMM: AM1         

| QMMM: *** Parameter sets in use ***
| QMMM: O : M.J.S.DEWAR et al. JACS, 107, 3902, (1985)
| QMMM: C : M.J.S.DEWAR et al. JACS, 107, 3902, (1985)
| QMMM: H : M.J.S.DEWAR et al. JACS, 107, 3902, (1985)

| QMMM: *** SCF convergence criteria ***
| QMMM: Energy change                :  0.1D-09 kcal/mol
| QMMM: Error matrix |FP-PF|         :  0.1D+00 au
| QMMM: Density matrix change        :  0.5D-06
| QMMM: Maximum number of SCF cycles :     1000

| QMMM: *** Diagonalization Routine Information ***
| QMMM: Pseudo diagonalizations are allowed.
| QMMM: Auto diagonalization routine selection is in use.
| QMMM:
| QMMM: Timing diagonalization routines:
| QMMM:                              norbs =       24
| QMMM:    diag iterations used for timing =       20
| QMMM:
| QMMM:              Internal diag routine = 0.014653 seconds
| QMMM:                 Dspev diag routine = 0.134890 seconds
| QMMM:                Dspevd diag routine = 0.066244 seconds
| QMMM:                Dspevx diag routine = 0.114941 seconds
| QMMM:                 Dsyev diag routine = 0.121356 seconds
| QMMM:                Dsyevd diag routine = 0.049598 seconds
| QMMM:                Dsyevr diag routine = 0.040337 seconds
| QMMM:
| QMMM:                Pseudo diag routine = 0.014390 seconds
| QMMM:
| QMMM: Using internal diagonalization routine (diag_routine=1).

  QMMM: QM Region Cartesian Coordinates (*=link atom) 
  QMMM: QM_NO.   MM_NO.  ATOM         X         Y         Z
  QMMM:     1        1      O        0.9400    0.0170   -0.0610
  QMMM:     2        2      C        0.4730   -0.5350    1.1660
  QMMM:     3        3      C        0.9600   -1.9700    1.2890
  QMMM:     4        4      C        0.9600    0.3270    2.3210
  QMMM:     5        5      H        1.9130    0.0080   -0.0430
  QMMM:     6        6      H       -0.6220   -0.5210    1.1350
  QMMM:     7        7      H        2.0540   -2.0160    1.2770
  QMMM:     8        8      H        0.6000   -2.4330    2.2130
  QMMM:     9        9      H        0.6100   -2.5660    0.4400
  QMMM:    10       10      H        0.6100    1.3580    2.2020
  QMMM:    11       11      H        0.6010   -0.0560    3.2800
  QMMM:    12       12      H        2.0540    0.3670    2.3470

--------------------------------------------------------------------------------
  RESULTS
--------------------------------------------------------------------------------

      iter         sqm energy              rms gradient
      ----    -------------------    -----------------------
xmin    10      -69.6147 kcal/mol        0.3385 kcal/(mol*A)
  ... geometry converged !
 
 Final MO eigenvalues (eV):
 -38.7073  -32.5638  -28.0259  -22.4107  -17.4223  -16.5083  -15.0837  -14.4096
 -13.2594  -12.7600  -12.6139  -11.7319  -11.1228    3.5755    3.6675    4.0295
   4.1100    4.3265    4.5811    4.6166    4.8257    4.9812    5.0114    6.3714


 Heat of formation   =        -69.62397318 kcal/mol  (       -3.01912203 eV)

 Total SCF energy    =     -18809.14310458 kcal/mol  (     -815.62564956 eV)
 Electronic energy   =     -61562.82969205 kcal/mol  (    -2669.56461958 eV)
 Core-core repulsion =      42753.68658747 kcal/mol  (     1853.93897001 eV)
 
    Atomic Charges for Step       1 :
  Atom    Element       Mulliken Charge
     1      O                 -0.326
     2      C                  0.024
     3      C                 -0.247
     4      C                 -0.247
     5      H                  0.194
     6      H                  0.113
     7      H                  0.073
     8      H                  0.083
     9      H                  0.088
    10      H                  0.088
    11      H                  0.083
    12      H                  0.073
 Total Mulliken Charge =      -0.000
 
                  X        Y        Z     TOTAL  
  QM DIPOLE     0.807   -0.614    1.354    1.692
 
 Final Structure

  QMMM: QM Region Cartesian Coordinates (*=link atom) 
  QMMM: QM_NO.   MM_NO.  ATOM         X         Y         Z
  QMMM:     1        1      O        0.8925    0.0286   -0.0771
  QMMM:     2        2      C        0.4922   -0.5332    1.1646
  QMMM:     3        3      C        0.9769   -1.9657    1.2946
  QMMM:     4        4      C        0.9758    0.3160    2.3257
  QMMM:     5        5      H        1.8566    0.0343   -0.0909
  QMMM:     6        6      H       -0.6344   -0.5099    1.1112
  QMMM:     7        7      H        2.0919   -2.0001    1.3362
  QMMM:     8        8      H        0.5694   -2.4233    2.2265
  QMMM:     9        9      H        0.6371   -2.5650    0.4165
  QMMM:    10       10      H        0.6331    1.3703    2.1959
  QMMM:    11       11      H        0.5707   -0.0827    3.2853
  QMMM:    12       12      H        2.0910    0.3107    2.3775

           --------- Calculation Completed ----------

