            --------------------------------------------------------
                             AMBER SQM VERSION 19
 
                                     By
              Ross C. Walker, Michael F. Crowley, Scott Brozell,
                         Tim Giese, Andreas W. Goetz,
                        Tai-Sung Lee and David A. Case
 
            --------------------------------------------------------
 

--------------------------------------------------------------------------------
  QM CALCULATION INFO
--------------------------------------------------------------------------------

| QMMM: Citation for AMBER QMMM Run:
| QMMM: R.C. Walker, M.F. Crowley and D.A. Case, J. COMP. CHEM. 29:1019, 2008

QMMM: SINGLET STATE CALCULATION
QMMM: RHF CALCULATION, NO. OF DOUBLY OCCUPIED LEVELS = 13

| QMMM: *** Selected Hamiltonian *** 
| QMMM: AM1         

| QMMM: *** Parameter sets in use ***
| QMMM: C : M.J.S.DEWAR et al. JACS, 107, 3902, (1985)
| QMMM: O : M.J.S.DEWAR et al. JACS, 107, 3902, (1985)
| QMMM: H : M.J.S.DEWAR et al. JACS, 107, 3902, (1985)

| QMMM: *** SCF convergence criteria ***
| QMMM: Energy change                :  0.1D-09 kcal/mol
| QMMM: Error matrix |FP-PF|         :  0.1D+00 au
| QMMM: Density matrix change        :  0.5D-06
| QMMM: Maximum number of SCF cycles :     1000

| QMMM: *** Diagonalization Routine Information ***
| QMMM: Pseudo diagonalizations are allowed.
| QMMM: Auto diagonalization routine selection is in use.
| QMMM:
| QMMM: Timing diagonalization routines:
| QMMM:                              norbs =       22
| QMMM:    diag iterations used for timing =       20
| QMMM:
| QMMM:              Internal diag routine = 0.003014 seconds
| QMMM:                 Dspev diag routine = 0.001942 seconds
| QMMM:                Dspevd diag routine = 0.001077 seconds
| QMMM:                Dspevx diag routine = 0.009693 seconds
| QMMM:                 Dsyev diag routine = 0.001168 seconds
| QMMM:                Dsyevd diag routine = 0.000470 seconds
| QMMM:                Dsyevr diag routine = 0.000700 seconds
| QMMM:
| QMMM:                Pseudo diag routine = 0.000134 seconds
| QMMM:
| QMMM: Using dsyevd routine (diag_routine=6).

  QMMM: QM Region Cartesian Coordinates (*=link atom) 
  QMMM: QM_NO.   MM_NO.  ATOM         X         Y         Z
  QMMM:     1        1      C        1.0970    0.0660   -0.0310
  QMMM:     2        2      C        0.5710   -0.0950    1.3910
  QMMM:     3        3      O        1.0930    0.9570    2.2060
  QMMM:     4        4      O        0.6850    1.3250   -0.5570
  QMMM:     5        5      H        0.7190   -0.7260   -0.6830
  QMMM:     6        6      H        2.1910    0.0490   -0.0430
  QMMM:     7        7      H       -0.5190   -0.0060    1.4090
  QMMM:     8        8      H        0.8600   -1.0580    1.8200
  QMMM:     9        9      H        2.0460    0.7910    2.3180
  QMMM:    10       10      H        0.7300    1.9560    0.1890

--------------------------------------------------------------------------------
  RESULTS
--------------------------------------------------------------------------------

      iter         sqm energy              rms gradient
      ----    -------------------    -----------------------
xmin    10     -111.4282 kcal/mol        0.1219 kcal/(mol*A)
  ... geometry converged !
 
 Final MO eigenvalues (eV):
 -39.4095  -36.9026  -29.8811  -23.7818  -18.8656  -17.7702  -16.5146  -15.9501
 -14.6845  -13.4582  -12.6448  -11.6401  -10.9451    3.2693    3.4465    3.5939
   3.7645    4.0253    4.4128    4.4739    5.8997    6.2931

 Heat of formation   =       -111.42973456 kcal/mol  (       -4.83195588 eV)

 Total SCF energy    =     -22613.22586515 kcal/mol  (     -980.58305647 eV)
 Electronic energy   =     -65067.66625055 kcal/mol  (    -2821.54573742 eV)
 Core-core repulsion =      42454.44038540 kcal/mol  (     1840.96268095 eV)
 
    Atomic Charges for Step       1 :
  Atom    Element       Mulliken Charge
     1      C                 -0.057
     2      C                 -0.068
     3      O                 -0.328
     4      O                 -0.324
     5      H                  0.111
     6      H                  0.061
     7      H                  0.121
     8      H                  0.075
     9      H                  0.198
    10      H                  0.210
 Total Mulliken Charge =      -0.000
 
                  X        Y        Z     TOTAL  
  QM DIPOLE     1.279   -1.526    0.755    2.129
 
 Final Structure

  QMMM: QM Region Cartesian Coordinates (*=link atom) 
  QMMM: QM_NO.   MM_NO.  ATOM         X         Y         Z
  QMMM:     1        1      C        1.0971    0.0855   -0.0164
  QMMM:     2        2      C        0.5865   -0.1058    1.4079
  QMMM:     3        3      O        1.0587    0.9289    2.2504
  QMMM:     4        4      O        0.6612    1.3102   -0.5688
  QMMM:     5        5      H        0.6860   -0.7068   -0.6959
  QMMM:     6        6      H        2.2203    0.0471   -0.0315
  QMMM:     7        7      H       -0.5317   -0.0061    1.4441
  QMMM:     8        8      H        0.8924   -1.1105    1.7992
  QMMM:     9        9      H        2.0155    0.8282    2.3208
  QMMM:    10       10      H        0.7870    1.9883    0.1092

           --------- Calculation Completed ----------

