            --------------------------------------------------------
                             AMBER SQM VERSION 19
 
                                     By
              Ross C. Walker, Michael F. Crowley, Scott Brozell,
                         Tim Giese, Andreas W. Goetz,
                        Tai-Sung Lee and David A. Case
 
            --------------------------------------------------------
 

--------------------------------------------------------------------------------
  QM CALCULATION INFO
--------------------------------------------------------------------------------

| QMMM: Citation for AMBER QMMM Run:
| QMMM: R.C. Walker, M.F. Crowley and D.A. Case, J. COMP. CHEM. 29:1019, 2008

QMMM: SINGLET STATE CALCULATION
QMMM: RHF CALCULATION, NO. OF DOUBLY OCCUPIED LEVELS = 41

| QMMM: *** Selected Hamiltonian *** 
| QMMM: AM1         

| QMMM: *** Parameter sets in use ***
| QMMM: H : M.J.S.DEWAR et al. JACS, 107, 3902, (1985)
| QMMM: C : M.J.S.DEWAR et al. JACS, 107, 3902, (1985)
| QMMM: O : M.J.S.DEWAR et al. JACS, 107, 3902, (1985)

| QMMM: *** SCF convergence criteria ***
| QMMM: Energy change                :  0.1D-09 kcal/mol
| QMMM: Error matrix |FP-PF|         :  0.1D+00 au
| QMMM: Density matrix change        :  0.5D-06
| QMMM: Maximum number of SCF cycles :     1000

| QMMM: *** Diagonalization Routine Information ***
| QMMM: Pseudo diagonalizations are allowed.
| QMMM: Auto diagonalization routine selection is in use.
| QMMM:
| QMMM: Timing diagonalization routines:
| QMMM:                              norbs =       74
| QMMM:    diag iterations used for timing =       15
| QMMM:
| QMMM:              Internal diag routine = 0.135448 seconds
| QMMM:                 Dspev diag routine = 0.490551 seconds
| QMMM:                Dspevd diag routine = 0.259115 seconds
| QMMM:                Dspevx diag routine = 0.530204 seconds
| QMMM:                 Dsyev diag routine = 0.504413 seconds
| QMMM:                Dsyevd diag routine = 0.292184 seconds
| QMMM:                Dsyevr diag routine = 0.205300 seconds
| QMMM:
| QMMM:                Pseudo diag routine = 0.123044 seconds
| QMMM:
| QMMM: Using internal diagonalization routine (diag_routine=1).

  QMMM: QM Region Cartesian Coordinates (*=link atom) 
  QMMM: QM_NO.   MM_NO.  ATOM         X         Y         Z
  QMMM:     1        1      H        0.9610    0.3070    0.3580
  QMMM:     2        2      C        2.0280    0.1580    0.1500
  QMMM:     3        3      C        2.5470    1.1850   -0.8670
  QMMM:     4        4      C        2.1770    2.5850   -0.3240
  QMMM:     5        5      C        4.0960    1.1190   -1.0230
  QMMM:     6        6      C        4.7900   -0.1820   -1.4910
  QMMM:     7        7      C        4.6440   -1.3570   -0.5330
  QMMM:     8        8      O        5.1460   -1.0430    0.6930
  QMMM:     9        9      C        5.0840   -2.0780    1.6810
  QMMM:    10       10      O        4.1630   -2.4390   -0.8360
  QMMM:    11       11      C        4.4270   -0.6020   -2.9120
  QMMM:    12       12      H        5.8700    0.0270   -1.5120
  QMMM:    13       13      C        1.8610    1.0970   -2.2360
  QMMM:    14       14      O        0.8530    0.1860   -2.2520
  QMMM:    15       15      C        0.1310    0.0790   -3.4820
  QMMM:    16       16      O        2.1820    1.7920   -3.1930
  QMMM:    17       17      H        2.5590    0.2470    1.1050
  QMMM:    18       18      H        2.1290   -0.8690   -0.2090
  QMMM:    19       19      H        2.6120    2.7570    0.6670
  QMMM:    20       20      H        2.5320    3.3810   -0.9880
  QMMM:    21       21      H        1.0890    2.7000   -0.2370
  QMMM:    22       22      H        4.4040    1.9080   -1.7250
  QMMM:    23       23      H        4.5430    1.4060   -0.0610
  QMMM:    24       24      H        4.3010   -1.8290    2.4020
  QMMM:    25       25      H        4.8960   -3.0730    1.2660
  QMMM:    26       26      H        6.0450   -2.1040    2.2030
  QMMM:    27       27      H        4.6450    0.2000   -3.6240
  QMMM:    28       28      H        5.0090   -1.4800   -3.2160
  QMMM:    29       29      H        3.3740   -0.8810   -3.0030
  QMMM:    30       30      H        0.0940    1.0220   -4.0360
  QMMM:    31       31      H        0.5800   -0.7050   -4.0990
  QMMM:    32       32      H       -0.8960   -0.2100   -3.2430

--------------------------------------------------------------------------------
  RESULTS
--------------------------------------------------------------------------------

      iter         sqm energy              rms gradient
      ----    -------------------    -----------------------
xmin    10     -198.1205 kcal/mol        0.8486 kcal/(mol*A)
xmin    20     -199.1243 kcal/mol        0.3211 kcal/(mol*A)
  ... geometry converged !
 
 Final MO eigenvalues (eV):
 -41.5425  -40.7327  -38.0639  -37.0044  -36.6623  -34.2951  -28.8127  -28.5618
 -27.9300  -27.6226  -25.1598  -23.8308  -21.2771  -20.1631  -18.5298  -18.1355
 -17.6628  -17.4485  -17.0295  -16.7598  -15.7576  -15.0910  -15.0117  -14.6361
 -14.2265  -13.9300  -13.6255  -13.4965  -13.2887  -13.2149  -13.0637  -12.9066
 -12.8406  -12.6641  -12.3998  -12.1301  -11.6926  -11.5438  -11.4925  -11.1856
 -11.0973    1.0890    1.1390    1.8877    1.9751    3.0340    3.3777    3.3963
   3.5987    3.6791    3.8142    4.0032    4.0346    4.0732    4.1226    4.1666
   4.2146    4.2542    4.2803    4.3183    4.3586    4.4702    4.5388    4.5641
   4.6192    4.6964    4.7279    4.7550    4.8887    5.0621    5.4522    5.4916
   6.7325    6.7638

 Heat of formation   =       -199.17482883 kcal/mol  (       -8.63686869 eV)

 Total SCF energy    =     -64834.39526089 kcal/mol  (    -2811.43034825 eV)
 Electronic energy   =    -383941.77864077 kcal/mol  (   -16648.96486019 eV)
 Core-core repulsion =     319107.38337988 kcal/mol  (    13837.53451194 eV)
 
    Atomic Charges for Step       1 :
  Atom    Element       Mulliken Charge
     1      H                  0.092
     2      C                 -0.215
     3      C                 -0.033
     4      C                 -0.211
     5      C                 -0.150
     6      C                 -0.091
     7      C                  0.300
     8      O                 -0.285
     9      C                 -0.064
    10      O                 -0.350
    11      C                 -0.222
    12      H                  0.122
    13      C                  0.303
    14      O                 -0.271
    15      C                 -0.066
    16      O                 -0.361
    17      H                  0.084
    18      H                  0.102
    19      H                  0.088
    20      H                  0.092
    21      H                  0.087
    22      H                  0.111
    23      H                  0.109
    24      H                  0.082
    25      H                  0.087
    26      H                  0.101
    27      H                  0.099
    28      H                  0.092
    29      H                  0.094
    30      H                  0.085
    31      H                  0.084
    32      H                  0.103
 Total Mulliken Charge =      -0.000
 
                  X        Y        Z     TOTAL  
  QM DIPOLE     0.112    0.797    1.438    1.647
 
 Final Structure

  QMMM: QM Region Cartesian Coordinates (*=link atom) 
  QMMM: QM_NO.   MM_NO.  ATOM         X         Y         Z
  QMMM:     1        1      H        0.9924    0.2152    0.2351
  QMMM:     2        2      C        2.0593    0.0200   -0.0293
  QMMM:     3        3      C        2.5964    1.1393   -0.9032
  QMMM:     4        4      C        2.2702    2.4861   -0.2556
  QMMM:     5        5      C        4.1159    1.0493   -1.0747
  QMMM:     6        6      C        4.6981   -0.2857   -1.5143
  QMMM:     7        7      C        4.6370   -1.3237   -0.4252
  QMMM:     8        8      O        5.2255   -0.9123    0.7432
  QMMM:     9        9      C        5.2290   -1.8455    1.8236
  QMMM:    10       10      O        4.1785   -2.4669   -0.4647
  QMMM:    11       11      C        4.0791   -0.8194   -2.7872
  QMMM:    12       12      H        5.8007   -0.1083   -1.7004
  QMMM:    13       13      C        1.9399    1.1443   -2.2694
  QMMM:    14       14      O        0.8256    0.3570   -2.3657
  QMMM:    15       15      C        0.1603    0.3392   -3.6299
  QMMM:    16       16      O        2.2784    1.7861   -3.2675
  QMMM:    17       17      H        2.6650   -0.0510    0.9071
  QMMM:    18       18      H        2.1114   -0.9593   -0.5663
  QMMM:    19       19      H        2.7293    2.5350    0.7604
  QMMM:    20       20      H        2.6714    3.3216   -0.8782
  QMMM:    21       21      H        1.1651    2.6075   -0.1560
  QMMM:    22       22      H        4.4194    1.8196   -1.8363
  QMMM:    23       23      H        4.5868    1.3258   -0.0920
  QMMM:    24       24      H        4.1791   -2.0734    2.1282
  QMMM:    25       25      H        5.7509   -2.7843    1.5185
  QMMM:    26       26      H        5.7848   -1.3117    2.6333
  QMMM:    27       27      H        4.1156   -0.0340   -3.5815
  QMMM:    28       28      H        4.6326   -1.7245   -3.1350
  QMMM:    29       29      H        3.0118   -1.1084   -2.6185
  QMMM:    30       30      H       -0.1746    1.3692   -3.9003
  QMMM:    31       31      H        0.8485   -0.0578   -4.4145
  QMMM:    32       32      H       -0.7074   -0.3448   -3.4608

           --------- Calculation Completed ----------

