            --------------------------------------------------------
                             AMBER SQM VERSION 19
 
                                     By
              Ross C. Walker, Michael F. Crowley, Scott Brozell,
                         Tim Giese, Andreas W. Goetz,
                        Tai-Sung Lee and David A. Case
 
            --------------------------------------------------------
 

--------------------------------------------------------------------------------
  QM CALCULATION INFO
--------------------------------------------------------------------------------

| QMMM: Citation for AMBER QMMM Run:
| QMMM: R.C. Walker, M.F. Crowley and D.A. Case, J. COMP. CHEM. 29:1019, 2008

QMMM: SINGLET STATE CALCULATION
QMMM: RHF CALCULATION, NO. OF DOUBLY OCCUPIED LEVELS = 31

| QMMM: *** Selected Hamiltonian *** 
| QMMM: AM1         

| QMMM: *** Parameter sets in use ***
| QMMM: C : M.J.S.DEWAR et al. JACS, 107, 3902, (1985)
| QMMM: O : M.J.S.DEWAR et al. JACS, 107, 3902, (1985)
| QMMM: H : M.J.S.DEWAR et al. JACS, 107, 3902, (1985)

| QMMM: *** SCF convergence criteria ***
| QMMM: Energy change                :  0.1D-09 kcal/mol
| QMMM: Error matrix |FP-PF|         :  0.1D+00 au
| QMMM: Density matrix change        :  0.5D-06
| QMMM: Maximum number of SCF cycles :     1000

| QMMM: *** Diagonalization Routine Information ***
| QMMM: Pseudo diagonalizations are allowed.
| QMMM: Auto diagonalization routine selection is in use.
| QMMM:
| QMMM: Timing diagonalization routines:
| QMMM:                              norbs =       54
| QMMM:    diag iterations used for timing =       15
| QMMM:
| QMMM:              Internal diag routine = 0.003651 seconds
| QMMM:                 Dspev diag routine = 0.002291 seconds
| QMMM:                Dspevd diag routine = 0.001705 seconds
| QMMM:                Dspevx diag routine = 0.014697 seconds
| QMMM:                 Dsyev diag routine = 0.002585 seconds
| QMMM:                Dsyevd diag routine = 0.002915 seconds
| QMMM:                Dsyevr diag routine = 0.006191 seconds
| QMMM:
| QMMM:                Pseudo diag routine = 0.001997 seconds
| QMMM: Pseudo diagonalization appears to be slower than regular
| QMMM: diagonalization. Setting pseudo_diag=0 for optimum performance.
| QMMM:
| QMMM: Using dspevd routine (diag_routine=3).

  QMMM: QM Region Cartesian Coordinates (*=link atom) 
  QMMM: QM_NO.   MM_NO.  ATOM         X         Y         Z
  QMMM:     1        1      C        0.9630    2.4140   -0.4030
  QMMM:     2        2      C        0.8240    2.6460    1.1070
  QMMM:     3        3      O        1.2390    1.5230    1.8930
  QMMM:     4        4      C        2.6560    1.3390    1.9130
  QMMM:     5        5      C        3.0180    0.2550    2.9290
  QMMM:     6        6      O        4.4290    0.0440    2.9190
  QMMM:     7        7      C        4.8490   -1.0980    3.6660
  QMMM:     8        8      C        4.7080   -0.9130    5.1780
  QMMM:     9        9      O        5.2260   -2.0420    5.8750
  QMMM:    10       10      O        0.2550    1.2600   -0.8450
  QMMM:    11       11      H        2.0100    2.2890   -0.6930
  QMMM:    12       12      H        0.5630    3.2810   -0.9450
  QMMM:    13       13      H        1.3700    3.5420    1.4190
  QMMM:    14       14      H       -0.2340    2.8000    1.3450
  QMMM:    15       15      H        3.0120    1.0400    0.9220
  QMMM:    16       16      H        3.1590    2.2750    2.1820
  QMMM:    17       17      H        2.6940    0.5770    3.9260
  QMMM:    18       18      H        2.4870   -0.6740    2.6870
  QMMM:    19       19      H        4.3140   -1.9920    3.3250
  QMMM:    20       20      H        5.9070   -1.2690    3.4270
  QMMM:    21       21      H        5.2590   -0.0220    5.4990
  QMMM:    22       22      H        3.6630   -0.7680    5.4690
  QMMM:    23       23      H        4.4710   -2.5880    6.1490
  QMMM:    24       24      H       -0.4690    1.0980   -0.2100

--------------------------------------------------------------------------------
  RESULTS
--------------------------------------------------------------------------------

      iter         sqm energy              rms gradient
      ----    -------------------    -----------------------
xmin    10     -203.0352 kcal/mol        0.3084 kcal/(mol*A)
xmin    20     -203.1925 kcal/mol        0.1319 kcal/(mol*A)
xmin    30     -203.4467 kcal/mol        0.7574 kcal/(mol*A)
xmin    40     -203.7119 kcal/mol        1.1882 kcal/(mol*A)
xmin    50     -204.4700 kcal/mol        0.2976 kcal/(mol*A)
xmin    60     -204.5939 kcal/mol        0.4573 kcal/(mol*A)
xmin    70     -204.6541 kcal/mol        0.4017 kcal/(mol*A)
  ... geometry converged !
 
 Final MO eigenvalues (eV):
 -40.1638  -39.4488  -37.9532  -37.3081  -31.9061  -30.0566  -28.9081  -24.5557
 -23.4474  -23.1438  -18.6367  -18.4442  -18.3762  -17.2573  -17.1264  -17.0623
 -15.9758  -15.6316  -15.5094  -14.8793  -14.5981  -14.0699  -13.1001  -12.8827
 -12.6344  -12.3968  -12.0659  -11.6131  -11.4979  -10.6964  -10.5566    2.0607
   3.1793    3.3425    3.4102    3.4999    3.6154    3.6818    3.7577    3.7888
   3.8180    3.8710    3.9479    4.0397    4.1507    4.3277    4.4021    4.4567
   4.5181    4.5578    5.8241    5.8884    6.0468    6.3079

 Heat of formation   =       -204.66981554 kcal/mol  (       -8.87514919 eV)

 Total SCF energy    =     -51752.13813368 kcal/mol  (    -2244.14110983 eV)
 Electronic energy   =    -230725.47998693 kcal/mol  (   -10005.00758800 eV)
 Core-core repulsion =     178973.34185325 kcal/mol  (     7760.86647818 eV)
 
    Atomic Charges for Step       1 :
  Atom    Element       Mulliken Charge
     1      C                 -0.052
     2      C                 -0.063
     3      O                 -0.287
     4      C                 -0.028
     5      C                 -0.028
     6      O                 -0.272
     7      C                 -0.058
     8      C                 -0.057
     9      O                 -0.316
    10      O                 -0.323
    11      H                  0.066
    12      H                  0.110
    13      H                  0.083
    14      H                  0.119
    15      H                  0.082
    16      H                  0.084
    17      H                  0.081
    18      H                  0.080
    19      H                  0.069
    20      H                  0.120
    21      H                  0.121
    22      H                  0.066
    23      H                  0.195
    24      H                  0.209
 Total Mulliken Charge =       0.000
 
                  X        Y        Z     TOTAL  
  QM DIPOLE    -0.107    0.231    0.308    0.400
 
 Final Structure

  QMMM: QM Region Cartesian Coordinates (*=link atom) 
  QMMM: QM_NO.   MM_NO.  ATOM         X         Y         Z
  QMMM:     1        1      C        0.9322    2.4484   -0.3722
  QMMM:     2        2      C        0.8964    2.7130    1.1288
  QMMM:     3        3      O        1.2796    1.5553    1.8609
  QMMM:     4        4      C        2.6909    1.3524    1.9068
  QMMM:     5        5      C        2.9112    0.2125    2.8981
  QMMM:     6        6      O        4.3210   -0.0020    2.9285
  QMMM:     7        7      C        4.7039   -1.1292    3.7003
  QMMM:     8        8      C        4.6167   -0.8403    5.1963
  QMMM:     9        9      O        5.2160   -1.8763    5.9465
  QMMM:    10       10      O        0.0893    1.3750   -0.7362
  QMMM:    11       11      H        1.9830    2.2337   -0.7062
  QMMM:    12       12      H        0.5349    3.3356   -0.9331
  QMMM:    13       13      H        1.5446    3.5887    1.3882
  QMMM:    14       14      H       -0.1591    2.8992    1.4678
  QMMM:    15       15      H        3.0690    1.0722    0.8895
  QMMM:    16       16      H        3.2112    2.2826    2.2542
  QMMM:    17       17      H        2.5433    0.4998    3.9169
  QMMM:    18       18      H        2.3813   -0.7156    2.5591
  QMMM:    19       19      H        4.0839   -2.0258    3.4351
  QMMM:    20       20      H        5.7722   -1.3107    3.4016
  QMMM:    21       21      H        5.2052    0.0805    5.4544
  QMMM:    22       22      H        3.5483   -0.6966    5.5089
  QMMM:    23       23      H        4.7214   -2.6846    5.7653
  QMMM:    24       24      H        0.2767    0.6492   -0.1257

           --------- Calculation Completed ----------

