===========================================================================
| ACPYPE: AnteChamber PYthon Parser interfacE v. 2022.7.21 (c) 2024 AWSdS |
===========================================================================
DEBUG: CLI: -s 86400 -i input.mol2 -c bcc -n 0 -m 1 -a gaff2 -f -o gmx -k qm_theory='AM1', grms_tol=0.05, scfconv=1.d-10, ndiis_attempts=700, 
DEBUG: Python Version 3.8.10 (default, Mar 15 2022, 12:22:08) 
[GCC 9.4.0]
DEBUG: Max execution time tolerance is 1d
DEBUG: /home/acpype/amber21-11_linux/bin/antechamber -dr no -i input.mol2 -fi mol2 -o tmp -fo ac -pf y
DEBUG: 
Welcome to antechamber 21.0: molecular input file processor.

The atom type is set to gaff; the options available to the -at flag are
 gaff, gaff2, amber, bcc, and sybyl.

---Judge bond type for Residue 1 with ID of 1 and Name of HOH ---

---Judge bond type for Residue 2 with ID of 0 and Name of HOH ---

DEBUG: setResNameCheckCoords done
DEBUG: Net charge drift '0.000000'
==> ... charge set to 0
==> Executing Antechamber...
DEBUG: /home/acpype/amber21-11_linux/bin/antechamber -dr no -i input.mol2 -fi mol2 -o input_bcc_gaff2.mol2 -fo mol2 -c bcc -nc 0 -m 1 -s 2 -df 2 -at gaff2 -pf n -ek "qm_theory='AM1', grms_tol=0.05, scfconv=1.d-10, ndiis_attempts=700, "
DEBUG: No file left to be removed
==> * Antechamber OK *
DEBUG: /home/acpype/amber21-11_linux/bin/parmchk2 -i input_bcc_gaff2.mol2 -f mol2 -o input_AC.frcmod -s 2
==> * Parmchk OK *
DEBUG: No crd or prm files left to be removed
==> Executing Tleap...
DEBUG: /home/acpype/amber21-11_linux/bin/tleap -f tleap.in
DEBUG: ++++++++++start_quote+++++++++++++++++++++++++++++++++++++++++++++++++++++++++++
DEBUG: Checking 'HOH'....
Checking parameters for unit 'HOH'.
Checking for bond parameters.
Checking for angle parameters.
Unit is OK.
DEBUG: ++++++++++end_quote+++++++++++++++++++++++++++++++++++++++++++++++++++++++++++++
==> * Tleap OK *
==> Removing temporary files...
DEBUG: prmtop and inpcrd files loaded
DEBUG: basename defined = 'input'
DEBUG: getCoords done
DEBUG: getABCOEFs done
DEBUG: charge to be balanced: total -0.0010000000
DEBUG: balanceCharges done
DEBUG: Balanced TotalCharge 0.0000000000
DEBUG: PBC = None
DEBUG: getAtoms done
DEBUG: getBonds done
DEBUG: getAngles done
DEBUG: getDihedrals done
==> Using OpenBabel v.3.0.0

==> Writing GROMACS files

==> Disambiguating lower and uppercase atomtypes in GMX top file, even if identical.

DEBUG: writing GRO file
DEBUG: Box size estimated
DEBUG: writing POSRE file
DEBUG: atomTypes 2
DEBUG: GMX atomtypes done
DEBUG: atoms 3
DEBUG: GMX atoms done
DEBUG: bonds 2
DEBUG: GMX bonds done
DEBUG: atomPairs 0
DEBUG: GMX pairs done
DEBUG: angles 1
DEBUG: GMX angles done
DEBUG: setProperDihedralsCoef done
DEBUG: properDihedralsCoefRB 0
DEBUG: properDihedralsAlphaGamma 0
DEBUG: properDihedralsGmx45 0
==> Writing GMX dihedrals for GMX 4.5 and higher.

DEBUG: GMX special proper dihedrals done
DEBUG: improperDihedrals 0
DEBUG: GMX improper dihedrals done
==> Writing pickle file input.pkl
==> Removing temporary files...
Total time of execution: 3s
DEBUG: No tmp folder left to be removed
