            --------------------------------------------------------
                             AMBER SQM VERSION 19
 
                                     By
              Ross C. Walker, Michael F. Crowley, Scott Brozell,
                         Tim Giese, Andreas W. Goetz,
                        Tai-Sung Lee and David A. Case
 
            --------------------------------------------------------
 

--------------------------------------------------------------------------------
  QM CALCULATION INFO
--------------------------------------------------------------------------------

| QMMM: Citation for AMBER QMMM Run:
| QMMM: R.C. Walker, M.F. Crowley and D.A. Case, J. COMP. CHEM. 29:1019, 2008

QMMM: SINGLET STATE CALCULATION
QMMM: RHF CALCULATION, NO. OF DOUBLY OCCUPIED LEVELS =  4

| QMMM: *** Selected Hamiltonian *** 
| QMMM: AM1         

| QMMM: *** Parameter sets in use ***
| QMMM: O : M.J.S.DEWAR et al. JACS, 107, 3902, (1985)
| QMMM: H : M.J.S.DEWAR et al. JACS, 107, 3902, (1985)

| QMMM: *** SCF convergence criteria ***
| QMMM: Energy change                :  0.1D-09 kcal/mol
| QMMM: Error matrix |FP-PF|         :  0.1D+00 au
| QMMM: Density matrix change        :  0.5D-06
| QMMM: Maximum number of SCF cycles :     1000

| QMMM: *** Diagonalization Routine Information ***
| QMMM: Pseudo diagonalizations are allowed.
| QMMM: Auto diagonalization routine selection is in use.
| QMMM:
| QMMM: Timing diagonalization routines:
| QMMM:                              norbs =        6
| QMMM:    diag iterations used for timing =       20
| QMMM:
| QMMM:              Internal diag routine = 0.001951 seconds
| QMMM:                 Dspev diag routine = 0.006026 seconds
| QMMM:                Dspevd diag routine = 0.002776 seconds
| QMMM:                Dspevx diag routine = 0.006269 seconds
| QMMM:                 Dsyev diag routine = 0.004419 seconds
| QMMM:                Dsyevd diag routine = 0.002977 seconds
| QMMM:                Dsyevr diag routine = 0.006413 seconds
| QMMM:
| QMMM:                Pseudo diag routine = 0.000811 seconds
| QMMM:
| QMMM: Using internal diagonalization routine (diag_routine=1).

  QMMM: QM Region Cartesian Coordinates (*=link atom) 
  QMMM: QM_NO.   MM_NO.  ATOM         X         Y         Z
  QMMM:     1        1      O        0.9580    0.0630   -0.0640
  QMMM:     2        2      H        0.6790   -0.2130   -0.9500
  QMMM:     3        3      H        1.9260    0.0490   -0.1080

--------------------------------------------------------------------------------
  RESULTS
--------------------------------------------------------------------------------

  ... geometry converged !
 
 Final MO eigenvalues (eV):
 -36.4219  -18.1981  -14.9527  -12.4640    4.4172    6.1901

 Heat of formation   =        -59.22876681 kcal/mol  (       -2.56835206 eV)

 Total SCF energy    =      -8038.18880363 kcal/mol  (     -348.56202262 eV)
 Electronic energy   =     -11375.00803276 kcal/mol  (     -493.25736233 eV)
 Core-core repulsion =       3336.81922914 kcal/mol  (      144.69533971 eV)
 
    Atomic Charges for Step       1 :
  Atom    Element       Mulliken Charge
     1      O                 -0.383
     2      H                  0.191
     3      H                  0.191
 Total Mulliken Charge =      -0.000
 
                  X        Y        Z     TOTAL  
  QM DIPOLE     1.070   -0.453   -1.453    1.861
 
 Final Structure

  QMMM: QM Region Cartesian Coordinates (*=link atom) 
  QMMM: QM_NO.   MM_NO.  ATOM         X         Y         Z
  QMMM:     1        1      O        0.9596    0.0629   -0.0641
  QMMM:     2        2      H        0.6838   -0.2109   -0.9435
  QMMM:     3        3      H        1.9196    0.0470   -0.1144

           --------- Calculation Completed ----------

