            --------------------------------------------------------
                             AMBER SQM VERSION 19
 
                                     By
              Ross C. Walker, Michael F. Crowley, Scott Brozell,
                         Tim Giese, Andreas W. Goetz,
                        Tai-Sung Lee and David A. Case
 
            --------------------------------------------------------
 

--------------------------------------------------------------------------------
  QM CALCULATION INFO
--------------------------------------------------------------------------------

| QMMM: Citation for AMBER QMMM Run:
| QMMM: R.C. Walker, M.F. Crowley and D.A. Case, J. COMP. CHEM. 29:1019, 2008

QMMM: SINGLET STATE CALCULATION
QMMM: RHF CALCULATION, NO. OF DOUBLY OCCUPIED LEVELS = 16

| QMMM: *** Selected Hamiltonian *** 
| QMMM: AM1         

| QMMM: *** Parameter sets in use ***
| QMMM: C : M.J.S.DEWAR et al. JACS, 107, 3902, (1985)
| QMMM: O : M.J.S.DEWAR et al. JACS, 107, 3902, (1985)
| QMMM: H : M.J.S.DEWAR et al. JACS, 107, 3902, (1985)

| QMMM: *** SCF convergence criteria ***
| QMMM: Energy change                :  0.1D-09 kcal/mol
| QMMM: Error matrix |FP-PF|         :  0.1D+00 au
| QMMM: Density matrix change        :  0.5D-06
| QMMM: Maximum number of SCF cycles :     1000

| QMMM: *** Diagonalization Routine Information ***
| QMMM: Pseudo diagonalizations are allowed.
| QMMM: Auto diagonalization routine selection is in use.
| QMMM:
| QMMM: Timing diagonalization routines:
| QMMM:                              norbs =       30
| QMMM:    diag iterations used for timing =       20
| QMMM:
| QMMM:              Internal diag routine = 0.019201 seconds
| QMMM:                 Dspev diag routine = 0.068359 seconds
| QMMM:                Dspevd diag routine = 0.057163 seconds
| QMMM:                Dspevx diag routine = 0.086876 seconds
| QMMM:                 Dsyev diag routine = 0.070637 seconds
| QMMM:                Dsyevd diag routine = 0.055212 seconds
| QMMM:                Dsyevr diag routine = 0.042759 seconds
| QMMM:
| QMMM:                Pseudo diag routine = 0.012237 seconds
| QMMM:
| QMMM: Using internal diagonalization routine (diag_routine=1).

  QMMM: QM Region Cartesian Coordinates (*=link atom) 
  QMMM: QM_NO.   MM_NO.  ATOM         X         Y         Z
  QMMM:     1        1      C        1.1150   -2.4770   -0.0700
  QMMM:     2        2      C        0.5760   -1.2580    0.6620
  QMMM:     3        3      C        1.0240   -1.2350    2.1210
  QMMM:     4        4      C        0.5040   -0.0040    2.8540
  QMMM:     5        5      O        0.9380   -0.0290    4.2070
  QMMM:     6        6      H        2.2100   -2.4740   -0.0830
  QMMM:     7        7      H        0.7640   -2.4840   -1.1070
  QMMM:     8        8      H        0.7800   -3.4040    0.4070
  QMMM:     9        9      H        0.9190   -0.3520    0.1500
  QMMM:    10       10      H       -0.5190   -1.2650    0.6100
  QMMM:    11       11      H        0.6770   -2.1390    2.6370
  QMMM:    12       12      H        2.1190   -1.2580    2.1830
  QMMM:    13       13      H        0.8890    0.9120    2.3950
  QMMM:    14       14      H       -0.5890    0.0390    2.8400
  QMMM:    15       15      H        0.5190   -0.7970    4.6330

--------------------------------------------------------------------------------
  RESULTS
--------------------------------------------------------------------------------

      iter         sqm energy              rms gradient
      ----    -------------------    -----------------------
xmin    10      -78.0355 kcal/mol        0.0737 kcal/(mol*A)
  ... geometry converged !
 
 Final MO eigenvalues (eV):
 -38.5181  -35.3839  -29.6565  -24.1796  -21.9508  -18.1140  -16.3785  -15.6443
 -15.1619  -13.8419  -13.6163  -12.9398  -12.0974  -11.8713  -11.4402  -10.9597
   3.5491    3.5582    3.8668    4.0638    4.1008    4.3079    4.5128    4.6034
   4.7503    4.8755    4.9414    5.0222    5.1137    6.3157

 Heat of formation   =        -78.03896015 kcal/mol  (       -3.38402325 eV)

 Total SCF energy    =     -22404.41112307 kcal/mol  (     -971.52816977 eV)
 Electronic energy   =     -81485.43677443 kcal/mol  (    -3533.47369040 eV)
 Core-core repulsion =      59081.02565136 kcal/mol  (     2561.94552063 eV)
 
    Atomic Charges for Step       1 :
  Atom    Element       Mulliken Charge
     1      C                 -0.211
     2      C                 -0.156
     3      C                 -0.199
     4      C                 -0.024
     5      O                 -0.326
     6      H                  0.074
     7      H                  0.074
     8      H                  0.072
     9      H                  0.081
    10      H                  0.078
    11      H                  0.078
    12      H                  0.094
    13      H                  0.105
    14      H                  0.061
    15      H                  0.195
 Total Mulliken Charge =      -0.000
 
                  X        Y        Z     TOTAL  
  QM DIPOLE    -0.745   -1.175   -0.981    1.702
 
 Final Structure

  QMMM: QM Region Cartesian Coordinates (*=link atom) 
  QMMM: QM_NO.   MM_NO.  ATOM         X         Y         Z
  QMMM:     1        1      C        1.1110   -2.4641   -0.0588
  QMMM:     2        2      C        0.5789   -1.2601    0.6747
  QMMM:     3        3      C        1.0198   -1.2526    2.1212
  QMMM:     4        4      C        0.4953   -0.0245    2.8445
  QMMM:     5        5      O        0.9063    0.0050    4.1980
  QMMM:     6        6      H        2.2279   -2.4641   -0.0589
  QMMM:     7        7      H        0.7580   -2.4591   -1.1183
  QMMM:     8        8      H        0.7613   -3.4079    0.4254
  QMMM:     9        9      H        0.9364   -0.3234    0.1705
  QMMM:    10       10      H       -0.5424   -1.2544    0.6255
  QMMM:    11       11      H        0.6487   -2.1776    2.6362
  QMMM:    12       12      H        2.1394   -1.2676    2.1824
  QMMM:    13       13      H        0.9221    0.9159    2.4024
  QMMM:    14       14      H       -0.6258    0.0162    2.7832
  QMMM:    15       15      H        0.5892   -0.8067    4.6111

           --------- Calculation Completed ----------

