            --------------------------------------------------------
                             AMBER SQM VERSION 19
 
                                     By
              Ross C. Walker, Michael F. Crowley, Scott Brozell,
                         Tim Giese, Andreas W. Goetz,
                        Tai-Sung Lee and David A. Case
 
            --------------------------------------------------------
 

--------------------------------------------------------------------------------
  QM CALCULATION INFO
--------------------------------------------------------------------------------

| QMMM: Citation for AMBER QMMM Run:
| QMMM: R.C. Walker, M.F. Crowley and D.A. Case, J. COMP. CHEM. 29:1019, 2008

QMMM: SINGLET STATE CALCULATION
QMMM: RHF CALCULATION, NO. OF DOUBLY OCCUPIED LEVELS =412

| QMMM: *** Selected Hamiltonian *** 
| QMMM: AM1         

| QMMM: *** Parameter sets in use ***
| QMMM: O : M.J.S.DEWAR et al. JACS, 107, 3902, (1985)
| QMMM: C : M.J.S.DEWAR et al. JACS, 107, 3902, (1985)
| QMMM: H : M.J.S.DEWAR et al. JACS, 107, 3902, (1985)

| QMMM: *** SCF convergence criteria ***
| QMMM: Energy change                :  0.1D-09 kcal/mol
| QMMM: Error matrix |FP-PF|         :  0.1D+00 au
| QMMM: Density matrix change        :  0.5D-06
| QMMM: Maximum number of SCF cycles :     1000

| QMMM: *** Diagonalization Routine Information ***
| QMMM: Pseudo diagonalizations are allowed.
| QMMM: Auto diagonalization routine selection is in use.
| QMMM:
| QMMM: Timing diagonalization routines:
| QMMM:                              norbs =      754
| QMMM:    diag iterations used for timing =        1
| QMMM:
| QMMM:              Internal diag routine = 7.839248 seconds
| QMMM:                 Dspev diag routine = ******** seconds
| QMMM:                Dspevd diag routine = 3.642801 seconds
| QMMM:                Dspevx diag routine = ******** seconds
| QMMM:                 Dsyev diag routine = ******** seconds
| QMMM:                Dsyevd diag routine = 2.680487 seconds
| QMMM:                Dsyevr diag routine = 2.389369 seconds
| QMMM:
| QMMM:                Pseudo diag routine = 8.174599 seconds
| QMMM: Pseudo diagonalization appears to be slower than regular
| QMMM: diagonalization. Setting pseudo_diag=0 for optimum performance.
| QMMM:
| QMMM: Using dsyevr routine (diag_routine=7).

  QMMM: QM Region Cartesian Coordinates (*=link atom) 
  QMMM: QM_NO.   MM_NO.  ATOM         X         Y         Z
  QMMM:     1        1      O       13.9230   12.8130   37.7840
  QMMM:     2        2      C       12.5370   12.6160   37.6340
  QMMM:     3        3      C       12.0430   11.2780   38.2270
  QMMM:     4        4      C       10.5580   11.2260   37.7470
  QMMM:     5        5      O       12.6220    9.9830   37.9230
  QMMM:     6        6      C       13.9990    9.4790   38.0040
  QMMM:     7        7      C       14.7870    9.2520   39.4030
  QMMM:     8        8      C       14.0210    8.2410   40.2860
  QMMM:     9        9      O       16.1220    8.6640   39.5780
  QMMM:    10       10      C       17.3440    8.8740   38.8870
  QMMM:    11       11      C       18.1400   10.1720   38.9220
  QMMM:    12       12      C       19.0930   10.4330   40.2120
  QMMM:    13       13      O       18.6990   10.5490   37.3490
  QMMM:    14       14      C       18.3060   11.6340   35.9380
  QMMM:    15       15      C       17.6240   13.3840   35.7690
  QMMM:    16       16      C       18.4180   14.6300   36.6300
  QMMM:    17       17      O       17.2320   14.1980   34.5650
  QMMM:    18       18      C       16.5440   14.1120   33.2330
  QMMM:    19       19      C       14.7690   14.0170   32.9170
  QMMM:    20       20      C       13.9960   15.0260   33.8130
  QMMM:    21       21      O       13.8990   13.1460   31.5320
  QMMM:    22       22      C       12.2180   12.4700   31.1270
  QMMM:    23       23      C       11.3050   10.4520   31.5640
  QMMM:    24       24      C       11.2400    9.6480   33.2300
  QMMM:    25       25      O        9.3560   10.3140   31.9630
  QMMM:    26       26      C        7.9230   10.5400   30.7520
  QMMM:    27       27      C        6.9610   11.8960   29.9210
  QMMM:    28       28      C        7.9730   12.9010   29.1930
  QMMM:    29       29      O        5.9790   11.7070   28.7800
  QMMM:    30       30      C        4.6580   11.2830   28.2050
  QMMM:    31       31      C        3.0770   11.0440   28.8280
  QMMM:    32       32      C        2.7020   12.4860   29.3490
  QMMM:    33       33      O        1.7730   10.6160   28.1240
  QMMM:    34       34      C        0.9320    9.6400   27.2660
  QMMM:    35       35      C        0.4620    7.9350   27.4790
  QMMM:    36       36      C       -0.1050    7.9880   28.9400
  QMMM:    37       37      O       -0.4910    6.9010   26.7990
  QMMM:    38       38      C       -1.3180    6.1980   25.6720
  QMMM:    39       39      C       -0.8670    5.0810   24.2810
  QMMM:    40       40      C        0.0500    4.0870   25.0440
  QMMM:    41       41      O       -1.7440    3.9560   23.3940
  QMMM:    42       42      C       -2.5620    3.9610   21.9630
  QMMM:    43       43      C       -2.7090    2.4560   20.7960
  QMMM:    44       44      C       -2.9480    1.3210   21.7500
  QMMM:    45       45      O       -3.8540    2.1150   19.6800
  QMMM:    46       46      C       -3.8830    1.0170   18.3870
  QMMM:    47       47      C       -3.9740   -0.8040   18.2360
  QMMM:    48       48      C       -5.1170   -1.1250   19.2520
  QMMM:    49       49      O       -4.3330   -1.8150   17.0790
  QMMM:    50       50      C       -4.2400   -2.4870   15.6710
  QMMM:    51       51      C       -2.9390   -3.3140   14.7450
  QMMM:    52       52      C       -2.4890   -4.4170   15.7700
  QMMM:    53       53      O       -2.8890   -4.1210   13.4170
  QMMM:    54       54      C       -3.0840   -4.4040   11.9090
  QMMM:    55       55      C       -2.6390   -3.5510   10.4070
  QMMM:    56       56      C       -1.0930   -3.3660   10.6170
  QMMM:    57       57      O       -2.6850   -3.9060    8.8990
  QMMM:    58       58      C       -3.3040   -4.3690    7.5620
  QMMM:    59       59      C       -4.7120   -3.8590    6.5980
  QMMM:    60       60      C       -4.4260   -2.3230    6.4400
  QMMM:    61       61      O       -5.2240   -4.2020    5.1810
  QMMM:    62       62      C       -5.7140   -5.1070    4.0380
  QMMM:    63       63      C       -6.9490   -6.3700    3.9060
  QMMM:    64       64      C       -8.2220   -5.5980    4.4000
  QMMM:    65       65      O       -7.5210   -7.0980    2.6830
  QMMM:    66       66      C       -7.3980   -8.1560    1.5820
  QMMM:    67       67      C       -6.6490   -9.7620    1.5530
  QMMM:    68       68      C       -7.5320  -10.6050    2.4690
  QMMM:    69       69      O       -6.3370  -10.5900    0.2930
  QMMM:    70       70      C       -5.6910  -11.9990    0.4240
  QMMM:    71       71      C       -4.1200  -12.5250   -0.1320
  QMMM:    72       72      C       -4.2060  -12.1410   -1.6570
  QMMM:    73       73      O       -2.6710  -12.3820    0.2630
  QMMM:    74       74      C       -1.6450  -12.1360    1.3670
  QMMM:    75       75      C       -0.6300  -13.2970    2.3370
  QMMM:    76       76      C       -0.1390  -14.2720    1.2200
  QMMM:    77       77      O        0.7950  -13.0940    3.1660
  QMMM:    78       78      C        1.1840  -12.5080    4.6170
  QMMM:    79       79      C        2.6790  -13.0090    5.5960
  QMMM:    80       80      C        3.7750  -13.1690    4.4900
  QMMM:    81       81      O        3.5170  -12.4320    6.8010
  QMMM:    82       82      C        3.6970  -11.5790    8.0840
  QMMM:    83       83      C        3.5080  -12.0060    9.8240
  QMMM:    84       84      C        4.4020  -13.3010    9.9370
  QMMM:    85       85      O        3.8560  -11.2960   11.1570
  QMMM:    86       86      C        3.8580  -10.1520   12.1940
  QMMM:    87       87      C        2.5820   -9.2140   13.0000
  QMMM:    88       88      C        1.6920  -10.3660   13.5860
  QMMM:    89       89      O        2.5570   -8.1980   14.1660
  QMMM:    90       90      C        2.9700   -6.9440   14.9610
  QMMM:    91       91      C        3.0420   -5.2070   14.5810
  QMMM:    92       92      C        1.5750   -4.9590   14.0760
  QMMM:    93       93      O        3.2720   -3.9380   15.4370
  QMMM:    94       94      C        4.0650   -2.9980   16.3710
  QMMM:    95       95      C        5.7060   -2.3320   16.3560
  QMMM:    96       96      C        5.7500   -1.6890   14.9240
  QMMM:    97       97      O        6.4370   -1.2530   17.1950
  QMMM:    98       98      C        6.9370   -0.5790   18.4930
  QMMM:    99       99      C        7.9520   -1.1160   19.8540
  QMMM:   100      100      C        9.2050   -1.6710   19.0880
  QMMM:   101      101      O        8.6290   -0.4030   21.0540
  QMMM:   102      102      C        8.7120    0.5050   22.3050
  QMMM:   103      103      C        7.8610    0.5220   23.8790
  QMMM:   104      104      C        8.0930   -0.9580   24.3370
  QMMM:   105      105      O        8.0430    1.2620   25.2300
  QMMM:   106      106      C        8.2020    2.4580   26.1910
  QMMM:   107      107      C        7.1790    3.8660   26.6200
  QMMM:   108      108      C        5.7870    3.2040   26.7300
  QMMM:   109      109      O        7.1650    4.7860   27.9650
  QMMM:   110      110      C        8.0460    6.0010   28.3760
  QMMM:   111      111      C        7.5720    7.3040   29.5350
  QMMM:   112      112      C        6.6280    6.5860   30.6060
  QMMM:   113      113      O        8.5590    8.2170   30.3680
  QMMM:   114      114      C        9.8100    9.5330   30.2620
  QMMM:   115      115      C        9.9790   11.5690   30.9370
  QMMM:   116      116      C        8.8700   12.4850   31.9010
  QMMM:   117      117      O       11.1020   11.8620   32.5770
  QMMM:   118      118      C       12.8690   11.1140   32.6230
  QMMM:   119      119      C       13.7900   11.4300   33.6510
  QMMM:   120      120      C       13.3260   12.0040   34.9040
  QMMM:   121      121      O       15.0790   10.9560   33.3390
  QMMM:   122      122      C       15.8820   10.4110   34.3530
  QMMM:   123      123      C       15.7760    8.8810   34.3020
  QMMM:   124      124      C       16.2520    8.3770   32.9590
  QMMM:   125      125      O       16.2860    7.9260   35.2250
  QMMM:   126      126      C       17.4830    8.0430   35.9590
  QMMM:   127      127      C       18.9050    7.3800   35.8440
  QMMM:   128      128      C       18.8190    5.9760   35.2470
  QMMM:   129      129      O       20.0620    8.0400   35.2630
  QMMM:   130      130      C       20.3580    9.4390   35.5170
  QMMM:   131      131      C       20.9620    9.9650   36.9470
  QMMM:   132      132      C       22.4320    9.5120   37.1670
  QMMM:   133      133      O       20.9450   11.3870   37.4710
  QMMM:   134      134      C       19.9270   12.5210   37.4860
  QMMM:   135      135      C       18.1720   12.5620   38.2510
  QMMM:   136      136      C       17.0690   13.5300   38.7330
  QMMM:   137      137      O       17.0190   11.7930   37.5640
  QMMM:   138      138      H       16.3890   11.2570   38.0680
  QMMM:   139      139      H       14.0310   13.2950   38.6200
  QMMM:   140      140      H       12.0170   13.4720   38.0890
  QMMM:   141      141      H       12.2260   12.7460   36.6030
  QMMM:   142      142      H       12.0620   11.3980   39.3100
  QMMM:   143      143      H       10.4820   10.8960   36.7000
  QMMM:   144      144      H        9.9720   10.5280   38.3460
  QMMM:   145      145      H       10.0590   12.2070   37.7980
  QMMM:   146      146      H       13.8820    8.4720   37.5690
  QMMM:   147      147      H       14.6070   10.0170   37.2760
  QMMM:   148      148      H       14.8210   10.2160   39.9080
  QMMM:   149      149      H       14.0140    7.2380   39.8310
  QMMM:   150      150      H       14.5630    8.1020   41.2350
  QMMM:   151      151      H       12.9990    8.5350   40.5160
  QMMM:   152      152      H       18.0230    8.0450   39.1320
  QMMM:   153      153      H       17.0250    8.8380   37.8920
  QMMM:   154      154      H       17.3450   10.8120   39.2830
  QMMM:   155      155      H       20.1400   10.6820   40.0170
  QMMM:   156      156      H       18.7190   11.3280   40.7680
  QMMM:   157      157      H       18.9970    9.6890   41.0130
  QMMM:   158      158      H       19.2000   11.6350   35.2930
  QMMM:   159      159      H       17.6500   10.9490   35.4860
  QMMM:   160      160      H       16.6350   13.2490   36.1890
  QMMM:   161      161      H       19.2680   15.0700   36.1020
  QMMM:   162      162      H       17.7110   15.4440   36.8460
  QMMM:   163      163      H       18.8340   14.4750   37.6380
  QMMM:   164      164      H       16.7900   15.1220   32.8650
  QMMM:   165      165      H       17.1050   13.3770   32.6700
  QMMM:   166      166      H       14.9110   13.2480   33.6320
  QMMM:   167      167      H       14.2380   16.0750   33.6080
  QMMM:   168      168      H       12.9180   14.8700   33.8220
  QMMM:   169      169      H       14.3340   14.8990   34.8640
  QMMM:   170      170      H       11.7700   13.2940   31.7670
  QMMM:   171      171      H       12.0140   12.8450   30.1650
  QMMM:   172      172      H       11.7710    9.8270   30.7940
  QMMM:   173      173      H       10.6790   10.3100   33.9010
  QMMM:   174      174      H       10.7310    8.7000   33.1670
  QMMM:   175      175      H       12.1740    9.4810   33.8040
  QMMM:   176      176      H        8.2170   10.1920   29.7580
  QMMM:   177      177      H        7.1980    9.8610   31.2030
  QMMM:   178      178      H        6.4130   12.4490   30.6830
  QMMM:   179      179      H        8.5410   12.4100   28.3910
  QMMM:   180      180      H        7.4420   13.7410   28.7260
  QMMM:   181      181      H        8.7150   13.4000   29.8130
  QMMM:   182      182      H        4.4860   12.0990   27.4730
  QMMM:   183      183      H        4.8990   10.4360   27.5610
  QMMM:   184      184      H        3.1860   10.4020   29.7010
  QMMM:   185      185      H        2.6030   13.2010   28.5160
  QMMM:   186      186      H        1.7330   12.5020   29.8620
  QMMM:   187      187      H        3.4560   12.8990   30.0300
  QMMM:   188      188      H       -0.0590   10.1200   27.4030
  QMMM:   189      189      H        1.1610    9.8360   26.2180
  QMMM:   190      190      H        1.4200    7.4140   27.5240
  QMMM:   191      191      H       -1.0670    8.5220   28.9610
  QMMM:   192      192      H       -0.2960    6.9950   29.3570
  QMMM:   193      193      H        0.5700    8.5230   29.6200
  QMMM:   194      194      H       -1.8620    5.4630   26.3030
  QMMM:   195      195      H       -2.1110    6.8810   25.3580
  QMMM:   196      196      H       -0.2830    5.6720   23.5720
  QMMM:   197      197      H       -0.5630    3.4280   25.6770
  QMMM:   198      198      H        0.5890    3.4340   24.3530
  QMMM:   199      199      H        0.7730    4.5880   25.6970
  QMMM:   200      200      H       -3.5850    4.1250   22.3200
  QMMM:   201      201      H       -2.2290    4.8360   21.3960
  QMMM:   202      202      H       -1.7750    2.4170   20.2300
  QMMM:   203      203      H       -3.8510    1.5550   22.3270
  QMMM:   204      204      H       -3.1470    0.3940   21.2090
  QMMM:   205      205      H       -2.1040    1.1980   22.4230
  QMMM:   206      206      H       -4.8850    1.2790   17.9970
  QMMM:   207      207      H       -3.1790    1.4020   17.6470
  QMMM:   208      208      H       -3.0360   -1.1810   18.6520
  QMMM:   209      209      H       -6.0810   -0.7610   18.8680
  QMMM:   210      210      H       -5.2480   -2.2010   19.4190
  QMMM:   211      211      H       -4.9510   -0.6450   20.2200
  QMMM:   212      212      H       -4.9010   -3.3650   15.8500
  QMMM:   213      213      H       -4.8290   -1.8840   14.9790
  QMMM:   214      214      H       -2.1390   -2.5780   14.6730
  QMMM:   215      215      H       -3.2440   -5.2150   15.8490
  QMMM:   216      216      H       -1.5640   -4.9200   15.4640
  QMMM:   217      217      H       -2.3420   -4.0110   16.7770
  QMMM:   218      218      H       -2.4310   -5.2980   11.8060
  QMMM:   219      219      H       -4.0830   -4.8270   11.7840
  QMMM:   220      220      H       -3.1080   -2.5710   10.4950
  QMMM:   221      221      H       -0.5640   -4.3240   10.5010
  QMMM:   222      222      H       -0.6490   -2.6910    9.8750
  QMMM:   223      223      H       -0.8540   -2.9850   11.6160
  QMMM:   224      224      H       -2.4920   -4.0520    6.8700
  QMMM:   225      225      H       -3.2320   -5.4570    7.5250
  QMMM:   226      226      H       -5.5670   -3.9750    7.2630
  QMMM:   227      227      H       -3.6000   -2.1480    5.7320
  QMMM:   228      228      H       -5.2850   -1.7770    6.0330
  QMMM:   229      229      H       -4.1400   -1.8560    7.3890
  QMMM:   230      230      H       -6.1680   -4.3370    3.3740
  QMMM:   231      231      H       -4.8380   -5.4130    3.4610
  QMMM:   232      232      H       -6.6910   -7.1310    4.6390
  QMMM:   233      233      H       -8.5650   -4.8690    3.6470
  QMMM:   234      234      H       -9.0760   -6.2660    4.5670
  QMMM:   235      235      H       -8.0310   -5.0430    5.3240
  QMMM:   236      236      H       -8.4780   -8.4230    1.4490
  QMMM:   237      237      H       -7.2340   -7.6230    0.6340
  QMMM:   238      238      H       -5.6500   -9.5770    1.9140
  QMMM:   239      239      H       -8.5590  -10.7030    2.0870
  QMMM:   240      240      H       -7.1700  -11.6240    2.5990
  QMMM:   241      241      H       -7.5750  -10.1260    3.4460
  QMMM:   242      242      H       -5.9840  -12.5340    1.3330
  QMMM:   243      243      H       -6.3290  -12.5550   -0.3160
  QMMM:   244      244      H       -4.2260  -13.6280   -0.1570
  QMMM:   245      245      H       -4.3840  -11.0650   -1.7510
  QMMM:   246      246      H       -3.3060  -12.3860   -2.2300
  QMMM:   247      247      H       -5.0520  -12.6370   -2.1670
  QMMM:   248      248      H       -0.8430  -11.7260    0.7280
  QMMM:   249      249      H       -1.9830  -11.3040    1.9780
  QMMM:   250      250      H       -1.3040  -13.8410    3.0060
  QMMM:   251      251      H        0.6150  -13.7740    0.5950
  QMMM:   252      252      H        0.3510  -15.1580    1.6390
  QMMM:   253      253      H       -0.9460  -14.6060    0.5570
  QMMM:   254      254      H        1.3880  -11.4650    4.3840
  QMMM:   255      255      H        0.3240  -12.6480    5.2670
  QMMM:   256      256      H        2.4760  -14.0390    5.9310
  QMMM:   257      257      H        3.9610  -12.1980    4.0180
  QMMM:   258      258      H        4.7450  -13.5130    4.8790
  QMMM:   259      259      H        3.4670  -13.8700    3.7050
  QMMM:   260      260      H        4.8050  -11.4790    8.0700
  QMMM:   261      261      H        3.3450  -10.5670    7.9040
  QMMM:   262      262      H        2.4690  -12.3230    9.9210
  QMMM:   263      263      H        5.4730  -13.0470    9.9030
  QMMM:   264      264      H        4.2580  -13.8300   10.8890
  QMMM:   265      265      H        4.2130  -14.0100    9.1240
  QMMM:   266      266      H        4.2580  -10.7030   13.0730
  QMMM:   267      267      H        4.6800   -9.4810   11.9400
  QMMM:   268      268      H        2.0260   -8.7440   12.1880
  QMMM:   269      269      H        2.1910  -10.8520   14.4390
  QMMM:   270      270      H        0.7330  -10.0000   13.9730
  QMMM:   271      271      H        1.4880  -11.1470   12.8450
  QMMM:   272      272      H        2.1460   -6.9270   15.7090
  QMMM:   273      273      H        3.8350   -7.2070   15.5730
  QMMM:   274      274      H        3.7130   -5.1250   13.7260
  QMMM:   275      275      H        0.8650   -4.9820   14.9170
  QMMM:   276      276      H        1.4500   -3.9750   13.6100
  QMMM:   277      277      H        1.2500   -5.7230   13.3600
  QMMM:   278      278      H        3.4860   -2.0610   16.2180
  QMMM:   279      279      H        3.8090   -3.2690   17.3960
  QMMM:   280      280      H        6.3650   -3.2000   16.3520
  QMMM:   281      281      H        5.1330   -0.7780   14.8820
  QMMM:   282      282      H        6.7600   -1.3770   14.6330
  QMMM:   283      283      H        5.3670   -2.3700   14.1550
  QMMM:   284      284      H        7.6220    0.1750   18.0490
  QMMM:   285      285      H        6.1220    0.0330   18.8810
  QMMM:   286      286      H        7.4200   -1.9680   20.2790
  QMMM:   287      287      H        9.7990   -0.8480   18.6620
  QMMM:   288      288      H        9.8880   -2.2230   19.7450
  QMMM:   289      289      H        8.9230   -2.3280   18.2570
  QMMM:   290      290      H        9.7330    0.2350   22.6540
  QMMM:   291      291      H        8.8440    1.5310   21.9580
  QMMM:   292      292      H        6.8090    0.6380   23.6170
  QMMM:   293      293      H        9.1380   -1.1080   24.6500
  QMMM:   294      294      H        7.4800   -1.2260   25.2040
  QMMM:   295      295      H        7.8920   -1.6760   23.5340
  QMMM:   296      296      H        8.1640    1.9240   27.1620
  QMMM:   297      297      H        9.2420    2.7890   26.1310
  QMMM:   298      298      H        7.2010    4.5600   25.7760
  QMMM:   299      299      H        5.7530    2.5610   27.6200
  QMMM:   300      300      H        4.9910    3.9440   26.8540
  QMMM:   301      301      H        5.5620    2.5820   25.8580
  QMMM:   302      302      H        8.8880    5.5320   28.8780
  QMMM:   303      303      H        8.3220    6.5390   27.4730
  QMMM:   304      304      H        6.8940    8.0070   29.0320
  QMMM:   305      305      H        7.1400    5.7600   31.1150
  QMMM:   306      306      H        6.2700    7.2550   31.4050
  QMMM:   307      307      H        5.7250    6.1560   30.1420
  QMMM:   308      308      H       10.0080    8.8790   31.2530
  QMMM:   309      309      H       10.6860    8.8690   29.9500
  QMMM:   310      310      H       10.4010   12.0580   30.0220
  QMMM:   311      311      H        9.0760   12.3250   32.9680
  QMMM:   312      312      H        8.9880   13.5500   31.7360
  QMMM:   313      313      H        7.8060   12.2390   31.9360
  QMMM:   314      314      H       12.9910   10.0310   32.4180
  QMMM:   315      315      H       13.4160   11.2000   31.6320
  QMMM:   316      316      H       13.8210   12.3160   33.1470
  QMMM:   317      317      H       13.1540   11.1840   35.5760
  QMMM:   318      318      H       14.0590   12.6980   35.3200
