            --------------------------------------------------------
                             AMBER SQM VERSION 19
 
                                     By
              Ross C. Walker, Michael F. Crowley, Scott Brozell,
                         Tim Giese, Andreas W. Goetz,
                        Tai-Sung Lee and David A. Case
 
            --------------------------------------------------------
 

--------------------------------------------------------------------------------
  QM CALCULATION INFO
--------------------------------------------------------------------------------

| QMMM: Citation for AMBER QMMM Run:
| QMMM: R.C. Walker, M.F. Crowley and D.A. Case, J. COMP. CHEM. 29:1019, 2008

QMMM: SINGLET STATE CALCULATION
QMMM: RHF CALCULATION, NO. OF DOUBLY OCCUPIED LEVELS = 76

| QMMM: *** Selected Hamiltonian *** 
| QMMM: AM1         

| QMMM: *** Parameter sets in use ***
| QMMM: O : M.J.S.DEWAR et al. JACS, 107, 3902, (1985)
| QMMM: C : M.J.S.DEWAR et al. JACS, 107, 3902, (1985)
| QMMM: H : M.J.S.DEWAR et al. JACS, 107, 3902, (1985)

| QMMM: *** SCF convergence criteria ***
| QMMM: Energy change                :  0.1D-09 kcal/mol
| QMMM: Error matrix |FP-PF|         :  0.1D+00 au
| QMMM: Density matrix change        :  0.5D-06
| QMMM: Maximum number of SCF cycles :     1000

| QMMM: *** Diagonalization Routine Information ***
| QMMM: Pseudo diagonalizations are allowed.
| QMMM: Auto diagonalization routine selection is in use.
| QMMM:
| QMMM: Timing diagonalization routines:
| QMMM:                              norbs =      138
| QMMM:    diag iterations used for timing =       10
| QMMM:
| QMMM:              Internal diag routine = 0.473745 seconds
| QMMM:                 Dspev diag routine = 1.607862 seconds
| QMMM:                Dspevd diag routine = 0.538521 seconds
| QMMM:                Dspevx diag routine = 1.562183 seconds
| QMMM:                 Dsyev diag routine = 1.615947 seconds
| QMMM:                Dsyevd diag routine = 0.553776 seconds
| QMMM:                Dsyevr diag routine = 0.654682 seconds
| QMMM:
| QMMM:                Pseudo diag routine = 0.497339 seconds
| QMMM: Pseudo diagonalization appears to be slower than regular
| QMMM: diagonalization. Setting pseudo_diag=0 for optimum performance.
| QMMM:
| QMMM: Using internal diagonalization routine (diag_routine=1).

  QMMM: QM Region Cartesian Coordinates (*=link atom) 
  QMMM: QM_NO.   MM_NO.  ATOM         X         Y         Z
  QMMM:     1        1      O        1.6550   -0.5330    8.0920
  QMMM:     2        2      C        2.9730   -0.1820    7.6850
  QMMM:     3        3      C        3.8670   -1.4190    7.4710
  QMMM:     4        4      C        3.9660   -2.2290    8.7670
  QMMM:     5        5      O        3.3800   -2.3330    6.4780
  QMMM:     6        6      C        3.0950   -1.8310    5.1730
  QMMM:     7        7      C        4.2800   -1.2450    4.3800
  QMMM:     8        8      C        5.3490   -2.3040    4.1040
  QMMM:     9        9      O        3.9030   -0.7400    3.0860
  QMMM:    10       10      C        2.8990    0.2770    3.0440
  QMMM:    11       11      C        3.3260    1.6110    3.6870
  QMMM:    12       12      C        4.4250    2.3080    2.8890
  QMMM:    13       13      O        2.2410    2.4710    4.0430
  QMMM:    14       14      C        1.2760    2.8320    3.0560
  QMMM:    15       15      C        0.1230    3.5710    3.7860
  QMMM:    16       16      C        0.5950    4.9350    4.3040
  QMMM:    17       17      O       -1.0320    3.8320    2.9830
  QMMM:    18       18      C       -1.8460    2.7170    2.6200
  QMMM:    19       19      C       -2.4700    1.8830    3.7660
  QMMM:    20       20      C       -3.2610    2.7450    4.7560
  QMMM:    21       21      O       -3.3930    0.8880    3.2870
  QMMM:    22       22      C       -2.8880   -0.0950    2.3840
  QMMM:    23       23      C       -1.7500   -0.9680    2.9350
  QMMM:    24       24      C       -2.1390   -1.7320    4.1990
  QMMM:    25       25      O       -1.3140   -1.8600    1.9070
  QMMM:    26       26      H       -1.3230   -2.7720    2.2450
  QMMM:    27       27      H        1.4160   -1.3410    7.5880
  QMMM:    28       28      H        2.8860    0.4120    6.7730
  QMMM:    29       29      H        3.3990    0.4640    8.4610
  QMMM:    30       30      H        4.8730   -1.0910    7.1890
  QMMM:    31       31      H        3.0120   -2.7130    9.0080
  QMMM:    32       32      H        4.6990   -3.0360    8.6560
  QMMM:    33       33      H        4.2650   -1.6060    9.6150
  QMMM:    34       34      H        2.6790   -2.6670    4.5990
  QMMM:    35       35      H        2.2750   -1.1180    5.2570
  QMMM:    36       36      H        4.7590   -0.4490    4.9540
  QMMM:    37       37      H        5.0070   -3.0220    3.3480
  QMMM:    38       38      H        6.2470   -1.8310    3.6880
  QMMM:    39       39      H        5.6370   -2.8500    5.0070
  QMMM:    40       40      H        2.6780    0.4450    1.9770
  QMMM:    41       41      H        1.9600   -0.0920    3.4650
  QMMM:    42       42      H        3.7800    1.3830    4.6530
  QMMM:    43       43      H        4.4910    3.3700    3.1390
  QMMM:    44       44      H        5.3960    1.8420    3.1040
  QMMM:    45       45      H        4.2650    2.2270    1.8100
  QMMM:    46       46      H        1.7350    3.4740    2.2910
  QMMM:    47       47      H        0.8890    1.9420    2.5510
  QMMM:    48       48      H       -0.1780    2.9900    4.6650
  QMMM:    49       49      H       -0.2330    5.6540    4.3490
  QMMM:    50       50      H        1.0210    4.8420    5.3080
  QMMM:    51       51      H        1.3620    5.3730    3.6570
  QMMM:    52       52      H       -2.6640    3.1150    2.0060
  QMMM:    53       53      H       -1.2720    2.0750    1.9480
  QMMM:    54       54      H       -1.6880    1.3760    4.3390
  QMMM:    55       55      H       -4.0200    2.1470    5.2750
  QMMM:    56       56      H       -2.6030    3.1860    5.5090
  QMMM:    57       57      H       -3.7910    3.5560    4.2470
  QMMM:    58       58      H       -3.7320   -0.7410    2.1160
  QMMM:    59       59      H       -2.5900    0.3810    1.4430
  QMMM:    60       60      H       -0.8920   -0.3310    3.1710
  QMMM:    61       61      H       -2.5220   -2.7330    3.9770
  QMMM:    62       62      H       -1.2510   -1.8690    4.8280
  QMMM:    63       63      H       -2.8810   -1.1980    4.8000

--------------------------------------------------------------------------------
  RESULTS
--------------------------------------------------------------------------------

      iter         sqm energy              rms gradient
      ----    -------------------    -----------------------
xmin    10     -363.1504 kcal/mol        0.7217 kcal/(mol*A)
xmin    20     -364.7664 kcal/mol        0.2083 kcal/(mol*A)
xmin    30     -365.2517 kcal/mol        0.6613 kcal/(mol*A)
xmin    40     -366.1628 kcal/mol        0.3507 kcal/(mol*A)
xmin    50     -366.7927 kcal/mol        0.2284 kcal/(mol*A)
xmin    60     -367.0824 kcal/mol        0.2297 kcal/(mol*A)
xmin    70     -367.4091 kcal/mol        0.1725 kcal/(mol*A)
xmin    80     -368.1109 kcal/mol        0.2511 kcal/(mol*A)
xmin    90     -368.2546 kcal/mol        0.1088 kcal/(mol*A)
xmin   100     -368.5287 kcal/mol        0.1967 kcal/(mol*A)
xmin   110     -369.6840 kcal/mol        1.1510 kcal/(mol*A)
xmin   120     -370.0606 kcal/mol        0.1789 kcal/(mol*A)
xmin   130     -370.3635 kcal/mol        0.1872 kcal/(mol*A)
xmin   140     -370.4974 kcal/mol        0.0731 kcal/(mol*A)
  ... geometry converged !
 
 Final MO eigenvalues (eV):
 -40.7214  -40.3341  -39.8847  -39.1890  -38.4975  -37.9451  -37.0517  -34.0208
 -33.3651  -32.6832  -32.0461  -31.5753  -31.2434  -27.8128  -27.3782  -27.3103
 -27.0450  -26.8883  -26.7832  -23.6338  -23.1798  -22.7092  -22.0975  -21.2193
 -20.9640  -18.7162  -18.6515  -18.3203  -17.9782  -17.7466  -17.6591  -17.3143
 -16.9957  -16.8569  -16.7700  -16.4756  -16.1487  -15.9845  -15.7785  -15.6522
 -15.2706  -15.1172  -14.8678  -14.7645  -14.4161  -14.2757  -14.0975  -13.8876
 -13.7730  -13.6652  -13.4910  -13.2670  -13.2301  -13.1632  -13.0786  -13.0282
 -12.9557  -12.8197  -12.6694  -12.6532  -12.5583  -12.4891  -12.4189  -12.2863
 -12.1410  -11.9699  -11.8929  -11.7434  -11.6493  -11.5441  -11.4991  -11.0567
 -10.9575  -10.4884  -10.2222  -10.0382    2.2162    2.4130    2.6113    2.8987
   3.1257    3.1819    3.3356    3.3576    3.4406    3.4967    3.5507    3.5744
   3.5953    3.6442    3.6855    3.7497    3.7591    3.7774    3.8187    3.8707
   3.9201    3.9772    4.0566    4.0674    4.0794    4.1458    4.1907    4.2083
   4.2122    4.3431    4.3530    4.4018    4.4287    4.4471    4.4765    4.5182
   4.5284    4.5492    4.5971    4.6655    4.6829    4.6990    4.7227    4.7483
   4.7736    4.7837    4.8024    4.8213    4.8434    4.8542    4.8728    4.9848
   5.0548    5.0559    5.1211    5.8451    5.9247    6.0206    6.0981    6.2101
   6.2605    6.6123

 Heat of formation   =       -370.54217737 kcal/mol  (      -16.06791455 eV)

 Total SCF energy    =    -117007.63696601 kcal/mol  (    -5073.83187919 eV)
 Electronic energy   =    -963390.79261303 kcal/mol  (   -41775.75962070 eV)
 Core-core repulsion =     846383.15564702 kcal/mol  (    36701.92774151 eV)
 
    Atomic Charges for Step       1 :
  Atom    Element       Mulliken Charge
     1      O                 -0.329
     2      C                 -0.050
     3      C                 -0.016
     4      C                 -0.214
     5      O                 -0.284
     6      C                 -0.051
     7      C                 -0.005
     8      C                 -0.212
     9      O                 -0.272
    10      C                 -0.054
    11      C                 -0.002
    12      C                 -0.239
    13      O                 -0.281
    14      C                 -0.052
    15      C                  0.019
    16      C                 -0.208
    17      O                 -0.270
    18      C                 -0.049
    19      C                 -0.006
    20      C                 -0.210
    21      O                 -0.269
    22      C                 -0.056
    23      C                 -0.006
    24      C                 -0.244
    25      O                 -0.338
    26      H                  0.200
    27      H                  0.210
    28      H                  0.088
    29      H                  0.103
    30      H                  0.088
    31      H                  0.097
    32      H                  0.083
    33      H                  0.082
    34      H                  0.110
    35      H                  0.090
    36      H                  0.087
    37      H                  0.089
    38      H                  0.079
    39      H                  0.097
    40      H                  0.103
    41      H                  0.086
    42      H                  0.121
    43      H                  0.089
    44      H                  0.095
    45      H                  0.076
    46      H                  0.088
    47      H                  0.071
    48      H                  0.087
    49      H                  0.081
    50      H                  0.096
    51      H                  0.088
    52      H                  0.117
    53      H                  0.069
    54      H                  0.084
    55      H                  0.081
    56      H                  0.096
    57      H                  0.090
    58      H                  0.107
    59      H                  0.079
    60      H                  0.121
    61      H                  0.074
    62      H                  0.093
    63      H                  0.099
 Total Mulliken Charge =      -0.000
 
                  X        Y        Z     TOTAL  
  QM DIPOLE    -0.237    0.562   -1.846    1.945
 
 Final Structure

  QMMM: QM Region Cartesian Coordinates (*=link atom) 
  QMMM: QM_NO.   MM_NO.  ATOM         X         Y         Z
  QMMM:     1        1      O        1.3021   -3.1935    8.0152
  QMMM:     2        2      C        1.3379   -1.8621    7.5431
  QMMM:     3        3      C        2.7496   -1.4274    7.1350
  QMMM:     4        4      C        3.7096   -1.4761    8.3082
  QMMM:     5        5      O        3.2472   -2.3572    6.1622
  QMMM:     6        6      C        2.9904   -1.9943    4.8139
  QMMM:     7        7      C        4.0494   -1.0113    4.2983
  QMMM:     8        8      C        5.4301   -1.6393    4.3034
  QMMM:     9        9      O        3.7527   -0.6913    2.9338
  QMMM:    10       10      C        2.9003    0.4295    2.7620
  QMMM:    11       11      C        3.6742    1.7466    2.9172
  QMMM:    12       12      C        4.1818    2.2649    1.5888
  QMMM:    13       13      O        2.8853    2.7053    3.6182
  QMMM:    14       14      C        1.7977    3.2473    2.8739
  QMMM:    15       15      C        0.6900    3.5705    3.8861
  QMMM:    16       16      C        1.0562    4.7783    4.7277
  QMMM:    17       17      O       -0.5104    3.9185    3.1906
  QMMM:    18       18      C       -1.2694    2.8234    2.7053
  QMMM:    19       19      C       -2.0708    2.1393    3.8197
  QMMM:    20       20      C       -3.1845    3.0374    4.3241
  QMMM:    21       21      O       -2.7106    0.9702    3.2950
  QMMM:    22       22      C       -1.8775   -0.1731    3.2023
  QMMM:    23       23      C       -1.7209   -0.8750    4.5590
  QMMM:    24       24      C       -2.7636   -1.9569    4.7507
  QMMM:    25       25      O       -0.4013   -1.3892    4.6754
  QMMM:    26       26      H       -0.3409   -2.1657    4.1062
  QMMM:    27       27      H        1.8127   -3.7274    7.3918
  QMMM:    28       28      H        0.6419   -1.7557    6.6655
  QMMM:    29       29      H        0.9723   -1.2373    8.3998
  QMMM:    30       30      H        2.7076   -0.3896    6.7057
  QMMM:    31       31      H        3.6661   -2.4817    8.7922
  QMMM:    32       32      H        4.7530   -1.2892    7.9607
  QMMM:    33       33      H        3.4225   -0.6995    9.0555
  QMMM:    34       34      H        3.0606   -2.9631    4.2501
  QMMM:    35       35      H        1.9619   -1.5610    4.6964
  QMMM:    36       36      H        4.0430   -0.0831    4.9339
  QMMM:    37       37      H        5.4870   -2.4550    3.5439
  QMMM:    38       38      H        6.2036   -0.8734    4.0609
  QMMM:    39       39      H        5.6283   -2.0663    5.3161
  QMMM:    40       40      H        2.5130    0.3109    1.7139
  QMMM:    41       41      H        2.0438    0.4023    3.4869
  QMMM:    42       42      H        4.5456    1.5892    3.6197
  QMMM:    43       43      H        4.7126    3.2360    1.7348
  QMMM:    44       44      H        4.8897    1.5223    1.1488
  QMMM:    45       45      H        3.3416    2.4261    0.8715
  QMMM:    46       46      H        2.1503    4.1778    2.3572
  QMMM:    47       47      H        1.4245    2.5192    2.1081
  QMMM:    48       48      H        0.5232    2.6733    4.5431
  QMMM:    49       49      H        0.2972    4.9337    5.5299
  QMMM:    50       50      H        2.0587    4.6049    5.1875
  QMMM:    51       51      H        1.0951    5.6957    4.0932
  QMMM:    52       52      H       -1.9688    3.2918    1.9604
  QMMM:    53       53      H       -0.6163    2.0774    2.1832
  QMMM:    54       54      H       -1.3852    1.8583    4.6660
  QMMM:    55       55      H       -3.6667    2.5869    5.2231
  QMMM:    56       56      H       -2.7540    4.0331    4.5877
  QMMM:    57       57      H       -3.9616    3.1707    3.5341
  QMMM:    58       58      H       -2.4130   -0.8343    2.4682
  QMMM:    59       59      H       -0.8639    0.0902    2.7998
  QMMM:    60       60      H       -1.7919   -0.1189    5.3929
  QMMM:    61       61      H       -2.6667   -2.7437    3.9640
  QMMM:    62       62      H       -2.6375   -2.4380    5.7501
  QMMM:    63       63      H       -3.7836   -1.5087    4.6861

           --------- Calculation Completed ----------

