            --------------------------------------------------------
                             AMBER SQM VERSION 19
 
                                     By
              Ross C. Walker, Michael F. Crowley, Scott Brozell,
                         Tim Giese, Andreas W. Goetz,
                        Tai-Sung Lee and David A. Case
 
            --------------------------------------------------------
 

--------------------------------------------------------------------------------
  QM CALCULATION INFO
--------------------------------------------------------------------------------

| QMMM: Citation for AMBER QMMM Run:
| QMMM: R.C. Walker, M.F. Crowley and D.A. Case, J. COMP. CHEM. 29:1019, 2008

QMMM: SINGLET STATE CALCULATION
QMMM: RHF CALCULATION, NO. OF DOUBLY OCCUPIED LEVELS =  9

| QMMM: *** Selected Hamiltonian *** 
| QMMM: AM1         

| QMMM: *** Parameter sets in use ***
| QMMM: C : M.J.S.DEWAR et al. JACS, 107, 3902, (1985)
| QMMM: O : M.J.S.DEWAR et al. JACS, 107, 3902, (1985)
| QMMM: N : M.J.S.DEWAR et al. JACS, 107, 3902, (1985)
| QMMM: H : M.J.S.DEWAR et al. JACS, 107, 3902, (1985)

| QMMM: *** SCF convergence criteria ***
| QMMM: Energy change                :  0.1D-09 kcal/mol
| QMMM: Error matrix |FP-PF|         :  0.1D+00 au
| QMMM: Density matrix change        :  0.5D-06
| QMMM: Maximum number of SCF cycles :     1000

| QMMM: *** Diagonalization Routine Information ***
| QMMM: Pseudo diagonalizations are allowed.
| QMMM: Auto diagonalization routine selection is in use.
| QMMM:
| QMMM: Timing diagonalization routines:
| QMMM:                              norbs =       15
| QMMM:    diag iterations used for timing =       20
| QMMM:
| QMMM:              Internal diag routine = 0.000249 seconds
| QMMM:                 Dspev diag routine = 0.000239 seconds
| QMMM:                Dspevd diag routine = 0.000210 seconds
| QMMM:                Dspevx diag routine = 0.001055 seconds
| QMMM:                 Dsyev diag routine = 0.000226 seconds
| QMMM:                Dsyevd diag routine = 0.000220 seconds
| QMMM:                Dsyevr diag routine = 0.000332 seconds
| QMMM:
| QMMM:                Pseudo diag routine = 0.000027 seconds
| QMMM:
| QMMM: Using dspevd routine (diag_routine=3).

  QMMM: QM Region Cartesian Coordinates (*=link atom) 
  QMMM: QM_NO.   MM_NO.  ATOM         X         Y         Z
  QMMM:     1        1      C        0.9190   -0.0640   -0.0920
  QMMM:     2        2      O        0.3200    0.8610    0.4310
  QMMM:     3        3      N        0.2930   -1.1150   -0.6860
  QMMM:     4        4      H        2.0180   -0.1360   -0.1330
  QMMM:     5        5      H        0.7960   -1.8770   -1.1170
  QMMM:     6        6      H       -0.7180   -1.1250   -0.6920

--------------------------------------------------------------------------------
  RESULTS
--------------------------------------------------------------------------------

  ... geometry converged !
 
 Final MO eigenvalues (eV):
 -38.8547  -34.2299  -23.4444  -18.8129  -17.3043  -14.8095  -14.7895  -10.9390
 -10.6673    1.5685    2.4125    3.7072    5.4067    6.0531    7.0405

 Heat of formation   =        -44.79180973 kcal/mol  (       -1.94231862 eV)

 Total SCF energy    =     -16076.41483634 kcal/mol  (     -697.12565961 eV)
 Electronic energy   =     -37088.24983920 kcal/mol  (    -1608.26719740 eV)
 Core-core repulsion =      21011.83500286 kcal/mol  (      911.14153778 eV)
 
    Atomic Charges for Step       1 :
  Atom    Element       Mulliken Charge
     1      C                  0.258
     2      O                 -0.371
     3      N                 -0.448
     4      H                  0.119
     5      H                  0.219
     6      H                  0.223
 Total Mulliken Charge =       0.000
 
                  X        Y        Z     TOTAL  
  QM DIPOLE     1.155   -3.058   -1.731    3.699
 
 Final Structure

  QMMM: QM Region Cartesian Coordinates (*=link atom) 
  QMMM: QM_NO.   MM_NO.  ATOM         X         Y         Z
  QMMM:     1        1      C        0.9292   -0.0712   -0.0960
  QMMM:     2        2      O        0.3157    0.8695    0.4371
  QMMM:     3        3      N        0.2774   -1.1169   -0.6877
  QMMM:     4        4      H        2.0415   -0.1301   -0.1305
  QMMM:     5        5      H        0.7756   -1.8577   -1.1069
  QMMM:     6        6      H       -0.7115   -1.1496   -0.7051

           --------- Calculation Completed ----------

