            --------------------------------------------------------
                             AMBER SQM VERSION 19
 
                                     By
              Ross C. Walker, Michael F. Crowley, Scott Brozell,
                         Tim Giese, Andreas W. Goetz,
                        Tai-Sung Lee and David A. Case
 
            --------------------------------------------------------
 

--------------------------------------------------------------------------------
  QM CALCULATION INFO
--------------------------------------------------------------------------------

| QMMM: Citation for AMBER QMMM Run:
| QMMM: R.C. Walker, M.F. Crowley and D.A. Case, J. COMP. CHEM. 29:1019, 2008

QMMM: SINGLET STATE CALCULATION
QMMM: RHF CALCULATION, NO. OF DOUBLY OCCUPIED LEVELS =412

| QMMM: *** Selected Hamiltonian *** 
| QMMM: AM1         

| QMMM: *** Parameter sets in use ***
| QMMM: O : M.J.S.DEWAR et al. JACS, 107, 3902, (1985)
| QMMM: C : M.J.S.DEWAR et al. JACS, 107, 3902, (1985)
| QMMM: H : M.J.S.DEWAR et al. JACS, 107, 3902, (1985)

| QMMM: *** SCF convergence criteria ***
| QMMM: Energy change                :  0.1D-09 kcal/mol
| QMMM: Error matrix |FP-PF|         :  0.1D+00 au
| QMMM: Density matrix change        :  0.5D-06
| QMMM: Maximum number of SCF cycles :     1000

| QMMM: *** Diagonalization Routine Information ***
| QMMM: Pseudo diagonalizations are allowed.
| QMMM: Auto diagonalization routine selection is in use.
| QMMM:
| QMMM: Timing diagonalization routines:
| QMMM:                              norbs =      754
| QMMM:    diag iterations used for timing =        1
| QMMM:
| QMMM:              Internal diag routine = 7.469923 seconds
| QMMM:                 Dspev diag routine = ******** seconds
| QMMM:                Dspevd diag routine = 3.620714 seconds
| QMMM:                Dspevx diag routine = ******** seconds
| QMMM:                 Dsyev diag routine = ******** seconds
| QMMM:                Dsyevd diag routine = 2.643599 seconds
| QMMM:                Dsyevr diag routine = 2.308673 seconds
| QMMM:
| QMMM:                Pseudo diag routine = 8.092016 seconds
| QMMM: Pseudo diagonalization appears to be slower than regular
| QMMM: diagonalization. Setting pseudo_diag=0 for optimum performance.
| QMMM:
| QMMM: Using dsyevr routine (diag_routine=7).

  QMMM: QM Region Cartesian Coordinates (*=link atom) 
  QMMM: QM_NO.   MM_NO.  ATOM         X         Y         Z
  QMMM:     1        1      O       11.2160  -16.1430   16.4860
  QMMM:     2        2      C       10.6410  -15.8270   17.7440
  QMMM:     3        3      C       10.7820  -14.3300   17.9820
  QMMM:     4        4      C       10.0480  -14.0680   19.3190
  QMMM:     5        5      O       12.1290  -13.8290   18.0470
  QMMM:     6        6      C       13.1930  -14.3160   17.1730
  QMMM:     7        7      C       13.2280  -13.8710   15.6640
  QMMM:     8        8      C       13.0370  -12.3460   15.6110
  QMMM:     9        9      O       14.4580  -14.0170   14.9120
  QMMM:    10       10      C       15.1570  -15.2330   14.6390
  QMMM:    11       11      C       14.5100  -16.2890   13.7450
  QMMM:    12       12      C       14.4970  -15.8320   12.2070
  QMMM:    13       13      O       15.2720  -17.4660   13.6090
  QMMM:    14       14      C       15.3520  -18.3340   14.7240
  QMMM:    15       15      C       14.0050  -18.8930   15.2700
  QMMM:    16       16      C       13.4680  -19.7330   14.0540
  QMMM:    17       17      O       14.4000  -19.5190   16.5090
  QMMM:    18       18      C       13.6350  -19.8390   17.7080
  QMMM:    19       19      C       13.0290  -18.7660   18.7640
  QMMM:    20       20      C       12.0270  -19.1140   19.9360
  QMMM:    21       21      O       14.1780  -18.1850   19.3750
  QMMM:    22       22      C       14.2350  -18.0800   20.7980
  QMMM:    23       23      C       15.5970  -17.6010   21.2110
  QMMM:    24       24      C       16.1400  -16.6750   20.1020
  QMMM:    25       25      O       15.4190  -16.9690   22.5030
  QMMM:    26       26      C       16.4160  -15.9720   22.8280
  QMMM:    27       27      C       16.0390  -15.1990   24.1640
  QMMM:    28       28      C       17.3500  -14.3200   24.2950
  QMMM:    29       29      O       14.9630  -14.2480   24.3580
  QMMM:    30       30      C       13.5790  -14.2020   23.9090
  QMMM:    31       31      C       12.3190  -14.7290   24.8370
  QMMM:    32       32      C       12.5550  -14.4050   26.3310
  QMMM:    33       33      O       10.8960  -14.8090   24.3110
  QMMM:    34       34      C        9.7440  -13.8740   24.1390
  QMMM:    35       35      C        8.4250  -14.5480   23.1870
  QMMM:    36       36      C        8.1210  -15.9050   23.8660
  QMMM:    37       37      O        7.1550  -13.7040   23.0520
  QMMM:    38       38      C        6.1770  -13.7130   21.8140
  QMMM:    39       39      C        5.0370  -12.3430   21.7660
  QMMM:    40       40      C        6.0920  -11.2550   22.1280
  QMMM:    41       41      O        4.2980  -11.6470   20.6590
  QMMM:    42       42      C        3.1290  -11.4560   19.7150
  QMMM:    43       43      C        1.3830  -11.3270   19.8310
  QMMM:    44       44      C        1.1350  -10.3630   21.0390
  QMMM:    45       45      O        0.3590  -10.7930   18.8260
  QMMM:    46       46      C       -0.2750  -10.6710   17.4580
  QMMM:    47       47      C       -1.1610  -11.7900   16.4600
  QMMM:    48       48      C       -2.1480  -12.4560   17.4770
  QMMM:    49       49      O       -2.0870  -11.5510   15.2750
  QMMM:    50       50      C       -2.4790  -11.0660   13.8900
  QMMM:    51       51      C       -1.8010  -11.2830   12.2890
  QMMM:    52       52      C       -1.5560  -12.8280   12.2500
  QMMM:    53       53      O       -2.3760  -11.0590   10.8930
  QMMM:    54       54      C       -2.9960  -10.2820    9.7520
  QMMM:    55       55      C       -2.5260   -8.8890    8.7660
  QMMM:    56       56      C       -1.0070   -9.0410    8.6000
  QMMM:    57       57      O       -2.9620   -8.6710    7.2450
  QMMM:    58       58      C       -4.0610   -7.7750    6.7030
  QMMM:    59       59      C       -4.0140   -6.9510    5.1120
  QMMM:    60       60      C       -2.7460   -7.2010    4.3180
  QMMM:    61       61      O       -5.2150   -7.2160    4.2110
  QMMM:    62       62      C       -5.2490   -6.7730    2.7640
  QMMM:    63       63      C       -6.3920   -7.5680    1.8570
  QMMM:    64       64      C       -7.7380   -7.0150    2.3900
  QMMM:    65       65      O       -6.1760   -7.4300    0.3950
  QMMM:    66       66      C       -6.7410   -8.2850   -0.7030
  QMMM:    67       67      C       -6.1210   -9.7860   -1.0510
  QMMM:    68       68      C       -7.2120  -10.8060   -0.6890
  QMMM:    69       69      O       -5.5780  -10.0140   -2.4340
  QMMM:    70       70      C       -5.1430  -11.3790   -2.8290
  QMMM:    71       71      C       -3.6620  -11.7220   -3.5040
  QMMM:    72       72      C       -3.7430  -11.0650   -4.9250
  QMMM:    73       73      O       -2.3430  -11.4020   -2.8830
  QMMM:    74       74      C       -1.5280  -12.3930   -2.0350
  QMMM:    75       75      C        0.1900  -12.1250   -1.9540
  QMMM:    76       76      C        0.4240  -10.6390   -2.2890
  QMMM:    77       77      O        1.3010  -12.8880   -1.1970
  QMMM:    78       78      C        1.8310  -13.0550    0.2300
  QMMM:    79       79      C        3.0420  -14.3490    0.4180
  QMMM:    80       80      C        4.1690  -13.8980   -0.5900
  QMMM:    81       81      O        3.8800  -14.8420    1.5630
  QMMM:    82       82      C        4.1350  -15.3600    2.9470
  QMMM:    83       83      C        3.6230  -16.7750    3.8090
  QMMM:    84       84      C        3.8720  -17.9240    2.7880
  QMMM:    85       85      O        4.1470  -17.4240    5.0710
  QMMM:    86       86      C        4.5790  -17.5010    6.5100
  QMMM:    87       87      C        3.8060  -17.1640    8.0100
  QMMM:    88       88      C        2.4250  -17.8750    7.8610
  QMMM:    89       89      O        4.1680  -17.5990    9.4160
  QMMM:    90       90      C        5.0480  -17.6460   10.6340
  QMMM:    91       91      C        5.7840  -16.4420   11.5590
  QMMM:    92       92      C        4.6630  -15.3860   11.8130
  QMMM:    93       93      O        6.4390  -16.4700   12.9180
  QMMM:    94       94      C        7.2040  -17.1780   13.9610
  QMMM:    95       95      C        8.8570  -17.4410   14.0670
  QMMM:    96       96      C        9.5990  -16.0750   13.8860
  QMMM:    97       97      O        9.3600  -18.6020   14.9880
  QMMM:    98       98      C       10.0310  -18.7750   16.3500
  QMMM:    99       99      C       10.2740  -20.4560   16.9330
  QMMM:   100      100      C       11.1030  -21.1570   15.8760
  QMMM:   101      101      O       10.6580  -20.7740   18.3980
  QMMM:   102      102      C       11.6130  -21.7390   19.1440
  QMMM:   103      103      C       11.2550  -22.0480   20.8870
  QMMM:   104      104      C       10.5850  -23.4140   20.7270
  QMMM:   105      105      O       12.4410  -22.0560   21.8170
  QMMM:   106      106      C       12.6920  -21.8530   23.3170
  QMMM:   107      107      C       12.3950  -20.5790   24.3640
  QMMM:   108      108      C       11.0410  -20.7260   25.0900
  QMMM:   109      109      O       13.5600  -20.0870   25.2040
  QMMM:   110      110      C       13.9440  -20.4010   26.5860
  QMMM:   111      111      C       15.1870  -19.4840   27.2130
  QMMM:   112      112      C       15.4980  -19.7620   28.7300
  QMMM:   113      113      O       16.3160  -19.0690   26.3960
  QMMM:   114      114      C       17.4440  -19.8180   25.8330
  QMMM:   115      115      C       18.1890  -18.8110   24.7580
  QMMM:   116      116      C       18.6640  -17.6050   25.6490
  QMMM:   117      117      O       19.3650  -19.0340   23.9320
  QMMM:   118      118      C       19.9050  -19.8060   22.8200
  QMMM:   119      119      C       19.3690  -20.0780   21.2790
  QMMM:   120      120      C       18.9260  -18.7770   20.6500
  QMMM:   121      121      O       20.4140  -20.5960   20.3520
  QMMM:   122      122      C       20.1490  -21.4570   19.1600
  QMMM:   123      123      C       19.3600  -20.9770   17.8460
  QMMM:   124      124      C       20.1000  -19.8120   17.1940
  QMMM:   125      125      O       19.2040  -21.8150   16.6680
  QMMM:   126      126      C       18.8000  -23.1710   16.5130
  QMMM:   127      127      C       17.3090  -23.5870   16.6110
  QMMM:   128      128      C       16.4130  -22.8680   15.5790
  QMMM:   129      129      O       16.9770  -24.9670   16.3280
  QMMM:   130      130      C       17.7810  -26.0410   16.7970
  QMMM:   131      131      C       17.6880  -26.3560   18.3040
  QMMM:   132      132      C       16.2540  -26.6800   18.7370
  QMMM:   133      133      O       18.4410  -27.5150   18.7130
  QMMM:   134      134      C       19.8010  -27.6220   18.3020
  QMMM:   135      135      C       20.7310  -26.5850   18.9470
  QMMM:   136      136      C       22.1920  -26.9250   18.6760
  QMMM:   137      137      O       20.4490  -25.3000   18.4010
  QMMM:   138      138      H       21.2550  -24.7580   18.4220
  QMMM:   139      139      H       10.4760  -16.3940   15.9190
  QMMM:   140      140      H        9.5860  -16.1130   17.7270
  QMMM:   141      141      H       11.1420  -16.4060   18.5150
  QMMM:   142      142      H       10.2610  -13.7860   17.1790
  QMMM:   143      143      H       10.5620  -14.5260   20.1560
  QMMM:   144      144      H        9.9390  -12.9990   19.5250
  QMMM:   145      145      H        9.0220  -14.4800   19.2830
  QMMM:   146      146      H       14.1030  -13.9200   17.6360
  QMMM:   147      147      H       13.2970  -15.4010   17.2730
  QMMM:   148      148      H       12.4180  -14.3390   15.0990
  QMMM:   149      149      H       13.8520  -11.8430   16.1510
  QMMM:   150      150      H       13.0970  -11.9840   14.5760
  QMMM:   151      151      H       12.0870  -12.0280   16.0400
  QMMM:   152      152      H       16.0890  -14.9040   14.1510
  QMMM:   153      153      H       15.4890  -15.6810   15.5780
  QMMM:   154      154      H       13.5010  -16.4890   13.9890
  QMMM:   155      155      H       15.2460  -16.3690   11.6010
  QMMM:   156      156      H       13.5310  -16.1000   11.7610
  QMMM:   157      157      H       14.6540  -14.7630   12.0640
  QMMM:   158      158      H       15.9480  -19.2180   14.3910
  QMMM:   159      159      H       15.9540  -17.9000   15.5220
  QMMM:   160      160      H       13.3060  -18.0790   15.4660
  QMMM:   161      161      H       13.8400  -20.7620   14.0180
  QMMM:   162      162      H       12.3780  -19.7430   13.9950
  QMMM:   163      163      H       13.7400  -19.2740   13.0860
  QMMM:   164      164      H       12.9520  -20.6200   17.4360
  QMMM:   165      165      H       14.4100  -20.3650   18.2870
  QMMM:   166      166      H       12.5370  -18.0020   18.1670
  QMMM:   167      167      H       12.4270  -19.8710   20.6230
  QMMM:   168      168      H       11.8430  -18.2460   20.5950
  QMMM:   169      169      H       10.9980  -19.3440   19.6930
  QMMM:   170      170      H       13.4930  -17.3670   21.1810
  QMMM:   171      171      H       14.0840  -19.0440   21.3120
  QMMM:   172      172      H       16.2270  -18.4900   21.3030
  QMMM:   173      173      H       15.6020  -15.7250   20.1120
  QMMM:   174      174      H       17.2050  -16.4840   20.2360
  QMMM:   175      175      H       16.0490  -17.1140   19.1000
  QMMM:   176      176      H       17.3540  -16.5280   22.9640
  QMMM:   177      177      H       16.4810  -15.2630   22.0330
  QMMM:   178      178      H       16.0230  -15.9180   24.9870
  QMMM:   179      179      H       17.4940  -13.7440   23.3810
  QMMM:   180      180      H       17.2530  -13.6110   25.1350
  QMMM:   181      181      H       18.2230  -14.9640   24.4660
  QMMM:   182      182      H       13.4210  -13.1230   23.9060
  QMMM:   183      183      H       13.5010  -14.5440   22.8850
  QMMM:   184      184      H       12.5260  -15.8040   24.8310
  QMMM:   185      185      H       12.6100  -13.3340   26.5470
  QMMM:   186      186      H       11.8020  -14.8570   26.9840
  QMMM:   187      187      H       13.5290  -14.8220   26.6430
  QMMM:   188      188      H        9.2860  -13.6110   25.1070
  QMMM:   189      189      H       10.0750  -12.9490   23.6590
  QMMM:   190      190      H        8.8290  -14.7310   22.1860
  QMMM:   191      191      H        7.5750  -15.7690   24.8060
  QMMM:   192      192      H        7.5240  -16.5670   23.2330
  QMMM:   193      193      H        9.0440  -16.4530   24.1090
  QMMM:   194      194      H        6.7900  -13.7040   20.9120
  QMMM:   195      195      H        5.5920  -14.6420   21.8650
  QMMM:   196      196      H        4.3560  -12.4640   22.6210
  QMMM:   197      197      H        6.8270  -11.1920   21.3100
  QMMM:   198      198      H        5.6480  -10.2680   22.2490
  QMMM:   199      199      H        6.6400  -11.4910   23.0430
  QMMM:   200      200      H        3.3390  -10.4160   19.4090
  QMMM:   201      201      H        3.3410  -12.0470   18.8260
  QMMM:   202      202      H        1.0180  -12.3120   20.1300
  QMMM:   203      203      H        1.3930   -9.3260   20.7720
  QMMM:   204      204      H        0.0700  -10.3260   21.3170
  QMMM:   205      205      H        1.7070  -10.6330   21.9290
  QMMM:   206      206      H       -1.0980   -9.9720   17.7060
  QMMM:   207      207      H        0.3800  -10.0710   16.8230
  QMMM:   208      208      H       -0.4430  -12.5530   16.1490
  QMMM:   209      209      H       -2.9710  -11.7710   17.7310
  QMMM:   210      210      H       -2.6280  -13.3450   17.0490
  QMMM:   211      211      H       -1.6620  -12.7490   18.4140
  QMMM:   212      212      H       -3.4250  -11.6280   13.7680
  QMMM:   213      213      H       -2.8030  -10.0300   13.9830
  QMMM:   214      214      H       -0.8280  -10.7890   12.3060
  QMMM:   215      215      H       -2.5050  -13.3690   12.1100
  QMMM:   216      216      H       -0.9240  -13.1110   11.4010
  QMMM:   217      217      H       -1.0920  -13.2090   13.1660
  QMMM:   218      218      H       -2.9370  -11.0520    8.9610
  QMMM:   219      219      H       -4.0700  -10.2040    9.9430
  QMMM:   220      220      H       -2.7610   -7.9730    9.3190
  QMMM:   221      221      H       -0.7900   -9.7850    7.8210
  QMMM:   222      222      H       -0.5540   -8.1040    8.2580
  QMMM:   223      223      H       -0.5130   -9.3540    9.5230
  QMMM:   224      224      H       -4.9340   -8.4230    6.6120
  QMMM:   225      225      H       -4.2720   -6.9900    7.4400
  QMMM:   226      226      H       -4.0620   -5.8720    5.3550
  QMMM:   227      227      H       -2.8280   -8.1410    3.7660
  QMMM:   228      228      H       -2.5940   -6.4030    3.5700
  QMMM:   229      229      H       -1.8600   -7.2140    4.9490
  QMMM:   230      230      H       -5.4700   -5.6890    2.7180
  QMMM:   231      231      H       -4.2850   -6.9150    2.2700
  QMMM:   232      232      H       -6.3140   -8.6280    2.1020
  QMMM:   233      233      H       -7.9730   -6.0170    1.9900
  QMMM:   234      234      H       -8.5910   -7.6630    2.1800
  QMMM:   235      235      H       -7.6980   -6.9020    3.4850
  QMMM:   236      236      H       -7.8400   -8.3260   -0.6070
  QMMM:   237      237      H       -6.5840   -7.6850   -1.6120
  QMMM:   238      238      H       -5.2930   -9.9450   -0.3690
  QMMM:   239      239      H       -8.1290  -10.6110   -1.2380
  QMMM:   240      240      H       -6.9330  -11.8420   -0.8920
  QMMM:   241      241      H       -7.4220  -10.7280    0.3860
  QMMM:   242      242      H       -5.3350  -12.1100   -2.0500
  QMMM:   243      243      H       -5.8730  -11.6500   -3.6290
  QMMM:   244      244      H       -3.6650  -12.7990   -3.7300
  QMMM:   245      245      H       -3.8940   -9.9840   -4.8370
  QMMM:   246      246      H       -2.8300  -11.1980   -5.5100
  QMMM:   247      247      H       -4.5730  -11.4640   -5.5370
  QMMM:   248      248      H       -1.9180  -12.2650   -1.0310
  QMMM:   249      249      H       -1.7090  -13.4160   -2.3900
  QMMM:   250      250      H        0.4400  -12.5770   -2.9280
  QMMM:   251      251      H       -0.0870   -9.9920   -1.5710
  QMMM:   252      252      H        1.4760  -10.3600   -2.3480
  QMMM:   253      253      H       -0.0270  -10.4070   -3.2740
  QMMM:   254      254      H        2.3300  -12.1360    0.5790
  QMMM:   255      255      H        0.9850  -13.2870    0.8720
  QMMM:   256      256      H        2.5760  -15.2310   -0.0350
  QMMM:   257      257      H        4.7490  -13.0630   -0.1710
  QMMM:   258      258      H        4.8970  -14.6990   -0.7770
  QMMM:   259      259      H        3.7840  -13.5720   -1.5630
  QMMM:   260      260      H        5.2160  -15.5820    2.8630
  QMMM:   261      261      H        4.0990  -14.5120    3.6300
  QMMM:   262      262      H        2.5450  -16.6690    3.9360
  QMMM:   263      263      H        4.9380  -18.1880    2.7220
  QMMM:   264      264      H        3.3580  -18.8500    3.0910
  QMMM:   265      265      H        3.5270  -17.6820    1.7720
  QMMM:   266      266      H        4.6960  -18.6020    6.6020
  QMMM:   267      267      H        5.6140  -17.1480    6.5660
  QMMM:   268      268      H        3.6370  -16.0890    8.0420
  QMMM:   269      269      H        2.5330  -18.9640    7.9680
  QMMM:   270      270      H        1.7280  -17.5690    8.6470
  QMMM:   271      271      H        1.9520  -17.6840    6.8880
  QMMM:   272      272      H        4.3330  -18.0490   11.3740
  QMMM:   273      273      H        5.7580  -18.4630   10.5010
  QMMM:   274      274      H        6.5310  -15.9830   10.9090
  QMMM:   275      275      H        3.9850  -15.7410   12.5970
  QMMM:   276      276      H        5.0950  -14.4500   12.2010
  QMMM:   277      277      H        4.0880  -15.1640   10.9220
  QMMM:   278      278      H        7.1130  -16.4330   14.7740
  QMMM:   279      279      H        6.6500  -18.0520   14.3380
  QMMM:   280      280      H        9.0530  -17.9100   13.0960
  QMMM:   281      281      H        9.4330  -15.3430   14.6910
  QMMM:   282      282      H       10.6860  -16.1830   13.7430
  QMMM:   283      283      H        9.2320  -15.5650   12.9750
  QMMM:   284      284      H       11.0450  -18.3620   16.2910
  QMMM:   285      285      H        9.4420  -18.2800   17.1190
  QMMM:   286      286      H        9.2910  -20.7840   16.8920
  QMMM:   287      287      H       12.1460  -20.8260   15.8110
  QMMM:   288      288      H       11.1390  -22.2400   16.0020
  QMMM:   289      289      H       10.6880  -20.9440   14.8520
  QMMM:   290      290      H       11.7320  -22.6860   18.5940
  QMMM:   291      291      H       12.6340  -21.3520   19.2100
  QMMM:   292      292      H       10.5550  -21.2870   21.2250
  QMMM:   293      293      H       11.3260  -24.1970   20.4970
  QMMM:   294      294      H        9.9950  -23.7290   21.5730
  QMMM:   295      295      H        9.9090  -23.3860   19.8430
  QMMM:   296      296      H       12.5150  -22.7810   23.8820
  QMMM:   297      297      H       13.7900  -21.7910   23.2830
  QMMM:   298      298      H       12.2550  -19.7170   23.7060
  QMMM:   299      299      H       10.9530  -21.6480   25.6770
  QMMM:   300      300      H       10.8160  -19.8910   25.7680
  QMMM:   301      301      H       10.2350  -20.7530   24.3420
  QMMM:   302      302      H       13.0940  -20.2170   27.2670
  QMMM:   303      303      H       14.2180  -21.4560   26.6800
  QMMM:   304      304      H       14.6950  -18.5030   27.3120
  QMMM:   305      305      H       15.6850  -20.8160   28.9580
  QMMM:   306      306      H       16.3520  -19.1850   29.1180
  QMMM:   307      307      H       14.6390  -19.4670   29.3590
  QMMM:   308      308      H       18.1400  -20.0920   26.6410
  QMMM:   309      309      H       17.0830  -20.7130   25.3350
  QMMM:   310      310      H       17.4000  -18.4400   24.1080
  QMMM:   311      311      H       19.4400  -17.9120   26.3660
  QMMM:   312      312      H       19.1270  -16.8180   25.0440
  QMMM:   313      313      H       17.8550  -17.1490   26.2300
  QMMM:   314      314      H       20.8560  -19.2690   22.6490
  QMMM:   315      315      H       20.2220  -20.7680   23.2230
  QMMM:   316      316      H       18.5700  -20.8170   21.3420
  QMMM:   317      317      H       19.7820  -18.1100   20.5080
  QMMM:   318      318      H       18.4940  -18.9400   19.6570
  QMMM:   319      319      H       18.2100  -18.2770   21.2880
  QMMM:   320      320      H       21.1660  -21.6990   18.8080
  QMMM:   321      321      H       19.7430  -22.4060   19.5190
  QMMM:   322      322      H       18.3660  -20.6410   18.1440
  QMMM:   323      323      H       21.0340  -20.1720   16.6920
  QMMM:   324      324      H       19.4990  -19.3690   16.3790
  QMMM:   325      325      H       20.3840  -19.0200   17.8770
  QMMM:   326      326      H       19.1080  -23.4290   15.4860
  QMMM:   327      327      H       19.4240  -23.7870   17.1420
  QMMM:   328      328      H       16.9310  -23.3420   17.6120
  QMMM:   329      329      H       16.6220  -23.2210   14.5560
  QMMM:   330      330      H       15.3600  -23.1350   15.7530
  QMMM:   331      331      H       16.5040  -21.7790   15.6050
  QMMM:   332      332      H       17.4460  -26.9340   16.2500
  QMMM:   333      333      H       18.8080  -25.8860   16.4620
  QMMM:   334      334      H       18.0140  -25.4840   18.8800
  QMMM:   335      335      H       16.0260  -27.7460   18.6000
  QMMM:   336      336      H       16.1460  -26.4890   19.8120
  QMMM:   337      337      H       15.5000  -26.0890   18.2120
  QMMM:   338      338      H       20.1250  -28.6250   18.6030
  QMMM:   339      339      H       19.8630  -27.5940   17.2080
  QMMM:   340      340      H       20.5430  -26.5270   20.0240
  QMMM:   341      341      H       22.8360  -26.0430   18.7550
  QMMM:   342      342      H       22.3190  -27.3190   17.6610
  QMMM:   343      343      H       22.5500  -27.6810   19.3800

--------------------------------------------------------------------------------
  RESULTS
--------------------------------------------------------------------------------

      iter         sqm energy              rms gradient
      ----    -------------------    -----------------------
xmin    10    -1016.3702 kcal/mol       13.0751 kcal/(mol*A)
xmin    20    -1534.9163 kcal/mol        7.6179 kcal/(mol*A)
xmin    30    -1708.5296 kcal/mol        0.3846 kcal/(mol*A)
xmin    40    -1733.5180 kcal/mol        1.0033 kcal/(mol*A)
xmin    50    -1750.4440 kcal/mol        0.6343 kcal/(mol*A)
xmin    60    -1757.6492 kcal/mol        0.3486 kcal/(mol*A)
xmin    70    -1761.6814 kcal/mol        0.2295 kcal/(mol*A)
xmin    80    -1766.4738 kcal/mol        0.4746 kcal/(mol*A)
xmin    90    -1768.5243 kcal/mol        0.1824 kcal/(mol*A)
xmin   100    -1769.8640 kcal/mol        0.1460 kcal/(mol*A)
xmin   110    -1771.0372 kcal/mol        0.2645 kcal/(mol*A)
xmin   120    -1772.7964 kcal/mol        0.5174 kcal/(mol*A)
xmin   130    -1773.9404 kcal/mol        0.3174 kcal/(mol*A)
