            --------------------------------------------------------
                             AMBER SQM VERSION 19
 
                                     By
              Ross C. Walker, Michael F. Crowley, Scott Brozell,
                         Tim Giese, Andreas W. Goetz,
                        Tai-Sung Lee and David A. Case
 
            --------------------------------------------------------
 

--------------------------------------------------------------------------------
  QM CALCULATION INFO
--------------------------------------------------------------------------------

| QMMM: Citation for AMBER QMMM Run:
| QMMM: R.C. Walker, M.F. Crowley and D.A. Case, J. COMP. CHEM. 29:1019, 2008

QMMM: SINGLET STATE CALCULATION
QMMM: RHF CALCULATION, NO. OF DOUBLY OCCUPIED LEVELS = 13

| QMMM: *** Selected Hamiltonian *** 
| QMMM: AM1         

| QMMM: *** Parameter sets in use ***
| QMMM: C : M.J.S.DEWAR et al. JACS, 107, 3902, (1985)
| QMMM: O : M.J.S.DEWAR et al. JACS, 107, 3902, (1985)
| QMMM: N : M.J.S.DEWAR et al. JACS, 107, 3902, (1985)
| QMMM: H : M.J.S.DEWAR et al. JACS, 107, 3902, (1985)

| QMMM: *** SCF convergence criteria ***
| QMMM: Energy change                :  0.1D-09 kcal/mol
| QMMM: Error matrix |FP-PF|         :  0.1D+00 au
| QMMM: Density matrix change        :  0.5D-06
| QMMM: Maximum number of SCF cycles :     1000

| QMMM: *** Diagonalization Routine Information ***
| QMMM: Pseudo diagonalizations are allowed.
| QMMM: Auto diagonalization routine selection is in use.
| QMMM:
| QMMM: Timing diagonalization routines:
| QMMM:                              norbs =       23
| QMMM:    diag iterations used for timing =       20
| QMMM:
| QMMM:              Internal diag routine = 0.011519 seconds
| QMMM:                 Dspev diag routine = 0.042538 seconds
| QMMM:                Dspevd diag routine = 0.039342 seconds
| QMMM:                Dspevx diag routine = 0.051181 seconds
| QMMM:                 Dsyev diag routine = 0.040548 seconds
| QMMM:                Dsyevd diag routine = 0.040266 seconds
| QMMM:                Dsyevr diag routine = 0.028504 seconds
| QMMM:
| QMMM:                Pseudo diag routine = 0.005913 seconds
| QMMM:
| QMMM: Using internal diagonalization routine (diag_routine=1).

  QMMM: QM Region Cartesian Coordinates (*=link atom) 
  QMMM: QM_NO.   MM_NO.  ATOM         X         Y         Z
  QMMM:     1        1      C        0.9830   -0.0750    0.0700
  QMMM:     2        2      C        0.5100    1.0430    1.0050
  QMMM:     3        3      O        1.0150    2.3040    0.5670
  QMMM:     4        4      N        0.5570    0.1630   -1.3120
  QMMM:     5        5      H        0.6020   -1.0430    0.4110
  QMMM:     6        6      H        2.0770   -0.1210    0.0780
  QMMM:     7        7      H       -0.5820    1.1030    1.0210
  QMMM:     8        8      H        0.8600    0.8660    2.0270
  QMMM:     9        9      H        1.9860    2.2370    0.5560
  QMMM:    10       10      H       -0.4620    0.1430   -1.3520
  QMMM:    11       11      H        0.7940    1.1310   -1.5460

--------------------------------------------------------------------------------
  RESULTS
--------------------------------------------------------------------------------

      iter         sqm energy              rms gradient
      ----    -------------------    -----------------------
xmin    10      -62.8930 kcal/mol        0.1570 kcal/(mol*A)
xmin    20      -62.9048 kcal/mol        0.0577 kcal/(mol*A)
  ... geometry converged !
 
 Final MO eigenvalues (eV):
 -38.7825  -35.1374  -28.5774  -23.1231  -18.2355  -17.5055  -15.8709  -15.4472
 -14.9294  -12.5781  -12.3471  -11.7358   -9.8635    3.4234    3.5421    3.7566
   3.7805    4.1525    4.4562    4.5423    5.9555    6.1770    6.2018

 Heat of formation   =        -62.91048501 kcal/mol  (       -2.72800334 eV)

 Total SCF energy    =     -20311.21654925 kcal/mol  (     -880.76044184 eV)
 Electronic energy   =     -62896.70225424 kcal/mol  (    -2727.40567427 eV)
 Core-core repulsion =      42585.48570499 kcal/mol  (     1846.64523243 eV)
 
    Atomic Charges for Step       1 :
  Atom    Element       Mulliken Charge
     1      C                 -0.122
     2      C                 -0.070
     3      O                 -0.328
     4      N                 -0.330
     5      H                  0.098
     6      H                  0.090
     7      H                  0.105
     8      H                  0.070
     9      H                  0.198
    10      H                  0.141
    11      H                  0.148
 Total Mulliken Charge =      -0.000
 
                  X        Y        Z     TOTAL  
  QM DIPOLE     0.187   -0.293    1.167    1.217
 
 Final Structure

  QMMM: QM Region Cartesian Coordinates (*=link atom) 
  QMMM: QM_NO.   MM_NO.  ATOM         X         Y         Z
  QMMM:     1        1      C        0.9520   -0.0456    0.0475
  QMMM:     2        2      C        0.5324    1.0478    1.0397
  QMMM:     3        3      O        0.9651    2.3272    0.6188
  QMMM:     4        4      N        0.5613    0.1548   -1.3227
  QMMM:     5        5      H        0.5252   -1.0243    0.4040
  QMMM:     6        6      H        2.0760   -0.1318    0.0692
  QMMM:     7        7      H       -0.5854    1.1379    1.1002
  QMMM:     8        8      H        0.9403    0.8118    2.0578
  QMMM:     9        9      H        1.9284    2.3025    0.5741
  QMMM:    10       10      H       -0.4356    0.1222   -1.4163
  QMMM:    11       11      H        0.8803    1.0485   -1.6473

           --------- Calculation Completed ----------

