            --------------------------------------------------------
                             AMBER SQM VERSION 19
 
                                     By
              Ross C. Walker, Michael F. Crowley, Scott Brozell,
                         Tim Giese, Andreas W. Goetz,
                        Tai-Sung Lee and David A. Case
 
            --------------------------------------------------------
 

--------------------------------------------------------------------------------
  QM CALCULATION INFO
--------------------------------------------------------------------------------

| QMMM: Citation for AMBER QMMM Run:
| QMMM: R.C. Walker, M.F. Crowley and D.A. Case, J. COMP. CHEM. 29:1019, 2008

QMMM: SINGLET STATE CALCULATION
QMMM: RHF CALCULATION, NO. OF DOUBLY OCCUPIED LEVELS = 13

| QMMM: *** Selected Hamiltonian *** 
| QMMM: AM1         

| QMMM: *** Parameter sets in use ***
| QMMM: O : M.J.S.DEWAR et al. JACS, 107, 3902, (1985)
| QMMM: C : M.J.S.DEWAR et al. JACS, 107, 3902, (1985)
| QMMM: H : M.J.S.DEWAR et al. JACS, 107, 3902, (1985)

| QMMM: *** SCF convergence criteria ***
| QMMM: Energy change                :  0.1D-09 kcal/mol
| QMMM: Error matrix |FP-PF|         :  0.1D+00 au
| QMMM: Density matrix change        :  0.5D-06
| QMMM: Maximum number of SCF cycles :     1000

| QMMM: *** Diagonalization Routine Information ***
| QMMM: Pseudo diagonalizations are allowed.
| QMMM: Auto diagonalization routine selection is in use.
| QMMM:
| QMMM: Timing diagonalization routines:
| QMMM:                              norbs =       24
| QMMM:    diag iterations used for timing =       20
| QMMM:
| QMMM:              Internal diag routine = 0.012861 seconds
| QMMM:                 Dspev diag routine = 0.048434 seconds
| QMMM:                Dspevd diag routine = 0.043433 seconds
| QMMM:                Dspevx diag routine = 0.058198 seconds
| QMMM:                 Dsyev diag routine = 0.045383 seconds
| QMMM:                Dsyevd diag routine = 0.045757 seconds
| QMMM:                Dsyevr diag routine = 0.029632 seconds
| QMMM:
| QMMM:                Pseudo diag routine = 0.006546 seconds
| QMMM:
| QMMM: Using internal diagonalization routine (diag_routine=1).

  QMMM: QM Region Cartesian Coordinates (*=link atom) 
  QMMM: QM_NO.   MM_NO.  ATOM         X         Y         Z
  QMMM:     1        1      O       -0.8680   -0.9890   -0.6420
  QMMM:     2        2      C        0.5530   -1.0240   -0.6630
  QMMM:     3        3      C        1.0540   -0.8960   -2.0940
  QMMM:     4        4      C        2.5700   -0.9220   -2.1640
  QMMM:     5        5      H       -1.1410   -0.1100   -0.9560
  QMMM:     6        6      H        0.9300   -0.2130   -0.0320
  QMMM:     7        7      H        0.8720   -1.9750   -0.2240
  QMMM:     8        8      H        0.6380   -1.7080   -2.7010
  QMMM:     9        9      H        0.6770    0.0340   -2.5370
  QMMM:    10       10      H        2.9670   -1.8450   -1.7300
  QMMM:    11       11      H        2.9030   -0.8660   -3.2060
  QMMM:    12       12      H        3.0010   -0.0740   -1.6230

--------------------------------------------------------------------------------
  RESULTS
--------------------------------------------------------------------------------

      iter         sqm energy              rms gradient
      ----    -------------------    -----------------------
xmin    10      -71.1947 kcal/mol        0.2177 kcal/(mol*A)
xmin    20      -71.2081 kcal/mol        0.1389 kcal/(mol*A)
  ... geometry converged !
 
 Final MO eigenvalues (eV):
 -38.4183  -33.9584  -26.6652  -22.4641  -18.1058  -16.2099  -15.3999  -14.7197
 -13.5150  -12.7799  -12.3237  -11.5969  -10.9494    3.5951    3.6533    3.8632
   4.1736    4.2726    4.5528    4.6761    4.8069    4.8965    5.0394    6.3171


 Heat of formation   =        -71.21350667 kcal/mol  (       -3.08804938 eV)

 Total SCF energy    =     -18810.73263807 kcal/mol  (     -815.69457691 eV)
 Electronic energy   =     -60361.19297504 kcal/mol  (    -2617.45774143 eV)
 Core-core repulsion =      41550.46033698 kcal/mol  (     1801.76316452 eV)
 
    Atomic Charges for Step       1 :
  Atom    Element       Mulliken Charge
     1      O                 -0.326
     2      C                 -0.024
     3      C                 -0.199
     4      C                 -0.209
     5      H                  0.195
     6      H                  0.062
     7      H                  0.105
     8      H                  0.094
     9      H                  0.077
    10      H                  0.076
    11      H                  0.077
    12      H                  0.073
 Total Mulliken Charge =      -0.000
 
                  X        Y        Z     TOTAL  
  QM DIPOLE     1.123    1.017   -0.745    1.688
 
 Final Structure

  QMMM: QM Region Cartesian Coordinates (*=link atom) 
  QMMM: QM_NO.   MM_NO.  ATOM         X         Y         Z
  QMMM:     1        1      O       -0.8550   -1.0104   -0.6031
  QMMM:     2        2      C        0.5580   -0.9965   -0.6688
  QMMM:     3        3      C        1.0582   -0.8728   -2.0979
  QMMM:     4        4      C        2.5612   -0.9297   -2.1550
  QMMM:     5        5      H       -1.1697   -0.2026   -1.0256
  QMMM:     6        6      H        0.9630   -0.1584   -0.0398
  QMMM:     7        7      H        0.8686   -1.9776   -0.2184
  QMMM:     8        8      H        0.6170   -1.7001   -2.7135
  QMMM:     9        9      H        0.6956    0.0942   -2.5363
  QMMM:    10       10      H        2.9353   -1.8965   -1.7388
  QMMM:    11       11      H        2.9124   -0.8418   -3.2115
  QMMM:    12       12      H        3.0114   -0.0960   -1.5633

           --------- Calculation Completed ----------

